0 verbose cli C:\Program Files\nodejs\node.exe C:\Program Files\nodejs\node_modules\npm\bin\npm-cli.js
1 info using npm@10.9.2
2 info using node@v22.13.0
3 silly config load:file:C:\Program Files\nodejs\node_modules\npm\npmrc
4 silly config load:file:C:\Users\yuya2\tech0\STEP3-2\zukiraku_frontend\.npmrc
5 silly config load:file:C:\Users\yuya2\.npmrc
6 silly config load:file:C:\Users\yuya2\tech0\STEP3-2\zukiraku_frontend\npm-global\etc\npmrc
7 verbose title npm install @types/react @types/node
8 verbose argv "install" "--save-exact" "--save-dev" "@types/react" "@types/node"
9 verbose logfile logs-max:10 dir:C:\Users\yuya2\tech0\STEP3-2\zukiraku_frontend\npm-cache\_logs\2025-04-04T17_46_26_988Z-
10 verbose logfile C:\Users\yuya2\tech0\STEP3-2\zukiraku_frontend\npm-cache\_logs\2025-04-04T17_46_26_988Z-debug-0.log
11 silly logfile done cleaning log files
12 silly packumentCache heap:17063477248 maxSize:4265869312 maxEntrySize:2132934656
13 silly idealTree buildDeps
14 silly fetch manifest @types/react@*
15 silly packumentCache full:https://registry.npmjs.org/@types%2freact cache-miss
16 http fetch GET 200 https://registry.npmjs.org/@types%2freact 296ms (cache miss)
17 silly packumentCache full:https://registry.npmjs.org/@types%2freact set size:undefined disposed:false
18 silly fetch manifest @types/node@*
19 silly packumentCache full:https://registry.npmjs.org/@types%2fnode cache-miss
20 http fetch GET 200 https://registry.npmjs.org/@types%2fnode 161ms (cache miss)
21 silly packumentCache full:https://registry.npmjs.org/@types%2fnode set size:undefined disposed:false
22 silly placeDep ROOT @types/node@22.14.0 OK for: frontend@0.1.0 want: *
23 silly placeDep ROOT @types/react@19.1.0 OK for: frontend@0.1.0 want: *
24 silly fetch manifest undici-types@~6.21.0
25 silly packumentCache full:https://registry.npmjs.org/undici-types cache-miss
26 silly fetch manifest csstype@^3.0.2
27 silly packumentCache full:https://registry.npmjs.org/csstype cache-miss
28 http fetch GET 200 https://registry.npmjs.org/undici-types 47ms (cache miss)
29 silly packumentCache full:https://registry.npmjs.org/undici-types set size:undefined disposed:false
30 http fetch GET 200 https://registry.npmjs.org/csstype 57ms (cache miss)
31 silly packumentCache full:https://registry.npmjs.org/csstype set size:undefined disposed:false
32 silly placeDep ROOT undici-types@6.21.0 OK for: @types/node@22.14.0 want: ~6.21.0
33 silly placeDep ROOT csstype@3.1.3 OK for: @types/react@19.1.0 want: ^3.0.2
34 silly fetch manifest eslint@^8.57.0 || ^9.0.0
35 silly packumentCache full:https://registry.npmjs.org/eslint cache-miss
36 http fetch GET 200 https://registry.npmjs.org/eslint 63ms (cache updated)
37 silly packumentCache full:https://registry.npmjs.org/eslint set size:undefined disposed:false
38 silly fetch manifest jiti@*
39 silly packumentCache full:https://registry.npmjs.org/jiti cache-miss
40 http fetch GET 200 https://registry.npmjs.org/jiti 137ms (cache updated)
41 silly packumentCache full:https://registry.npmjs.org/jiti set size:undefined disposed:false
42 warn ERESOLVE overriding peer dependency {
42 warn ERESOLVE   code: 'ERESOLVE',
42 warn ERESOLVE   edge: {
42 warn ERESOLVE     type: 'peer',
42 warn ERESOLVE     name: 'eslint',
42 warn ERESOLVE     spec: '^8.57.0 || ^9.0.0',
42 warn ERESOLVE     error: 'INVALID',
42 warn ERESOLVE     from: {
42 warn ERESOLVE       name: '@typescript-eslint/eslint-plugin',
42 warn ERESOLVE       version: '8.19.0',
42 warn ERESOLVE       location: 'node_modules/eslint-config-next/node_modules/@typescript-eslint/eslint-plugin',
42 warn ERESOLVE       isWorkspace: false,
42 warn ERESOLVE       dependents: [Array]
42 warn ERESOLVE     }
42 warn ERESOLVE   },
42 warn ERESOLVE   dep: {
42 warn ERESOLVE     name: 'eslint',
42 warn ERESOLVE     version: '9.23.0',
42 warn ERESOLVE     whileInstalling: {
42 warn ERESOLVE       name: '@typescript-eslint/eslint-plugin',
42 warn ERESOLVE       version: '8.19.0',
42 warn ERESOLVE       path: 'C:\\Users\\yuya2\\tech0\\STEP3-2\\zukiraku_frontend\\node_modules\\eslint-config-next\\node_modules\\@typescript-eslint\\eslint-plugin'
42 warn ERESOLVE     },
42 warn ERESOLVE     location: 'node_modules/eslint',
42 warn ERESOLVE     isWorkspace: false,
42 warn ERESOLVE     dependents: [ [Object] ]
42 warn ERESOLVE   },
42 warn ERESOLVE   force: false,
42 warn ERESOLVE   isMine: false,
42 warn ERESOLVE   strictPeerDeps: false,
42 warn ERESOLVE   current: {
42 warn ERESOLVE     name: 'eslint',
42 warn ERESOLVE     version: '8.55.0',
42 warn ERESOLVE     location: 'node_modules/eslint',
42 warn ERESOLVE     isWorkspace: false,
42 warn ERESOLVE     dependents: [
42 warn ERESOLVE       [Object], [Object],
42 warn ERESOLVE       [Object], [Object],
42 warn ERESOLVE       [Object], [Object],
42 warn ERESOLVE       [Object], [Object]
42 warn ERESOLVE     ]
42 warn ERESOLVE   },
42 warn ERESOLVE   peerConflict: {
42 warn ERESOLVE     current: {
42 warn ERESOLVE       name: 'eslint',
42 warn ERESOLVE       version: '8.55.0',
42 warn ERESOLVE       location: 'node_modules/eslint',
42 warn ERESOLVE       isWorkspace: false,
42 warn ERESOLVE       dependents: [Array]
42 warn ERESOLVE     },
42 warn ERESOLVE     peer: {
42 warn ERESOLVE       name: 'eslint',
42 warn ERESOLVE       version: '9.23.0',
42 warn ERESOLVE       whileInstalling: [Object],
42 warn ERESOLVE       location: 'node_modules/eslint',
42 warn ERESOLVE       isWorkspace: false,
42 warn ERESOLVE       dependents: [Array]
42 warn ERESOLVE     }
42 warn ERESOLVE   }
42 warn ERESOLVE }
43 warn ERESOLVE overriding peer dependency {
43 warn ERESOLVE   code: 'ERESOLVE',
43 warn ERESOLVE   edge: {
43 warn ERESOLVE     type: 'peer',
43 warn ERESOLVE     name: 'eslint',
43 warn ERESOLVE     spec: '^8.57.0 || ^9.0.0',
43 warn ERESOLVE     error: 'INVALID',
43 warn ERESOLVE     from: {
43 warn ERESOLVE       name: '@typescript-eslint/parser',
43 warn ERESOLVE       version: '8.19.0',
43 warn ERESOLVE       location: 'node_modules/eslint-config-next/node_modules/@typescript-eslint/parser',
43 warn ERESOLVE       isWorkspace: false,
43 warn ERESOLVE       dependents: [Array]
43 warn ERESOLVE     }
43 warn ERESOLVE   },
43 warn ERESOLVE   dep: {
43 warn ERESOLVE     name: 'eslint',
43 warn ERESOLVE     version: '9.23.0',
43 warn ERESOLVE     whileInstalling: {
43 warn ERESOLVE       name: '@typescript-eslint/parser',
43 warn ERESOLVE       version: '8.19.0',
43 warn ERESOLVE       path: 'C:\\Users\\yuya2\\tech0\\STEP3-2\\zukiraku_frontend\\node_modules\\eslint-config-next\\node_modules\\@typescript-eslint\\parser'
43 warn ERESOLVE     },
43 warn ERESOLVE     location: 'node_modules/eslint',
43 warn ERESOLVE     isWorkspace: false,
43 warn ERESOLVE     dependents: [ [Object] ]
43 warn ERESOLVE   },
43 warn ERESOLVE   force: false,
43 warn ERESOLVE   isMine: false,
43 warn ERESOLVE   strictPeerDeps: false,
43 warn ERESOLVE   current: {
43 warn ERESOLVE     name: 'eslint',
43 warn ERESOLVE     version: '8.55.0',
43 warn ERESOLVE     location: 'node_modules/eslint',
43 warn ERESOLVE     isWorkspace: false,
43 warn ERESOLVE     dependents: [
43 warn ERESOLVE       [Object], [Object],
43 warn ERESOLVE       [Object], [Object],
43 warn ERESOLVE       [Object], [Object],
43 warn ERESOLVE       [Object], [Object]
43 warn ERESOLVE     ]
43 warn ERESOLVE   },
43 warn ERESOLVE   peerConflict: {
43 warn ERESOLVE     current: {
43 warn ERESOLVE       name: 'eslint',
43 warn ERESOLVE       version: '8.55.0',
43 warn ERESOLVE       location: 'node_modules/eslint',
43 warn ERESOLVE       isWorkspace: false,
43 warn ERESOLVE       dependents: [Array]
43 warn ERESOLVE     },
43 warn ERESOLVE     peer: {
43 warn ERESOLVE       name: 'eslint',
43 warn ERESOLVE       version: '9.23.0',
43 warn ERESOLVE       whileInstalling: [Object],
43 warn ERESOLVE       location: 'node_modules/eslint',
43 warn ERESOLVE       isWorkspace: false,
43 warn ERESOLVE       dependents: [Array]
43 warn ERESOLVE     }
43 warn ERESOLVE   }
43 warn ERESOLVE }
44 warn ERESOLVE overriding peer dependency {
44 warn ERESOLVE   code: 'ERESOLVE',
44 warn ERESOLVE   edge: {
44 warn ERESOLVE     type: 'peer',
44 warn ERESOLVE     name: 'eslint',
44 warn ERESOLVE     spec: '^8.57.0 || ^9.0.0',
44 warn ERESOLVE     error: 'INVALID',
44 warn ERESOLVE     from: {
44 warn ERESOLVE       name: '@typescript-eslint/type-utils',
44 warn ERESOLVE       version: '8.19.0',
44 warn ERESOLVE       location: 'node_modules/eslint-config-next/node_modules/@typescript-eslint/eslint-plugin/node_modules/@typescript-eslint/type-utils',
44 warn ERESOLVE       isWorkspace: false,
44 warn ERESOLVE       dependents: [Array]
44 warn ERESOLVE     }
44 warn ERESOLVE   },
44 warn ERESOLVE   dep: {
44 warn ERESOLVE     name: 'eslint',
44 warn ERESOLVE     version: '9.23.0',
44 warn ERESOLVE     whileInstalling: {
44 warn ERESOLVE       name: '@typescript-eslint/type-utils',
44 warn ERESOLVE       version: '8.19.0',
44 warn ERESOLVE       path: 'C:\\Users\\yuya2\\tech0\\STEP3-2\\zukiraku_frontend\\node_modules\\eslint-config-next\\node_modules\\@typescript-eslint\\eslint-plugin\\node_modules\\@typescript-eslint\\type-utils'
44 warn ERESOLVE     },
44 warn ERESOLVE     location: 'node_modules/eslint',
44 warn ERESOLVE     isWorkspace: false,
44 warn ERESOLVE     dependents: [ [Object] ]
44 warn ERESOLVE   },
44 warn ERESOLVE   force: false,
44 warn ERESOLVE   isMine: false,
44 warn ERESOLVE   strictPeerDeps: false,
44 warn ERESOLVE   current: {
44 warn ERESOLVE     name: 'eslint',
44 warn ERESOLVE     version: '8.55.0',
44 warn ERESOLVE     location: 'node_modules/eslint',
44 warn ERESOLVE     isWorkspace: false,
44 warn ERESOLVE     dependents: [
44 warn ERESOLVE       [Object], [Object],
44 warn ERESOLVE       [Object], [Object],
44 warn ERESOLVE       [Object], [Object],
44 warn ERESOLVE       [Object], [Object]
44 warn ERESOLVE     ]
44 warn ERESOLVE   },
44 warn ERESOLVE   peerConflict: {
44 warn ERESOLVE     current: {
44 warn ERESOLVE       name: 'eslint',
44 warn ERESOLVE       version: '8.55.0',
44 warn ERESOLVE       location: 'node_modules/eslint',
44 warn ERESOLVE       isWorkspace: false,
44 warn ERESOLVE       dependents: [Array]
44 warn ERESOLVE     },
44 warn ERESOLVE     peer: {
44 warn ERESOLVE       name: 'eslint',
44 warn ERESOLVE       version: '9.23.0',
44 warn ERESOLVE       whileInstalling: [Object],
44 warn ERESOLVE       location: 'node_modules/eslint',
44 warn ERESOLVE       isWorkspace: false,
44 warn ERESOLVE       dependents: [Array]
44 warn ERESOLVE     }
44 warn ERESOLVE   }
44 warn ERESOLVE }
45 warn ERESOLVE overriding peer dependency {
45 warn ERESOLVE   code: 'ERESOLVE',
45 warn ERESOLVE   edge: {
45 warn ERESOLVE     type: 'peer',
45 warn ERESOLVE     name: 'eslint',
45 warn ERESOLVE     spec: '^8.57.0 || ^9.0.0',
45 warn ERESOLVE     error: 'INVALID',
45 warn ERESOLVE     from: {
45 warn ERESOLVE       name: '@typescript-eslint/utils',
45 warn ERESOLVE       version: '8.19.0',
45 warn ERESOLVE       location: 'node_modules/eslint-config-next/node_modules/@typescript-eslint/eslint-plugin/node_modules/@typescript-eslint/utils',
45 warn ERESOLVE       isWorkspace: false,
45 warn ERESOLVE       dependents: [Array]
45 warn ERESOLVE     }
45 warn ERESOLVE   },
45 warn ERESOLVE   dep: {
45 warn ERESOLVE     name: 'eslint',
45 warn ERESOLVE     version: '9.23.0',
45 warn ERESOLVE     whileInstalling: {
45 warn ERESOLVE       name: '@typescript-eslint/utils',
45 warn ERESOLVE       version: '8.19.0',
45 warn ERESOLVE       path: 'C:\\Users\\yuya2\\tech0\\STEP3-2\\zukiraku_frontend\\node_modules\\eslint-config-next\\node_modules\\@typescript-eslint\\eslint-plugin\\node_modules\\@typescript-eslint\\utils'
45 warn ERESOLVE     },
45 warn ERESOLVE     location: 'node_modules/eslint',
45 warn ERESOLVE     isWorkspace: false,
45 warn ERESOLVE     dependents: [ [Object] ]
45 warn ERESOLVE   },
45 warn ERESOLVE   force: false,
45 warn ERESOLVE   isMine: false,
45 warn ERESOLVE   strictPeerDeps: false,
45 warn ERESOLVE   current: {
45 warn ERESOLVE     name: 'eslint',
45 warn ERESOLVE     version: '8.55.0',
45 warn ERESOLVE     location: 'node_modules/eslint',
45 warn ERESOLVE     isWorkspace: false,
45 warn ERESOLVE     dependents: [
45 warn ERESOLVE       [Object], [Object],
45 warn ERESOLVE       [Object], [Object],
45 warn ERESOLVE       [Object], [Object],
45 warn ERESOLVE       [Object], [Object]
45 warn ERESOLVE     ]
45 warn ERESOLVE   },
45 warn ERESOLVE   peerConflict: {
45 warn ERESOLVE     current: {
45 warn ERESOLVE       name: 'eslint',
45 warn ERESOLVE       version: '8.55.0',
45 warn ERESOLVE       location: 'node_modules/eslint',
45 warn ERESOLVE       isWorkspace: false,
45 warn ERESOLVE       dependents: [Array]
45 warn ERESOLVE     },
45 warn ERESOLVE     peer: {
45 warn ERESOLVE       name: 'eslint',
45 warn ERESOLVE       version: '9.23.0',
45 warn ERESOLVE       whileInstalling: [Object],
45 warn ERESOLVE       location: 'node_modules/eslint',
45 warn ERESOLVE       isWorkspace: false,
45 warn ERESOLVE       dependents: [Array]
45 warn ERESOLVE     }
45 warn ERESOLVE   }
45 warn ERESOLVE }
46 silly reify moves {}
47 silly audit bulk request {
47 silly audit   '@aashutoshrathi/word-wrap': [ '1.2.6' ],
47 silly audit   '@alloc/quick-lru': [ '5.2.0' ],
47 silly audit   '@emnapi/runtime': [ '1.3.1' ],
47 silly audit   '@eslint-community/eslint-utils': [ '4.4.0' ],
47 silly audit   '@eslint-community/regexpp': [ '4.10.0' ],
47 silly audit   '@eslint/eslintrc': [ '2.1.4' ],
47 silly audit   '@eslint/js': [ '8.55.0' ],
47 silly audit   '@humanwhocodes/config-array': [ '0.11.13' ],
47 silly audit   '@humanwhocodes/module-importer': [ '1.0.1' ],
47 silly audit   '@humanwhocodes/object-schema': [ '2.0.1' ],
47 silly audit   '@img/sharp-darwin-arm64': [ '0.33.5' ],
47 silly audit   '@img/sharp-darwin-x64': [ '0.33.5' ],
47 silly audit   '@img/sharp-libvips-darwin-arm64': [ '1.0.4' ],
47 silly audit   '@img/sharp-libvips-darwin-x64': [ '1.0.4' ],
47 silly audit   '@img/sharp-libvips-linux-arm': [ '1.0.5' ],
47 silly audit   '@img/sharp-libvips-linux-arm64': [ '1.0.4' ],
47 silly audit   '@img/sharp-libvips-linux-s390x': [ '1.0.4' ],
47 silly audit   '@img/sharp-libvips-linux-x64': [ '1.0.4' ],
47 silly audit   '@img/sharp-libvips-linuxmusl-arm64': [ '1.0.4' ],
47 silly audit   '@img/sharp-libvips-linuxmusl-x64': [ '1.0.4' ],
47 silly audit   '@img/sharp-linux-arm': [ '0.33.5' ],
47 silly audit   '@img/sharp-linux-arm64': [ '0.33.5' ],
47 silly audit   '@img/sharp-linux-s390x': [ '0.33.5' ],
47 silly audit   '@img/sharp-linux-x64': [ '0.33.5' ],
47 silly audit   '@img/sharp-linuxmusl-arm64': [ '0.33.5' ],
47 silly audit   '@img/sharp-linuxmusl-x64': [ '0.33.5' ],
47 silly audit   '@img/sharp-wasm32': [ '0.33.5' ],
47 silly audit   '@img/sharp-win32-ia32': [ '0.33.5' ],
47 silly audit   '@img/sharp-win32-x64': [ '0.33.5' ],
47 silly audit   '@jridgewell/gen-mapping': [ '0.3.3' ],
47 silly audit   '@jridgewell/resolve-uri': [ '3.1.1' ],
47 silly audit   '@jridgewell/set-array': [ '1.1.2' ],
47 silly audit   '@jridgewell/sourcemap-codec': [ '1.4.15' ],
47 silly audit   '@jridgewell/trace-mapping': [ '0.3.20' ],
47 silly audit   '@next/env': [ '15.1.7' ],
47 silly audit   '@next/eslint-plugin-next': [ '15.1.3' ],
47 silly audit   'fast-glob': [ '3.3.1', '3.3.2' ],
47 silly audit   'glob-parent': [ '5.1.2', '6.0.2' ],
47 silly audit   '@next/swc-darwin-arm64': [ '15.1.7' ],
47 silly audit   '@next/swc-darwin-x64': [ '15.1.7' ],
47 silly audit   '@next/swc-linux-arm64-gnu': [ '15.1.7' ],
47 silly audit   '@next/swc-linux-arm64-musl': [ '15.1.7' ],
47 silly audit   '@next/swc-linux-x64-gnu': [ '15.1.7' ],
47 silly audit   '@next/swc-linux-x64-musl': [ '15.1.7' ],
47 silly audit   '@next/swc-win32-arm64-msvc': [ '15.1.7' ],
47 silly audit   '@next/swc-win32-x64-msvc': [ '15.1.7' ],
47 silly audit   '@nodelib/fs.scandir': [ '2.1.5' ],
47 silly audit   '@nodelib/fs.stat': [ '2.0.5' ],
47 silly audit   '@nodelib/fs.walk': [ '1.2.8' ],
47 silly audit   '@rtsao/scc': [ '1.1.0' ],
47 silly audit   '@rushstack/eslint-patch': [ '1.10.4' ],
47 silly audit   '@swc/counter': [ '0.1.3' ],
47 silly audit   '@swc/helpers': [ '0.5.15' ],
47 silly audit   '@types/json5': [ '0.0.29' ],
47 silly audit   '@ungap/structured-clone': [ '1.2.0' ],
47 silly audit   acorn: [ '8.11.2' ],
47 silly audit   'acorn-jsx': [ '5.3.2' ],
47 silly audit   ajv: [ '6.12.6' ],
47 silly audit   'ansi-regex': [ '5.0.1' ],
47 silly audit   'ansi-styles': [ '4.3.0' ],
47 silly audit   'any-promise': [ '1.3.0' ],
47 silly audit   anymatch: [ '3.1.3' ],
47 silly audit   arg: [ '5.0.2' ],
47 silly audit   argparse: [ '2.0.1' ],
47 silly audit   'aria-query': [ '5.3.2' ],
47 silly audit   'array-buffer-byte-length': [ '1.0.2' ],
47 silly audit   'array-includes': [ '3.1.8' ],
47 silly audit   'array.prototype.findlast': [ '1.2.5' ],
47 silly audit   'array.prototype.findlastindex': [ '1.2.5' ],
47 silly audit   'array.prototype.flat': [ '1.3.2' ],
47 silly audit   'array.prototype.flatmap': [ '1.3.3' ],
47 silly audit   'array.prototype.tosorted': [ '1.1.4' ],
47 silly audit   'arraybuffer.prototype.slice': [ '1.0.4' ],
47 silly audit   'ast-types-flow': [ '0.0.8' ],
47 silly audit   autoprefixer: [ '10.4.16' ],
47 silly audit   'available-typed-arrays': [ '1.0.7' ],
47 silly audit   'axe-core': [ '4.10.2' ],
47 silly audit   'axobject-query': [ '4.1.0' ],
47 silly audit   'balanced-match': [ '1.0.2' ],
47 silly audit   'binary-extensions': [ '2.2.0' ],
47 silly audit   'brace-expansion': [ '1.1.11', '2.0.1' ],
47 silly audit   braces: [ '3.0.2' ],
47 silly audit   browserslist: [ '4.22.2' ],
47 silly audit   busboy: [ '1.6.0' ],
47 silly audit   'call-bind': [ '1.0.8' ],
47 silly audit   'call-bind-apply-helpers': [ '1.0.1' ],
47 silly audit   'call-bound': [ '1.0.3' ],
47 silly audit   callsites: [ '3.1.0' ],
47 silly audit   'camelcase-css': [ '2.0.1' ],
47 silly audit   'caniuse-lite': [ '1.0.30001690' ],
47 silly audit   chalk: [ '4.1.2' ],
47 silly audit   chokidar: [ '3.5.3' ],
47 silly audit   'client-only': [ '0.0.1' ],
47 silly audit   color: [ '4.2.3' ],
47 silly audit   'color-convert': [ '2.0.1' ],
47 silly audit   'color-name': [ '1.1.4' ],
47 silly audit   'color-string': [ '1.9.1' ],
47 silly audit   commander: [ '4.1.1' ],
47 silly audit   'concat-map': [ '0.0.1' ],
47 silly audit   'cross-spawn': [ '7.0.3' ],
47 silly audit   'css-selector-tokenizer': [ '0.8.0' ],
47 silly audit   cssesc: [ '3.0.0' ],
47 silly audit   culori: [ '3.3.0' ],
47 silly audit   daisyui: [ '4.4.19' ],
47 silly audit   'damerau-levenshtein': [ '1.0.8' ],
47 silly audit   'data-view-buffer': [ '1.0.2' ],
47 silly audit   'data-view-byte-length': [ '1.0.2' ],
47 silly audit   'data-view-byte-offset': [ '1.0.1' ],
47 silly audit   debug: [ '4.3.4', '3.2.7' ],
47 silly audit   'deep-is': [ '0.1.4' ],
47 silly audit   'define-data-property': [ '1.1.4' ],
47 silly audit   'define-properties': [ '1.2.1' ],
47 silly audit   'detect-libc': [ '2.0.3' ],
47 silly audit   didyoumean: [ '1.2.2' ],
47 silly audit   dlv: [ '1.1.3' ],
47 silly audit   doctrine: [ '3.0.0', '2.1.0' ],
47 silly audit   dotenv: [ '16.4.1' ],
47 silly audit   'dunder-proto': [ '1.0.1' ],
47 silly audit   'electron-to-chromium': [ '1.4.605' ],
47 silly audit   'emoji-regex': [ '9.2.2' ],
47 silly audit   'enhanced-resolve': [ '5.15.0' ],
47 silly audit   'es-abstract': [ '1.23.9' ],
47 silly audit   'es-define-property': [ '1.0.1' ],
47 silly audit   'es-errors': [ '1.3.0' ],
47 silly audit   'es-iterator-helpers': [ '1.2.1' ],
47 silly audit   'es-object-atoms': [ '1.0.0' ],
47 silly audit   'es-set-tostringtag': [ '2.1.0' ],
47 silly audit   'es-shim-unscopables': [ '1.0.2' ],
47 silly audit   'es-to-primitive': [ '1.3.0' ],
47 silly audit   escalade: [ '3.1.1' ],
47 silly audit   'escape-string-regexp': [ '4.0.0' ],
47 silly audit   eslint: [ '8.55.0' ],
47 silly audit   'eslint-config-next': [ '15.1.3' ],
47 silly audit   '@typescript-eslint/eslint-plugin': [ '8.19.0' ],
47 silly audit   '@typescript-eslint/type-utils': [ '8.19.0' ],
47 silly audit   '@typescript-eslint/utils': [ '8.19.0' ],
47 silly audit   '@typescript-eslint/parser': [ '8.19.0' ],
47 silly audit   '@typescript-eslint/scope-manager': [ '8.19.0' ],
47 silly audit   '@typescript-eslint/types': [ '8.19.0' ],
47 silly audit   '@typescript-eslint/typescript-estree': [ '8.19.0' ],
47 silly audit   '@typescript-eslint/visitor-keys': [ '8.19.0' ],
47 silly audit   'eslint-visitor-keys': [ '4.2.0', '3.4.3' ],
47 silly audit   minimatch: [ '9.0.5', '3.1.2' ],
47 silly audit   'eslint-import-resolver-node': [ '0.3.9' ],
47 silly audit   'eslint-import-resolver-typescript': [ '3.6.1' ],
47 silly audit   'eslint-module-utils': [ '2.12.0' ],
47 silly audit   'eslint-plugin-import': [ '2.31.0' ],
47 silly audit   semver: [ '6.3.1', '7.6.3' ],
47 silly audit   'eslint-plugin-jsx-a11y': [ '6.10.2' ],
47 silly audit   'eslint-plugin-react': [ '7.37.3' ],
47 silly audit   'eslint-plugin-react-hooks': [ '5.1.0' ],
47 silly audit   resolve: [ '2.0.0-next.5', '1.22.8' ],
47 silly audit   'eslint-scope': [ '7.2.2' ],
47 silly audit   espree: [ '9.6.1' ],
47 silly audit   esquery: [ '1.5.0' ],
47 silly audit   esrecurse: [ '4.3.0' ],
47 silly audit   estraverse: [ '5.3.0' ],
47 silly audit   esutils: [ '2.0.3' ],
47 silly audit   'fast-deep-equal': [ '3.1.3' ],
47 silly audit   'fast-json-stable-stringify': [ '2.1.0' ],
47 silly audit   'fast-levenshtein': [ '2.0.6' ],
47 silly audit   fastparse: [ '1.1.2' ],
47 silly audit   fastq: [ '1.15.0' ],
47 silly audit   'file-entry-cache': [ '6.0.1' ],
47 silly audit   'fill-range': [ '7.0.1' ],
47 silly audit   'find-up': [ '5.0.0' ],
47 silly audit   'flat-cache': [ '3.2.0' ],
47 silly audit   flatted: [ '3.2.9' ],
47 silly audit   'for-each': [ '0.3.3' ],
47 silly audit   'fraction.js': [ '4.3.7' ],
47 silly audit   'fs.realpath': [ '1.0.0' ],
47 silly audit   fsevents: [ '2.3.3' ],
47 silly audit   'function-bind': [ '1.1.2' ],
47 silly audit   'function.prototype.name': [ '1.1.8' ],
47 silly audit   'functions-have-names': [ '1.2.3' ],
47 silly audit   'get-intrinsic': [ '1.2.7' ],
47 silly audit   'get-proto': [ '1.0.1' ],
47 silly audit   'get-symbol-description': [ '1.1.0' ],
47 silly audit   'get-tsconfig': [ '4.7.2' ],
47 silly audit   glob: [ '7.1.7', '7.1.6' ],
47 silly audit   globals: [ '13.23.0' ],
47 silly audit   globalthis: [ '1.0.4' ],
47 silly audit   gopd: [ '1.2.0' ],
47 silly audit   'graceful-fs': [ '4.2.11' ],
47 silly audit   graphemer: [ '1.4.0' ],
47 silly audit   'has-bigints': [ '1.1.0' ],
47 silly audit   'has-flag': [ '4.0.0' ],
47 silly audit   'has-property-descriptors': [ '1.0.2' ],
47 silly audit   'has-proto': [ '1.2.0' ],
47 silly audit   'has-symbols': [ '1.1.0' ],
47 silly audit   'has-tostringtag': [ '1.0.2' ],
47 silly audit   hasown: [ '2.0.2' ],
47 silly audit   ignore: [ '5.3.2' ],
47 silly audit   'import-fresh': [ '3.3.0' ],
47 silly audit   imurmurhash: [ '0.1.4' ],
47 silly audit   inflight: [ '1.0.6' ],
47 silly audit   inherits: [ '2.0.4' ],
47 silly audit   'internal-slot': [ '1.1.0' ],
47 silly audit   'is-array-buffer': [ '3.0.5' ],
47 silly audit   'is-arrayish': [ '0.3.2' ],
47 silly audit   'is-async-function': [ '2.1.0' ],
47 silly audit   'is-bigint': [ '1.1.0' ],
47 silly audit   'is-binary-path': [ '2.1.0' ],
47 silly audit   'is-boolean-object': [ '1.2.1' ],
47 silly audit   'is-callable': [ '1.2.7' ],
47 silly audit   'is-core-module': [ '2.16.1' ],
47 silly audit   'is-data-view': [ '1.0.2' ],
47 silly audit   'is-date-object': [ '1.1.0' ],
47 silly audit   'is-extglob': [ '2.1.1' ],
47 silly audit   'is-finalizationregistry': [ '1.1.1' ],
47 silly audit   'is-generator-function': [ '1.1.0' ],
47 silly audit   'is-glob': [ '4.0.3' ],
47 silly audit   'is-map': [ '2.0.3' ],
47 silly audit   'is-number': [ '7.0.0' ],
47 silly audit   'is-number-object': [ '1.1.1' ],
47 silly audit   'is-path-inside': [ '3.0.3' ],
47 silly audit   'is-regex': [ '1.2.1' ],
47 silly audit   'is-set': [ '2.0.3' ],
47 silly audit   'is-shared-array-buffer': [ '1.0.4' ],
47 silly audit   'is-string': [ '1.1.1' ],
47 silly audit   'is-symbol': [ '1.1.1' ],
47 silly audit   'is-typed-array': [ '1.1.15' ],
47 silly audit   'is-weakmap': [ '2.0.2' ],
47 silly audit   'is-weakref': [ '1.1.0' ],
47 silly audit   'is-weakset': [ '2.0.4' ],
47 silly audit   isarray: [ '2.0.5' ],
47 silly audit   isexe: [ '2.0.0' ],
47 silly audit   'iterator.prototype': [ '1.1.5' ],
47 silly audit   jiti: [ '1.21.0' ],
47 silly audit   'js-tokens': [ '4.0.0' ],
47 silly audit   'js-yaml': [ '4.1.0' ],
47 silly audit   'json-buffer': [ '3.0.1' ],
47 silly audit   'json-schema-traverse': [ '0.4.1' ],
47 silly audit   'json-stable-stringify-without-jsonify': [ '1.0.1' ],
47 silly audit   json5: [ '1.0.2' ],
47 silly audit   'jsx-ast-utils': [ '3.3.5' ],
47 silly audit   keyv: [ '4.5.4' ],
47 silly audit   'language-subtag-registry': [ '0.3.23' ],
47 silly audit   'language-tags': [ '1.0.9' ],
47 silly audit   levn: [ '0.4.1' ],
47 silly audit   lilconfig: [ '2.1.0', '3.0.0' ],
47 silly audit   'lines-and-columns': [ '1.2.4' ],
47 silly audit   'locate-path': [ '6.0.0' ],
47 silly audit   'lodash.merge': [ '4.6.2' ],
47 silly audit   'loose-envify': [ '1.4.0' ],
47 silly audit   'math-intrinsics': [ '1.1.0' ],
47 silly audit   merge2: [ '1.4.1' ],
47 silly audit   micromatch: [ '4.0.5' ],
47 silly audit   minimist: [ '1.2.8' ],
47 silly audit   ms: [ '2.1.2' ],
47 silly audit   mz: [ '2.7.0' ],
47 silly audit   nanoid: [ '3.3.7' ],
47 silly audit   'natural-compare': [ '1.4.0' ],
47 silly audit   next: [ '15.1.7' ],
47 silly audit   postcss: [ '8.4.31', '8.4.32' ],
47 silly audit   'node-releases': [ '2.0.14' ],
47 silly audit   'normalize-path': [ '3.0.0' ],
47 silly audit   'normalize-range': [ '0.1.2' ],
47 silly audit   'object-assign': [ '4.1.1' ],
47 silly audit   'object-hash': [ '3.0.0' ],
47 silly audit   'object-inspect': [ '1.13.3' ],
47 silly audit   'object-keys': [ '1.1.1' ],
47 silly audit   'object.assign': [ '4.1.7' ],
47 silly audit   'object.entries': [ '1.1.8' ],
47 silly audit   'object.fromentries': [ '2.0.8' ],
47 silly audit   'object.groupby': [ '1.0.3' ],
47 silly audit   'object.values': [ '1.2.1' ],
47 silly audit   once: [ '1.4.0' ],
47 silly audit   optionator: [ '0.9.3' ],
47 silly audit   'own-keys': [ '1.0.1' ],
47 silly audit   'p-limit': [ '3.1.0' ],
47 silly audit   'p-locate': [ '5.0.0' ],
47 silly audit   'parent-module': [ '1.0.1' ],
47 silly audit   'path-exists': [ '4.0.0' ],
47 silly audit   'path-is-absolute': [ '1.0.1' ],
47 silly audit   'path-key': [ '3.1.1' ],
47 silly audit   'path-parse': [ '1.0.7' ],
47 silly audit   picocolors: [ '1.0.0' ],
47 silly audit   picomatch: [ '2.3.1' ],
47 silly audit   pify: [ '2.3.0' ],
47 silly audit   pirates: [ '4.0.6' ],
47 silly audit   'possible-typed-array-names': [ '1.0.0' ],
47 silly audit   'postcss-import': [ '15.1.0' ],
47 silly audit   'postcss-js': [ '4.0.1' ],
47 silly audit   'postcss-load-config': [ '4.0.2' ],
47 silly audit   'postcss-nested': [ '6.0.1' ],
47 silly audit   'postcss-selector-parser': [ '6.0.13' ],
47 silly audit   'postcss-value-parser': [ '4.2.0' ],
47 silly audit   'prelude-ls': [ '1.2.1' ],
47 silly audit   'prop-types': [ '15.8.1' ],
47 silly audit   punycode: [ '2.3.1' ],
47 silly audit   'queue-microtask': [ '1.2.3' ],
47 silly audit   react: [ '19.0.0' ],
47 silly audit   'react-dom': [ '19.0.0' ],
47 silly audit   'react-is': [ '16.13.1' ],
47 silly audit   'read-cache': [ '1.0.0' ],
47 silly audit   readdirp: [ '3.6.0' ],
47 silly audit   'reflect.getprototypeof': [ '1.0.10' ],
47 silly audit   'regexp.prototype.flags': [ '1.5.4' ],
47 silly audit   'resolve-from': [ '4.0.0' ],
47 silly audit   'resolve-pkg-maps': [ '1.0.0' ],
47 silly audit   reusify: [ '1.0.4' ],
47 silly audit   rimraf: [ '3.0.2' ],
47 silly audit   'run-parallel': [ '1.2.0' ],
47 silly audit   'safe-array-concat': [ '1.1.3' ],
47 silly audit   'safe-push-apply': [ '1.0.0' ],
47 silly audit   'safe-regex-test': [ '1.1.0' ],
47 silly audit   scheduler: [ '0.25.0' ],
47 silly audit   'set-function-length': [ '1.2.2' ],
47 silly audit   'set-function-name': [ '2.0.2' ],
47 silly audit   'set-proto': [ '1.0.0' ],
47 silly audit   sharp: [ '0.33.5' ],
47 silly audit   'shebang-command': [ '2.0.0' ],
47 silly audit   'shebang-regex': [ '3.0.0' ],
47 silly audit   'side-channel': [ '1.1.0' ],
47 silly audit   'side-channel-list': [ '1.0.0' ],
47 silly audit   'side-channel-map': [ '1.0.1' ],
47 silly audit   'side-channel-weakmap': [ '1.0.2' ],
47 silly audit   'simple-swizzle': [ '0.2.2' ],
47 silly audit   'source-map-js': [ '1.0.2' ],
47 silly audit   streamsearch: [ '1.1.0' ],
47 silly audit   'string.prototype.includes': [ '2.0.1' ],
47 silly audit   'string.prototype.matchall': [ '4.0.12' ],
47 silly audit   'string.prototype.repeat': [ '1.0.0' ],
47 silly audit   'string.prototype.trim': [ '1.2.10' ],
47 silly audit   'string.prototype.trimend': [ '1.0.9' ],
47 silly audit   'string.prototype.trimstart': [ '1.0.8' ],
47 silly audit   'strip-ansi': [ '6.0.1' ],
47 silly audit   'strip-bom': [ '3.0.0' ],
47 silly audit   'strip-json-comments': [ '3.1.1' ],
47 silly audit   'styled-jsx': [ '5.1.6' ],
47 silly audit   sucrase: [ '3.34.0' ],
47 silly audit   'supports-color': [ '7.2.0' ],
47 silly audit   'supports-preserve-symlinks-flag': [ '1.0.0' ],
47 silly audit   tailwindcss: [ '3.3.6' ],
47 silly audit   tapable: [ '2.2.1' ],
47 silly audit   'text-table': [ '0.2.0' ],
47 silly audit   thenify: [ '3.3.1' ],
47 silly audit   'thenify-all': [ '1.6.0' ],
47 silly audit   'to-regex-range': [ '5.0.1' ],
47 silly audit   'ts-api-utils': [ '1.4.3' ],
47 silly audit   'ts-interface-checker': [ '0.1.13' ],
47 silly audit   'tsconfig-paths': [ '3.15.0' ],
47 silly audit   tslib: [ '2.8.1' ],
47 silly audit   'type-check': [ '0.4.0' ],
47 silly audit   'type-fest': [ '0.20.2' ],
47 silly audit   'typed-array-buffer': [ '1.0.3' ],
47 silly audit   'typed-array-byte-length': [ '1.0.3' ],
47 silly audit   'typed-array-byte-offset': [ '1.0.4' ],
47 silly audit   'typed-array-length': [ '1.0.7' ],
47 silly audit   typescript: [ '5.3.2' ],
47 silly audit   'unbox-primitive': [ '1.1.0' ],
47 silly audit   'update-browserslist-db': [ '1.0.13' ],
47 silly audit   'uri-js': [ '4.4.1' ],
47 silly audit   'util-deprecate': [ '1.0.2' ],
47 silly audit   which: [ '2.0.2' ],
47 silly audit   'which-boxed-primitive': [ '1.1.1' ],
47 silly audit   'which-builtin-type': [ '1.2.1' ],
47 silly audit   'which-collection': [ '1.0.2' ],
47 silly audit   'which-typed-array': [ '1.1.18' ],
47 silly audit   wrappy: [ '1.0.2' ],
47 silly audit   yaml: [ '2.3.4' ],
47 silly audit   'yocto-queue': [ '0.1.0' ],
47 silly audit   '@types/node': [ '22.14.0' ],
47 silly audit   '@types/react': [ '19.1.0' ],
47 silly audit   'undici-types': [ '6.21.0' ],
47 silly audit   csstype: [ '3.1.3' ]
47 silly audit }
48 verbose reify failed optional dependency C:\Users\yuya2\tech0\STEP3-2\zukiraku_frontend\node_modules\fsevents
49 silly reify mark deleted [
49 silly reify   'C:\\Users\\yuya2\\tech0\\STEP3-2\\zukiraku_frontend\\node_modules\\fsevents'
49 silly reify ]
50 verbose reify failed optional dependency C:\Users\yuya2\tech0\STEP3-2\zukiraku_frontend\node_modules\@next\swc-win32-arm64-msvc
51 silly reify mark deleted [
51 silly reify   'C:\\Users\\yuya2\\tech0\\STEP3-2\\zukiraku_frontend\\node_modules\\@next\\swc-win32-arm64-msvc'
51 silly reify ]
52 verbose reify failed optional dependency C:\Users\yuya2\tech0\STEP3-2\zukiraku_frontend\node_modules\@next\swc-linux-x64-musl
53 silly reify mark deleted [
53 silly reify   'C:\\Users\\yuya2\\tech0\\STEP3-2\\zukiraku_frontend\\node_modules\\@next\\swc-linux-x64-musl'
53 silly reify ]
54 verbose reify failed optional dependency C:\Users\yuya2\tech0\STEP3-2\zukiraku_frontend\node_modules\@next\swc-linux-x64-gnu
55 silly reify mark deleted [
55 silly reify   'C:\\Users\\yuya2\\tech0\\STEP3-2\\zukiraku_frontend\\node_modules\\@next\\swc-linux-x64-gnu'
55 silly reify ]
56 verbose reify failed optional dependency C:\Users\yuya2\tech0\STEP3-2\zukiraku_frontend\node_modules\@next\swc-linux-arm64-musl
57 silly reify mark deleted [
57 silly reify   'C:\\Users\\yuya2\\tech0\\STEP3-2\\zukiraku_frontend\\node_modules\\@next\\swc-linux-arm64-musl'
57 silly reify ]
58 verbose reify failed optional dependency C:\Users\yuya2\tech0\STEP3-2\zukiraku_frontend\node_modules\@next\swc-linux-arm64-gnu
59 silly reify mark deleted [
59 silly reify   'C:\\Users\\yuya2\\tech0\\STEP3-2\\zukiraku_frontend\\node_modules\\@next\\swc-linux-arm64-gnu'
59 silly reify ]
60 verbose reify failed optional dependency C:\Users\yuya2\tech0\STEP3-2\zukiraku_frontend\node_modules\@next\swc-darwin-x64
61 silly reify mark deleted [
61 silly reify   'C:\\Users\\yuya2\\tech0\\STEP3-2\\zukiraku_frontend\\node_modules\\@next\\swc-darwin-x64'
61 silly reify ]
62 verbose reify failed optional dependency C:\Users\yuya2\tech0\STEP3-2\zukiraku_frontend\node_modules\@next\swc-darwin-arm64
63 silly reify mark deleted [
63 silly reify   'C:\\Users\\yuya2\\tech0\\STEP3-2\\zukiraku_frontend\\node_modules\\@next\\swc-darwin-arm64'
63 silly reify ]
64 verbose reify failed optional dependency C:\Users\yuya2\tech0\STEP3-2\zukiraku_frontend\node_modules\@img\sharp-win32-ia32
65 silly reify mark deleted [
65 silly reify   'C:\\Users\\yuya2\\tech0\\STEP3-2\\zukiraku_frontend\\node_modules\\@img\\sharp-win32-ia32'
65 silly reify ]
66 verbose reify failed optional dependency C:\Users\yuya2\tech0\STEP3-2\zukiraku_frontend\node_modules\@img\sharp-wasm32
67 silly reify mark deleted [
67 silly reify   'C:\\Users\\yuya2\\tech0\\STEP3-2\\zukiraku_frontend\\node_modules\\@img\\sharp-wasm32'
67 silly reify ]
68 verbose reify failed optional dependency C:\Users\yuya2\tech0\STEP3-2\zukiraku_frontend\node_modules\@emnapi\runtime
69 silly reify mark deleted [
69 silly reify   'C:\\Users\\yuya2\\tech0\\STEP3-2\\zukiraku_frontend\\node_modules\\@emnapi\\runtime'
69 silly reify ]
70 verbose reify failed optional dependency C:\Users\yuya2\tech0\STEP3-2\zukiraku_frontend\node_modules\@img\sharp-linuxmusl-x64
71 silly reify mark deleted [
71 silly reify   'C:\\Users\\yuya2\\tech0\\STEP3-2\\zukiraku_frontend\\node_modules\\@img\\sharp-linuxmusl-x64'
71 silly reify ]
72 verbose reify failed optional dependency C:\Users\yuya2\tech0\STEP3-2\zukiraku_frontend\node_modules\@img\sharp-linuxmusl-arm64
73 silly reify mark deleted [
73 silly reify   'C:\\Users\\yuya2\\tech0\\STEP3-2\\zukiraku_frontend\\node_modules\\@img\\sharp-linuxmusl-arm64'
73 silly reify ]
74 verbose reify failed optional dependency C:\Users\yuya2\tech0\STEP3-2\zukiraku_frontend\node_modules\@img\sharp-linux-x64
75 silly reify mark deleted [
75 silly reify   'C:\\Users\\yuya2\\tech0\\STEP3-2\\zukiraku_frontend\\node_modules\\@img\\sharp-linux-x64'
75 silly reify ]
76 verbose reify failed optional dependency C:\Users\yuya2\tech0\STEP3-2\zukiraku_frontend\node_modules\@img\sharp-linux-s390x
77 silly reify mark deleted [
77 silly reify   'C:\\Users\\yuya2\\tech0\\STEP3-2\\zukiraku_frontend\\node_modules\\@img\\sharp-linux-s390x'
77 silly reify ]
78 verbose reify failed optional dependency C:\Users\yuya2\tech0\STEP3-2\zukiraku_frontend\node_modules\@img\sharp-linux-arm64
79 silly reify mark deleted [
79 silly reify   'C:\\Users\\yuya2\\tech0\\STEP3-2\\zukiraku_frontend\\node_modules\\@img\\sharp-linux-arm64'
79 silly reify ]
80 verbose reify failed optional dependency C:\Users\yuya2\tech0\STEP3-2\zukiraku_frontend\node_modules\@img\sharp-linux-arm
81 silly reify mark deleted [
81 silly reify   'C:\\Users\\yuya2\\tech0\\STEP3-2\\zukiraku_frontend\\node_modules\\@img\\sharp-linux-arm'
81 silly reify ]
82 verbose reify failed optional dependency C:\Users\yuya2\tech0\STEP3-2\zukiraku_frontend\node_modules\@img\sharp-libvips-linuxmusl-x64
83 silly reify mark deleted [
83 silly reify   'C:\\Users\\yuya2\\tech0\\STEP3-2\\zukiraku_frontend\\node_modules\\@img\\sharp-libvips-linuxmusl-x64'
83 silly reify ]
84 verbose reify failed optional dependency C:\Users\yuya2\tech0\STEP3-2\zukiraku_frontend\node_modules\@img\sharp-libvips-linuxmusl-arm64
85 silly reify mark deleted [
85 silly reify   'C:\\Users\\yuya2\\tech0\\STEP3-2\\zukiraku_frontend\\node_modules\\@img\\sharp-libvips-linuxmusl-arm64'
85 silly reify ]
86 verbose reify failed optional dependency C:\Users\yuya2\tech0\STEP3-2\zukiraku_frontend\node_modules\@img\sharp-libvips-linux-x64
87 silly reify mark deleted [
87 silly reify   'C:\\Users\\yuya2\\tech0\\STEP3-2\\zukiraku_frontend\\node_modules\\@img\\sharp-libvips-linux-x64'
87 silly reify ]
88 verbose reify failed optional dependency C:\Users\yuya2\tech0\STEP3-2\zukiraku_frontend\node_modules\@img\sharp-libvips-linux-s390x
89 silly reify mark deleted [
89 silly reify   'C:\\Users\\yuya2\\tech0\\STEP3-2\\zukiraku_frontend\\node_modules\\@img\\sharp-libvips-linux-s390x'
89 silly reify ]
90 verbose reify failed optional dependency C:\Users\yuya2\tech0\STEP3-2\zukiraku_frontend\node_modules\@img\sharp-libvips-linux-arm64
91 silly reify mark deleted [
91 silly reify   'C:\\Users\\yuya2\\tech0\\STEP3-2\\zukiraku_frontend\\node_modules\\@img\\sharp-libvips-linux-arm64'
91 silly reify ]
92 verbose reify failed optional dependency C:\Users\yuya2\tech0\STEP3-2\zukiraku_frontend\node_modules\@img\sharp-libvips-linux-arm
93 silly reify mark deleted [
93 silly reify   'C:\\Users\\yuya2\\tech0\\STEP3-2\\zukiraku_frontend\\node_modules\\@img\\sharp-libvips-linux-arm'
93 silly reify ]
94 verbose reify failed optional dependency C:\Users\yuya2\tech0\STEP3-2\zukiraku_frontend\node_modules\@img\sharp-libvips-darwin-x64
95 silly reify mark deleted [
95 silly reify   'C:\\Users\\yuya2\\tech0\\STEP3-2\\zukiraku_frontend\\node_modules\\@img\\sharp-libvips-darwin-x64'
95 silly reify ]
96 verbose reify failed optional dependency C:\Users\yuya2\tech0\STEP3-2\zukiraku_frontend\node_modules\@img\sharp-libvips-darwin-arm64
97 silly reify mark deleted [
97 silly reify   'C:\\Users\\yuya2\\tech0\\STEP3-2\\zukiraku_frontend\\node_modules\\@img\\sharp-libvips-darwin-arm64'
97 silly reify ]
98 verbose reify failed optional dependency C:\Users\yuya2\tech0\STEP3-2\zukiraku_frontend\node_modules\@img\sharp-darwin-x64
99 silly reify mark deleted [
99 silly reify   'C:\\Users\\yuya2\\tech0\\STEP3-2\\zukiraku_frontend\\node_modules\\@img\\sharp-darwin-x64'
99 silly reify ]
100 verbose reify failed optional dependency C:\Users\yuya2\tech0\STEP3-2\zukiraku_frontend\node_modules\@img\sharp-darwin-arm64
101 silly reify mark deleted [
101 silly reify   'C:\\Users\\yuya2\\tech0\\STEP3-2\\zukiraku_frontend\\node_modules\\@img\\sharp-darwin-arm64'
101 silly reify ]
102 http cache @types/react@https://registry.npmjs.org/@types/react/-/react-19.1.0.tgz 0ms (cache hit)
103 http cache csstype@https://registry.npmjs.org/csstype/-/csstype-3.1.3.tgz 0ms (cache hit)
104 http cache @types/node@https://registry.npmjs.org/@types/node/-/node-22.14.0.tgz 0ms (cache hit)
105 silly tarball no local data for @types/react@https://registry.npmjs.org/@types/react/-/react-19.1.0.tgz. Extracting by manifest.
106 silly tarball no local data for csstype@https://registry.npmjs.org/csstype/-/csstype-3.1.3.tgz. Extracting by manifest.
107 http cache undici-types@https://registry.npmjs.org/undici-types/-/undici-types-6.21.0.tgz 0ms (cache hit)
108 silly tarball no local data for @types/node@https://registry.npmjs.org/@types/node/-/node-22.14.0.tgz. Extracting by manifest.
109 http cache @emnapi/runtime@https://registry.npmjs.org/@emnapi/runtime/-/runtime-1.3.1.tgz 0ms (cache hit)
110 silly tarball no local data for undici-types@https://registry.npmjs.org/undici-types/-/undici-types-6.21.0.tgz. Extracting by manifest.
111 http fetch GET 200 https://registry.npmjs.org/csstype/-/csstype-3.1.3.tgz 86ms (cache miss)
112 http fetch GET 200 https://registry.npmjs.org/undici-types/-/undici-types-6.21.0.tgz 99ms (cache miss)
113 http fetch GET 200 https://registry.npmjs.org/@types/react/-/react-19.1.0.tgz 154ms (cache miss)
114 http fetch POST 200 https://registry.npmjs.org/-/npm/v1/security/advisories/bulk 184ms
115 silly audit report {
115 silly audit report   braces: [
115 silly audit report     {
115 silly audit report       id: 1098094,
115 silly audit report       url: 'https://github.com/advisories/GHSA-grv7-fg5c-xmjg',
115 silly audit report       title: 'Uncontrolled resource consumption in braces',
115 silly audit report       severity: 'high',
115 silly audit report       vulnerable_versions: '<3.0.3',
115 silly audit report       cwe: [Array],
115 silly audit report       cvss: [Object]
115 silly audit report     }
115 silly audit report   ],
115 silly audit report   'cross-spawn': [
115 silly audit report     {
115 silly audit report       id: 1100563,
115 silly audit report       url: 'https://github.com/advisories/GHSA-3xgq-45jj-v275',
115 silly audit report       title: 'Regular Expression Denial of Service (ReDoS) in cross-spawn',
115 silly audit report       severity: 'high',
115 silly audit report       vulnerable_versions: '>=7.0.0 <7.0.5',
115 silly audit report       cwe: [Array],
115 silly audit report       cvss: [Object]
115 silly audit report     }
115 silly audit report   ],
115 silly audit report   micromatch: [
115 silly audit report     {
115 silly audit report       id: 1098681,
115 silly audit report       url: 'https://github.com/advisories/GHSA-952p-6rrq-rcjv',
115 silly audit report       title: 'Regular Expression Denial of Service (ReDoS) in micromatch',
115 silly audit report       severity: 'moderate',
115 silly audit report       vulnerable_versions: '<4.0.8',
115 silly audit report       cwe: [Array],
115 silly audit report       cvss: [Object]
115 silly audit report     }
115 silly audit report   ],
115 silly audit report   nanoid: [
115 silly audit report     {
115 silly audit report       id: 1101163,
115 silly audit report       url: 'https://github.com/advisories/GHSA-mwcw-c2x4-8c55',
115 silly audit report       title: 'Predictable results in nanoid generation when given non-integer values',
115 silly audit report       severity: 'moderate',
115 silly audit report       vulnerable_versions: '<3.3.8',
115 silly audit report       cwe: [Array],
115 silly audit report       cvss: [Object]
115 silly audit report     }
115 silly audit report   ],
115 silly audit report   next: [
115 silly audit report     {
115 silly audit report       id: 1103621,
115 silly audit report       url: 'https://github.com/advisories/GHSA-f82v-jwr5-mffw',
115 silly audit report       title: 'Authorization Bypass in Next.js Middleware',
115 silly audit report       severity: 'critical',
115 silly audit report       vulnerable_versions: '>=15.0.0 <15.2.3',
115 silly audit report       cwe: [Array],
115 silly audit report       cvss: [Object]
115 silly audit report     }
115 silly audit report   ]
115 silly audit report }
116 silly packumentCache corgi:https://registry.npmjs.org/braces cache-miss
117 silly packumentCache corgi:https://registry.npmjs.org/cross-spawn cache-miss
118 silly packumentCache corgi:https://registry.npmjs.org/micromatch cache-miss
119 silly packumentCache corgi:https://registry.npmjs.org/nanoid cache-miss
120 silly packumentCache corgi:https://registry.npmjs.org/next cache-miss
121 http fetch GET 200 https://registry.npmjs.org/@types/node/-/node-22.14.0.tgz 201ms (cache miss)
122 http fetch GET 200 https://registry.npmjs.org/nanoid 205ms (cache updated)
123 silly packumentCache corgi:https://registry.npmjs.org/nanoid set size:undefined disposed:false
124 http fetch GET 200 https://registry.npmjs.org/braces 210ms (cache updated)
125 silly packumentCache corgi:https://registry.npmjs.org/braces set size:undefined disposed:false
126 http fetch GET 200 https://registry.npmjs.org/micromatch 210ms (cache updated)
127 silly packumentCache corgi:https://registry.npmjs.org/micromatch set size:undefined disposed:false
128 http fetch GET 200 https://registry.npmjs.org/cross-spawn 212ms (cache updated)
129 silly packumentCache corgi:https://registry.npmjs.org/cross-spawn set size:undefined disposed:false
130 http fetch GET 200 https://registry.npmjs.org/next 305ms (cache updated)
131 silly packumentCache corgi:https://registry.npmjs.org/next set size:undefined disposed:false
132 silly packumentCache corgi:https://registry.npmjs.org/chokidar cache-miss
133 http fetch GET 200 https://registry.npmjs.org/chokidar 441ms (cache updated)
134 silly packumentCache corgi:https://registry.npmjs.org/chokidar set size:undefined disposed:false
135 silly packumentCache corgi:https://registry.npmjs.org/eslint cache-miss
136 http fetch GET 200 https://registry.npmjs.org/eslint 45ms (cache updated)
137 silly packumentCache corgi:https://registry.npmjs.org/eslint set size:undefined disposed:false
138 silly packumentCache corgi:https://registry.npmjs.org/fast-glob cache-miss
139 silly packumentCache corgi:https://registry.npmjs.org/tailwindcss cache-miss
140 http fetch GET 200 https://registry.npmjs.org/fast-glob 36ms (cache updated)
141 silly packumentCache corgi:https://registry.npmjs.org/fast-glob set size:undefined disposed:false
142 http fetch GET 200 https://registry.npmjs.org/tailwindcss 109ms (cache updated)
143 silly packumentCache corgi:https://registry.npmjs.org/tailwindcss set size:undefined disposed:false
144 silly packumentCache corgi:https://registry.npmjs.org/postcss cache-miss
145 http fetch GET 200 https://registry.npmjs.org/postcss 144ms (cache updated)
146 silly packumentCache corgi:https://registry.npmjs.org/postcss set size:undefined disposed:false
147 silly ADD node_modules/csstype
148 silly ADD node_modules/undici-types
149 silly ADD node_modules/@types/react
150 silly ADD node_modules/@types/node
151 silly ADD
152 silly ADD
153 silly ADD
154 silly ADD
155 silly ADD
156 silly ADD
157 silly ADD
158 silly ADD
159 silly ADD
160 silly ADD
161 silly ADD
162 silly ADD
163 silly ADD
164 silly ADD
165 silly ADD
166 silly ADD
167 silly ADD
168 silly ADD
169 silly ADD
170 silly ADD
171 silly ADD
172 silly ADD
173 silly ADD
174 silly ADD
175 silly ADD
176 silly ADD
177 silly ADD
178 verbose cwd C:\Users\yuya2\tech0\STEP3-2\zukiraku_frontend
179 verbose os Windows_NT 10.0.26100
180 verbose node v22.13.0
181 verbose npm  v10.9.2
182 verbose exit 0
183 info ok
