0 verbose cli C:\Program Files\nodejs\node.exe C:\Program Files\nodejs\node_modules\npm\bin\npm-cli.js
1 info using npm@10.9.2
2 info using node@v22.13.0
3 silly config load:file:C:\Program Files\nodejs\node_modules\npm\npmrc
4 silly config load:file:C:\Users\yuya2\tech0\STEP3-2\zukiraku_frontend\.npmrc
5 silly config load:file:C:\Users\yuya2\.npmrc
6 silly config load:file:C:\Users\yuya2\tech0\STEP3-2\zukiraku_frontend\npm-global\etc\npmrc
7 verbose title npm install
8 verbose argv "install"
9 verbose logfile logs-max:10 dir:C:\Users\yuya2\tech0\STEP3-2\zukiraku_frontend\npm-cache\_logs\2025-04-12T17_25_27_466Z-
10 verbose logfile C:\Users\yuya2\tech0\STEP3-2\zukiraku_frontend\npm-cache\_logs\2025-04-12T17_25_27_466Z-debug-0.log
11 silly logfile start cleaning logs, removing 1 files
12 silly packumentCache heap:4345298944 maxSize:1086324736 maxEntrySize:543162368
13 silly logfile done cleaning log files
14 silly idealTree buildDeps
15 silly fetch manifest eslint@^8.57.0 || ^9.0.0
16 silly packumentCache full:https://registry.npmjs.org/eslint cache-miss
17 http cache https://registry.npmjs.org/eslint 61ms (cache hit)
18 silly packumentCache full:https://registry.npmjs.org/eslint set size:1748839 disposed:false
19 silly fetch manifest jiti@*
20 silly packumentCache full:https://registry.npmjs.org/jiti cache-miss
21 http cache https://registry.npmjs.org/jiti 5ms (cache hit)
22 silly packumentCache full:https://registry.npmjs.org/jiti set size:363881 disposed:false
23 warn ERESOLVE overriding peer dependency {
23 warn ERESOLVE   code: 'ERESOLVE',
23 warn ERESOLVE   edge: {
23 warn ERESOLVE     type: 'peer',
23 warn ERESOLVE     name: 'eslint',
23 warn ERESOLVE     spec: '^8.57.0 || ^9.0.0',
23 warn ERESOLVE     error: 'INVALID',
23 warn ERESOLVE     from: {
23 warn ERESOLVE       name: '@typescript-eslint/eslint-plugin',
23 warn ERESOLVE       version: '8.19.0',
23 warn ERESOLVE       location: 'node_modules/eslint-config-next/node_modules/@typescript-eslint/eslint-plugin',
23 warn ERESOLVE       isWorkspace: false,
23 warn ERESOLVE       dependents: [Array]
23 warn ERESOLVE     }
23 warn ERESOLVE   },
23 warn ERESOLVE   dep: {
23 warn ERESOLVE     name: 'eslint',
23 warn ERESOLVE     version: '9.24.0',
23 warn ERESOLVE     whileInstalling: {
23 warn ERESOLVE       name: '@typescript-eslint/eslint-plugin',
23 warn ERESOLVE       version: '8.19.0',
23 warn ERESOLVE       path: 'C:\\Users\\yuya2\\tech0\\STEP3-2\\zukiraku_frontend\\node_modules\\eslint-config-next\\node_modules\\@typescript-eslint\\eslint-plugin'
23 warn ERESOLVE     },
23 warn ERESOLVE     location: 'node_modules/eslint',
23 warn ERESOLVE     isWorkspace: false,
23 warn ERESOLVE     dependents: [ [Object] ]
23 warn ERESOLVE   },
23 warn ERESOLVE   force: false,
23 warn ERESOLVE   isMine: false,
23 warn ERESOLVE   strictPeerDeps: false,
23 warn ERESOLVE   current: {
23 warn ERESOLVE     name: 'eslint',
23 warn ERESOLVE     version: '8.55.0',
23 warn ERESOLVE     location: 'node_modules/eslint',
23 warn ERESOLVE     isWorkspace: false,
23 warn ERESOLVE     dependents: [
23 warn ERESOLVE       [Object], [Object],
23 warn ERESOLVE       [Object], [Object],
23 warn ERESOLVE       [Object], [Object],
23 warn ERESOLVE       [Object], [Object]
23 warn ERESOLVE     ]
23 warn ERESOLVE   },
23 warn ERESOLVE   peerConflict: {
23 warn ERESOLVE     current: {
23 warn ERESOLVE       name: 'eslint',
23 warn ERESOLVE       version: '8.55.0',
23 warn ERESOLVE       location: 'node_modules/eslint',
23 warn ERESOLVE       isWorkspace: false,
23 warn ERESOLVE       dependents: [Array]
23 warn ERESOLVE     },
23 warn ERESOLVE     peer: {
23 warn ERESOLVE       name: 'eslint',
23 warn ERESOLVE       version: '9.24.0',
23 warn ERESOLVE       whileInstalling: [Object],
23 warn ERESOLVE       location: 'node_modules/eslint',
23 warn ERESOLVE       isWorkspace: false,
23 warn ERESOLVE       dependents: [Array]
23 warn ERESOLVE     }
23 warn ERESOLVE   }
23 warn ERESOLVE }
24 warn ERESOLVE overriding peer dependency {
24 warn ERESOLVE   code: 'ERESOLVE',
24 warn ERESOLVE   edge: {
24 warn ERESOLVE     type: 'peer',
24 warn ERESOLVE     name: 'eslint',
24 warn ERESOLVE     spec: '^8.57.0 || ^9.0.0',
24 warn ERESOLVE     error: 'INVALID',
24 warn ERESOLVE     from: {
24 warn ERESOLVE       name: '@typescript-eslint/parser',
24 warn ERESOLVE       version: '8.19.0',
24 warn ERESOLVE       location: 'node_modules/eslint-config-next/node_modules/@typescript-eslint/parser',
24 warn ERESOLVE       isWorkspace: false,
24 warn ERESOLVE       dependents: [Array]
24 warn ERESOLVE     }
24 warn ERESOLVE   },
24 warn ERESOLVE   dep: {
24 warn ERESOLVE     name: 'eslint',
24 warn ERESOLVE     version: '9.24.0',
24 warn ERESOLVE     whileInstalling: {
24 warn ERESOLVE       name: '@typescript-eslint/parser',
24 warn ERESOLVE       version: '8.19.0',
24 warn ERESOLVE       path: 'C:\\Users\\yuya2\\tech0\\STEP3-2\\zukiraku_frontend\\node_modules\\eslint-config-next\\node_modules\\@typescript-eslint\\parser'
24 warn ERESOLVE     },
24 warn ERESOLVE     location: 'node_modules/eslint',
24 warn ERESOLVE     isWorkspace: false,
24 warn ERESOLVE     dependents: [ [Object] ]
24 warn ERESOLVE   },
24 warn ERESOLVE   force: false,
24 warn ERESOLVE   isMine: false,
24 warn ERESOLVE   strictPeerDeps: false,
24 warn ERESOLVE   current: {
24 warn ERESOLVE     name: 'eslint',
24 warn ERESOLVE     version: '8.55.0',
24 warn ERESOLVE     location: 'node_modules/eslint',
24 warn ERESOLVE     isWorkspace: false,
24 warn ERESOLVE     dependents: [
24 warn ERESOLVE       [Object], [Object],
24 warn ERESOLVE       [Object], [Object],
24 warn ERESOLVE       [Object], [Object],
24 warn ERESOLVE       [Object], [Object]
24 warn ERESOLVE     ]
24 warn ERESOLVE   },
24 warn ERESOLVE   peerConflict: {
24 warn ERESOLVE     current: {
24 warn ERESOLVE       name: 'eslint',
24 warn ERESOLVE       version: '8.55.0',
24 warn ERESOLVE       location: 'node_modules/eslint',
24 warn ERESOLVE       isWorkspace: false,
24 warn ERESOLVE       dependents: [Array]
24 warn ERESOLVE     },
24 warn ERESOLVE     peer: {
24 warn ERESOLVE       name: 'eslint',
24 warn ERESOLVE       version: '9.24.0',
24 warn ERESOLVE       whileInstalling: [Object],
24 warn ERESOLVE       location: 'node_modules/eslint',
24 warn ERESOLVE       isWorkspace: false,
24 warn ERESOLVE       dependents: [Array]
24 warn ERESOLVE     }
24 warn ERESOLVE   }
24 warn ERESOLVE }
25 warn ERESOLVE overriding peer dependency {
25 warn ERESOLVE   code: 'ERESOLVE',
25 warn ERESOLVE   edge: {
25 warn ERESOLVE     type: 'peer',
25 warn ERESOLVE     name: 'eslint',
25 warn ERESOLVE     spec: '^8.57.0 || ^9.0.0',
25 warn ERESOLVE     error: 'INVALID',
25 warn ERESOLVE     from: {
25 warn ERESOLVE       name: '@typescript-eslint/type-utils',
25 warn ERESOLVE       version: '8.19.0',
25 warn ERESOLVE       location: 'node_modules/eslint-config-next/node_modules/@typescript-eslint/eslint-plugin/node_modules/@typescript-eslint/type-utils',
25 warn ERESOLVE       isWorkspace: false,
25 warn ERESOLVE       dependents: [Array]
25 warn ERESOLVE     }
25 warn ERESOLVE   },
25 warn ERESOLVE   dep: {
25 warn ERESOLVE     name: 'eslint',
25 warn ERESOLVE     version: '9.24.0',
25 warn ERESOLVE     whileInstalling: {
25 warn ERESOLVE       name: '@typescript-eslint/type-utils',
25 warn ERESOLVE       version: '8.19.0',
25 warn ERESOLVE       path: 'C:\\Users\\yuya2\\tech0\\STEP3-2\\zukiraku_frontend\\node_modules\\eslint-config-next\\node_modules\\@typescript-eslint\\eslint-plugin\\node_modules\\@typescript-eslint\\type-utils'
25 warn ERESOLVE     },
25 warn ERESOLVE     location: 'node_modules/eslint',
25 warn ERESOLVE     isWorkspace: false,
25 warn ERESOLVE     dependents: [ [Object] ]
25 warn ERESOLVE   },
25 warn ERESOLVE   force: false,
25 warn ERESOLVE   isMine: false,
25 warn ERESOLVE   strictPeerDeps: false,
25 warn ERESOLVE   current: {
25 warn ERESOLVE     name: 'eslint',
25 warn ERESOLVE     version: '8.55.0',
25 warn ERESOLVE     location: 'node_modules/eslint',
25 warn ERESOLVE     isWorkspace: false,
25 warn ERESOLVE     dependents: [
25 warn ERESOLVE       [Object], [Object],
25 warn ERESOLVE       [Object], [Object],
25 warn ERESOLVE       [Object], [Object],
25 warn ERESOLVE       [Object], [Object]
25 warn ERESOLVE     ]
25 warn ERESOLVE   },
25 warn ERESOLVE   peerConflict: {
25 warn ERESOLVE     current: {
25 warn ERESOLVE       name: 'eslint',
25 warn ERESOLVE       version: '8.55.0',
25 warn ERESOLVE       location: 'node_modules/eslint',
25 warn ERESOLVE       isWorkspace: false,
25 warn ERESOLVE       dependents: [Array]
25 warn ERESOLVE     },
25 warn ERESOLVE     peer: {
25 warn ERESOLVE       name: 'eslint',
25 warn ERESOLVE       version: '9.24.0',
25 warn ERESOLVE       whileInstalling: [Object],
25 warn ERESOLVE       location: 'node_modules/eslint',
25 warn ERESOLVE       isWorkspace: false,
25 warn ERESOLVE       dependents: [Array]
25 warn ERESOLVE     }
25 warn ERESOLVE   }
25 warn ERESOLVE }
26 warn ERESOLVE overriding peer dependency {
26 warn ERESOLVE   code: 'ERESOLVE',
26 warn ERESOLVE   edge: {
26 warn ERESOLVE     type: 'peer',
26 warn ERESOLVE     name: 'eslint',
26 warn ERESOLVE     spec: '^8.57.0 || ^9.0.0',
26 warn ERESOLVE     error: 'INVALID',
26 warn ERESOLVE     from: {
26 warn ERESOLVE       name: '@typescript-eslint/utils',
26 warn ERESOLVE       version: '8.19.0',
26 warn ERESOLVE       location: 'node_modules/eslint-config-next/node_modules/@typescript-eslint/eslint-plugin/node_modules/@typescript-eslint/utils',
26 warn ERESOLVE       isWorkspace: false,
26 warn ERESOLVE       dependents: [Array]
26 warn ERESOLVE     }
26 warn ERESOLVE   },
26 warn ERESOLVE   dep: {
26 warn ERESOLVE     name: 'eslint',
26 warn ERESOLVE     version: '9.24.0',
26 warn ERESOLVE     whileInstalling: {
26 warn ERESOLVE       name: '@typescript-eslint/utils',
26 warn ERESOLVE       version: '8.19.0',
26 warn ERESOLVE       path: 'C:\\Users\\yuya2\\tech0\\STEP3-2\\zukiraku_frontend\\node_modules\\eslint-config-next\\node_modules\\@typescript-eslint\\eslint-plugin\\node_modules\\@typescript-eslint\\utils'
26 warn ERESOLVE     },
26 warn ERESOLVE     location: 'node_modules/eslint',
26 warn ERESOLVE     isWorkspace: false,
26 warn ERESOLVE     dependents: [ [Object] ]
26 warn ERESOLVE   },
26 warn ERESOLVE   force: false,
26 warn ERESOLVE   isMine: false,
26 warn ERESOLVE   strictPeerDeps: false,
26 warn ERESOLVE   current: {
26 warn ERESOLVE     name: 'eslint',
26 warn ERESOLVE     version: '8.55.0',
26 warn ERESOLVE     location: 'node_modules/eslint',
26 warn ERESOLVE     isWorkspace: false,
26 warn ERESOLVE     dependents: [
26 warn ERESOLVE       [Object], [Object],
26 warn ERESOLVE       [Object], [Object],
26 warn ERESOLVE       [Object], [Object],
26 warn ERESOLVE       [Object], [Object]
26 warn ERESOLVE     ]
26 warn ERESOLVE   },
26 warn ERESOLVE   peerConflict: {
26 warn ERESOLVE     current: {
26 warn ERESOLVE       name: 'eslint',
26 warn ERESOLVE       version: '8.55.0',
26 warn ERESOLVE       location: 'node_modules/eslint',
26 warn ERESOLVE       isWorkspace: false,
26 warn ERESOLVE       dependents: [Array]
26 warn ERESOLVE     },
26 warn ERESOLVE     peer: {
26 warn ERESOLVE       name: 'eslint',
26 warn ERESOLVE       version: '9.24.0',
26 warn ERESOLVE       whileInstalling: [Object],
26 warn ERESOLVE       location: 'node_modules/eslint',
26 warn ERESOLVE       isWorkspace: false,
26 warn ERESOLVE       dependents: [Array]
26 warn ERESOLVE     }
26 warn ERESOLVE   }
26 warn ERESOLVE }
27 silly reify moves {}
28 silly audit bulk request {
28 silly audit   '@aashutoshrathi/word-wrap': [ '1.2.6' ],
28 silly audit   '@alloc/quick-lru': [ '5.2.0' ],
28 silly audit   '@emnapi/runtime': [ '1.3.1' ],
28 silly audit   '@eslint-community/eslint-utils': [ '4.4.0' ],
28 silly audit   '@eslint-community/regexpp': [ '4.10.0' ],
28 silly audit   '@eslint/eslintrc': [ '2.1.4' ],
28 silly audit   '@eslint/js': [ '8.55.0' ],
28 silly audit   '@humanwhocodes/config-array': [ '0.11.13' ],
28 silly audit   '@humanwhocodes/module-importer': [ '1.0.1' ],
28 silly audit   '@humanwhocodes/object-schema': [ '2.0.1' ],
28 silly audit   '@img/sharp-darwin-arm64': [ '0.33.5' ],
28 silly audit   '@img/sharp-darwin-x64': [ '0.33.5' ],
28 silly audit   '@img/sharp-libvips-darwin-arm64': [ '1.0.4' ],
28 silly audit   '@img/sharp-libvips-darwin-x64': [ '1.0.4' ],
28 silly audit   '@img/sharp-libvips-linux-arm': [ '1.0.5' ],
28 silly audit   '@img/sharp-libvips-linux-arm64': [ '1.0.4' ],
28 silly audit   '@img/sharp-libvips-linux-s390x': [ '1.0.4' ],
28 silly audit   '@img/sharp-libvips-linux-x64': [ '1.0.4' ],
28 silly audit   '@img/sharp-libvips-linuxmusl-arm64': [ '1.0.4' ],
28 silly audit   '@img/sharp-libvips-linuxmusl-x64': [ '1.0.4' ],
28 silly audit   '@img/sharp-linux-arm': [ '0.33.5' ],
28 silly audit   '@img/sharp-linux-arm64': [ '0.33.5' ],
28 silly audit   '@img/sharp-linux-s390x': [ '0.33.5' ],
28 silly audit   '@img/sharp-linux-x64': [ '0.33.5' ],
28 silly audit   '@img/sharp-linuxmusl-arm64': [ '0.33.5' ],
28 silly audit   '@img/sharp-linuxmusl-x64': [ '0.33.5' ],
28 silly audit   '@img/sharp-wasm32': [ '0.33.5' ],
28 silly audit   '@img/sharp-win32-ia32': [ '0.33.5' ],
28 silly audit   '@img/sharp-win32-x64': [ '0.33.5' ],
28 silly audit   '@jridgewell/gen-mapping': [ '0.3.3' ],
28 silly audit   '@jridgewell/resolve-uri': [ '3.1.1' ],
28 silly audit   '@jridgewell/set-array': [ '1.1.2' ],
28 silly audit   '@jridgewell/sourcemap-codec': [ '1.4.15' ],
28 silly audit   '@jridgewell/trace-mapping': [ '0.3.20' ],
28 silly audit   '@next/env': [ '15.1.7' ],
28 silly audit   '@next/eslint-plugin-next': [ '15.1.3' ],
28 silly audit   'fast-glob': [ '3.3.1', '3.3.2' ],
28 silly audit   'glob-parent': [ '5.1.2', '6.0.2' ],
28 silly audit   '@next/swc-darwin-arm64': [ '15.1.7' ],
28 silly audit   '@next/swc-darwin-x64': [ '15.1.7' ],
28 silly audit   '@next/swc-linux-arm64-gnu': [ '15.1.7' ],
28 silly audit   '@next/swc-linux-arm64-musl': [ '15.1.7' ],
28 silly audit   '@next/swc-linux-x64-gnu': [ '15.1.7' ],
28 silly audit   '@next/swc-linux-x64-musl': [ '15.1.7' ],
28 silly audit   '@next/swc-win32-arm64-msvc': [ '15.1.7' ],
28 silly audit   '@next/swc-win32-x64-msvc': [ '15.1.7' ],
28 silly audit   '@nodelib/fs.scandir': [ '2.1.5' ],
28 silly audit   '@nodelib/fs.stat': [ '2.0.5' ],
28 silly audit   '@nodelib/fs.walk': [ '1.2.8' ],
28 silly audit   '@rtsao/scc': [ '1.1.0' ],
28 silly audit   '@rushstack/eslint-patch': [ '1.10.4' ],
28 silly audit   '@swc/counter': [ '0.1.3' ],
28 silly audit   '@swc/helpers': [ '0.5.15' ],
28 silly audit   '@types/json5': [ '0.0.29' ],
28 silly audit   '@types/node': [ '22.14.0' ],
28 silly audit   '@types/react': [ '19.1.0' ],
28 silly audit   '@ungap/structured-clone': [ '1.2.0' ],
28 silly audit   acorn: [ '8.11.2' ],
28 silly audit   'acorn-jsx': [ '5.3.2' ],
28 silly audit   ajv: [ '6.12.6' ],
28 silly audit   'ansi-regex': [ '5.0.1' ],
28 silly audit   'ansi-styles': [ '4.3.0' ],
28 silly audit   'any-promise': [ '1.3.0' ],
28 silly audit   anymatch: [ '3.1.3' ],
28 silly audit   arg: [ '5.0.2' ],
28 silly audit   argparse: [ '2.0.1' ],
28 silly audit   'aria-query': [ '5.3.2' ],
28 silly audit   'array-buffer-byte-length': [ '1.0.2' ],
28 silly audit   'array-includes': [ '3.1.8' ],
28 silly audit   'array.prototype.findlast': [ '1.2.5' ],
28 silly audit   'array.prototype.findlastindex': [ '1.2.5' ],
28 silly audit   'array.prototype.flat': [ '1.3.2' ],
28 silly audit   'array.prototype.flatmap': [ '1.3.3' ],
28 silly audit   'array.prototype.tosorted': [ '1.1.4' ],
28 silly audit   'arraybuffer.prototype.slice': [ '1.0.4' ],
28 silly audit   'ast-types-flow': [ '0.0.8' ],
28 silly audit   autoprefixer: [ '10.4.16' ],
28 silly audit   'available-typed-arrays': [ '1.0.7' ],
28 silly audit   'axe-core': [ '4.10.2' ],
28 silly audit   'axobject-query': [ '4.1.0' ],
28 silly audit   'balanced-match': [ '1.0.2' ],
28 silly audit   'binary-extensions': [ '2.2.0' ],
28 silly audit   'brace-expansion': [ '1.1.11', '2.0.1' ],
28 silly audit   braces: [ '3.0.2' ],
28 silly audit   browserslist: [ '4.22.2' ],
28 silly audit   busboy: [ '1.6.0' ],
28 silly audit   'call-bind': [ '1.0.8' ],
28 silly audit   'call-bind-apply-helpers': [ '1.0.1' ],
28 silly audit   'call-bound': [ '1.0.3' ],
28 silly audit   callsites: [ '3.1.0' ],
28 silly audit   'camelcase-css': [ '2.0.1' ],
28 silly audit   'caniuse-lite': [ '1.0.30001690' ],
28 silly audit   chalk: [ '4.1.2' ],
28 silly audit   chokidar: [ '3.5.3' ],
28 silly audit   'client-only': [ '0.0.1' ],
28 silly audit   color: [ '4.2.3' ],
28 silly audit   'color-convert': [ '2.0.1' ],
28 silly audit   'color-name': [ '1.1.4' ],
28 silly audit   'color-string': [ '1.9.1' ],
28 silly audit   commander: [ '4.1.1' ],
28 silly audit   'concat-map': [ '0.0.1' ],
28 silly audit   'cross-spawn': [ '7.0.3' ],
28 silly audit   'css-selector-tokenizer': [ '0.8.0' ],
28 silly audit   cssesc: [ '3.0.0' ],
28 silly audit   csstype: [ '3.1.3' ],
28 silly audit   culori: [ '3.3.0' ],
28 silly audit   daisyui: [ '4.4.19' ],
28 silly audit   'damerau-levenshtein': [ '1.0.8' ],
28 silly audit   'data-view-buffer': [ '1.0.2' ],
28 silly audit   'data-view-byte-length': [ '1.0.2' ],
28 silly audit   'data-view-byte-offset': [ '1.0.1' ],
28 silly audit   debug: [ '4.3.4', '3.2.7' ],
28 silly audit   'deep-is': [ '0.1.4' ],
28 silly audit   'define-data-property': [ '1.1.4' ],
28 silly audit   'define-properties': [ '1.2.1' ],
28 silly audit   'detect-libc': [ '2.0.3' ],
28 silly audit   didyoumean: [ '1.2.2' ],
28 silly audit   dlv: [ '1.1.3' ],
28 silly audit   doctrine: [ '3.0.0', '2.1.0' ],
28 silly audit   dotenv: [ '16.4.1' ],
28 silly audit   'dunder-proto': [ '1.0.1' ],
28 silly audit   'electron-to-chromium': [ '1.4.605' ],
28 silly audit   'emoji-regex': [ '9.2.2' ],
28 silly audit   'enhanced-resolve': [ '5.15.0' ],
28 silly audit   'es-abstract': [ '1.23.9' ],
28 silly audit   'es-define-property': [ '1.0.1' ],
28 silly audit   'es-errors': [ '1.3.0' ],
28 silly audit   'es-iterator-helpers': [ '1.2.1' ],
28 silly audit   'es-object-atoms': [ '1.0.0' ],
28 silly audit   'es-set-tostringtag': [ '2.1.0' ],
28 silly audit   'es-shim-unscopables': [ '1.0.2' ],
28 silly audit   'es-to-primitive': [ '1.3.0' ],
28 silly audit   escalade: [ '3.1.1' ],
28 silly audit   'escape-string-regexp': [ '4.0.0' ],
28 silly audit   eslint: [ '8.55.0' ],
28 silly audit   'eslint-config-next': [ '15.1.3' ],
28 silly audit   '@typescript-eslint/eslint-plugin': [ '8.19.0' ],
28 silly audit   '@typescript-eslint/type-utils': [ '8.19.0' ],
28 silly audit   '@typescript-eslint/utils': [ '8.19.0' ],
28 silly audit   '@typescript-eslint/parser': [ '8.19.0' ],
28 silly audit   '@typescript-eslint/scope-manager': [ '8.19.0' ],
28 silly audit   '@typescript-eslint/types': [ '8.19.0' ],
28 silly audit   '@typescript-eslint/typescript-estree': [ '8.19.0' ],
28 silly audit   '@typescript-eslint/visitor-keys': [ '8.19.0' ],
28 silly audit   'eslint-visitor-keys': [ '4.2.0', '3.4.3' ],
28 silly audit   minimatch: [ '9.0.5', '3.1.2' ],
28 silly audit   'eslint-import-resolver-node': [ '0.3.9' ],
28 silly audit   'eslint-import-resolver-typescript': [ '3.6.1' ],
28 silly audit   'eslint-module-utils': [ '2.12.0' ],
28 silly audit   'eslint-plugin-import': [ '2.31.0' ],
28 silly audit   semver: [ '6.3.1', '7.6.3' ],
28 silly audit   'eslint-plugin-jsx-a11y': [ '6.10.2' ],
28 silly audit   'eslint-plugin-react': [ '7.37.3' ],
28 silly audit   'eslint-plugin-react-hooks': [ '5.1.0' ],
28 silly audit   resolve: [ '2.0.0-next.5', '1.22.8' ],
28 silly audit   'eslint-scope': [ '7.2.2' ],
28 silly audit   espree: [ '9.6.1' ],
28 silly audit   esquery: [ '1.5.0' ],
28 silly audit   esrecurse: [ '4.3.0' ],
28 silly audit   estraverse: [ '5.3.0' ],
28 silly audit   esutils: [ '2.0.3' ],
28 silly audit   'fast-deep-equal': [ '3.1.3' ],
28 silly audit   'fast-json-stable-stringify': [ '2.1.0' ],
28 silly audit   'fast-levenshtein': [ '2.0.6' ],
28 silly audit   fastparse: [ '1.1.2' ],
28 silly audit   fastq: [ '1.15.0' ],
28 silly audit   'file-entry-cache': [ '6.0.1' ],
28 silly audit   'fill-range': [ '7.0.1' ],
28 silly audit   'find-up': [ '5.0.0' ],
28 silly audit   'flat-cache': [ '3.2.0' ],
28 silly audit   flatted: [ '3.2.9' ],
28 silly audit   'for-each': [ '0.3.3' ],
28 silly audit   'fraction.js': [ '4.3.7' ],
28 silly audit   'fs.realpath': [ '1.0.0' ],
28 silly audit   fsevents: [ '2.3.3' ],
28 silly audit   'function-bind': [ '1.1.2' ],
28 silly audit   'function.prototype.name': [ '1.1.8' ],
28 silly audit   'functions-have-names': [ '1.2.3' ],
28 silly audit   'get-intrinsic': [ '1.2.7' ],
28 silly audit   'get-proto': [ '1.0.1' ],
28 silly audit   'get-symbol-description': [ '1.1.0' ],
28 silly audit   'get-tsconfig': [ '4.7.2' ],
28 silly audit   glob: [ '7.1.7', '7.1.6' ],
28 silly audit   globals: [ '13.23.0' ],
28 silly audit   globalthis: [ '1.0.4' ],
28 silly audit   gopd: [ '1.2.0' ],
28 silly audit   'graceful-fs': [ '4.2.11' ],
28 silly audit   graphemer: [ '1.4.0' ],
28 silly audit   'has-bigints': [ '1.1.0' ],
28 silly audit   'has-flag': [ '4.0.0' ],
28 silly audit   'has-property-descriptors': [ '1.0.2' ],
28 silly audit   'has-proto': [ '1.2.0' ],
28 silly audit   'has-symbols': [ '1.1.0' ],
28 silly audit   'has-tostringtag': [ '1.0.2' ],
28 silly audit   hasown: [ '2.0.2' ],
28 silly audit   ignore: [ '5.3.2' ],
28 silly audit   'import-fresh': [ '3.3.0' ],
28 silly audit   imurmurhash: [ '0.1.4' ],
28 silly audit   inflight: [ '1.0.6' ],
28 silly audit   inherits: [ '2.0.4' ],
28 silly audit   'internal-slot': [ '1.1.0' ],
28 silly audit   'is-array-buffer': [ '3.0.5' ],
28 silly audit   'is-arrayish': [ '0.3.2' ],
28 silly audit   'is-async-function': [ '2.1.0' ],
28 silly audit   'is-bigint': [ '1.1.0' ],
28 silly audit   'is-binary-path': [ '2.1.0' ],
28 silly audit   'is-boolean-object': [ '1.2.1' ],
28 silly audit   'is-callable': [ '1.2.7' ],
28 silly audit   'is-core-module': [ '2.16.1' ],
28 silly audit   'is-data-view': [ '1.0.2' ],
28 silly audit   'is-date-object': [ '1.1.0' ],
28 silly audit   'is-extglob': [ '2.1.1' ],
28 silly audit   'is-finalizationregistry': [ '1.1.1' ],
28 silly audit   'is-generator-function': [ '1.1.0' ],
28 silly audit   'is-glob': [ '4.0.3' ],
28 silly audit   'is-map': [ '2.0.3' ],
28 silly audit   'is-number': [ '7.0.0' ],
28 silly audit   'is-number-object': [ '1.1.1' ],
28 silly audit   'is-path-inside': [ '3.0.3' ],
28 silly audit   'is-regex': [ '1.2.1' ],
28 silly audit   'is-set': [ '2.0.3' ],
28 silly audit   'is-shared-array-buffer': [ '1.0.4' ],
28 silly audit   'is-string': [ '1.1.1' ],
28 silly audit   'is-symbol': [ '1.1.1' ],
28 silly audit   'is-typed-array': [ '1.1.15' ],
28 silly audit   'is-weakmap': [ '2.0.2' ],
28 silly audit   'is-weakref': [ '1.1.0' ],
28 silly audit   'is-weakset': [ '2.0.4' ],
28 silly audit   isarray: [ '2.0.5' ],
28 silly audit   isexe: [ '2.0.0' ],
28 silly audit   'iterator.prototype': [ '1.1.5' ],
28 silly audit   jiti: [ '1.21.0' ],
28 silly audit   'js-tokens': [ '4.0.0' ],
28 silly audit   'js-yaml': [ '4.1.0' ],
28 silly audit   'json-buffer': [ '3.0.1' ],
28 silly audit   'json-schema-traverse': [ '0.4.1' ],
28 silly audit   'json-stable-stringify-without-jsonify': [ '1.0.1' ],
28 silly audit   json5: [ '1.0.2' ],
28 silly audit   'jsx-ast-utils': [ '3.3.5' ],
28 silly audit   keyv: [ '4.5.4' ],
28 silly audit   'language-subtag-registry': [ '0.3.23' ],
28 silly audit   'language-tags': [ '1.0.9' ],
28 silly audit   levn: [ '0.4.1' ],
28 silly audit   lilconfig: [ '2.1.0', '3.0.0' ],
28 silly audit   'lines-and-columns': [ '1.2.4' ],
28 silly audit   'locate-path': [ '6.0.0' ],
28 silly audit   'lodash.merge': [ '4.6.2' ],
28 silly audit   'loose-envify': [ '1.4.0' ],
28 silly audit   'lucide-react': [ '0.487.0' ],
28 silly audit   'math-intrinsics': [ '1.1.0' ],
28 silly audit   merge2: [ '1.4.1' ],
28 silly audit   micromatch: [ '4.0.5' ],
28 silly audit   minimist: [ '1.2.8' ],
28 silly audit   ms: [ '2.1.2' ],
28 silly audit   mz: [ '2.7.0' ],
28 silly audit   nanoid: [ '3.3.7' ],
28 silly audit   'natural-compare': [ '1.4.0' ],
28 silly audit   next: [ '15.1.7' ],
28 silly audit   postcss: [ '8.4.31', '8.4.32' ],
28 silly audit   'node-releases': [ '2.0.14' ],
28 silly audit   'normalize-path': [ '3.0.0' ],
28 silly audit   'normalize-range': [ '0.1.2' ],
28 silly audit   'object-assign': [ '4.1.1' ],
28 silly audit   'object-hash': [ '3.0.0' ],
28 silly audit   'object-inspect': [ '1.13.3' ],
28 silly audit   'object-keys': [ '1.1.1' ],
28 silly audit   'object.assign': [ '4.1.7' ],
28 silly audit   'object.entries': [ '1.1.8' ],
28 silly audit   'object.fromentries': [ '2.0.8' ],
28 silly audit   'object.groupby': [ '1.0.3' ],
28 silly audit   'object.values': [ '1.2.1' ],
28 silly audit   once: [ '1.4.0' ],
28 silly audit   optionator: [ '0.9.3' ],
28 silly audit   'own-keys': [ '1.0.1' ],
28 silly audit   'p-limit': [ '3.1.0' ],
28 silly audit   'p-locate': [ '5.0.0' ],
28 silly audit   'parent-module': [ '1.0.1' ],
28 silly audit   'path-exists': [ '4.0.0' ],
28 silly audit   'path-is-absolute': [ '1.0.1' ],
28 silly audit   'path-key': [ '3.1.1' ],
28 silly audit   'path-parse': [ '1.0.7' ],
28 silly audit   picocolors: [ '1.0.0' ],
28 silly audit   picomatch: [ '2.3.1' ],
28 silly audit   pify: [ '2.3.0' ],
28 silly audit   pirates: [ '4.0.6' ],
28 silly audit   'possible-typed-array-names': [ '1.0.0' ],
28 silly audit   'postcss-import': [ '15.1.0' ],
28 silly audit   'postcss-js': [ '4.0.1' ],
28 silly audit   'postcss-load-config': [ '4.0.2' ],
28 silly audit   'postcss-nested': [ '6.0.1' ],
28 silly audit   'postcss-selector-parser': [ '6.0.13' ],
28 silly audit   'postcss-value-parser': [ '4.2.0' ],
28 silly audit   'prelude-ls': [ '1.2.1' ],
28 silly audit   'prop-types': [ '15.8.1' ],
28 silly audit   punycode: [ '2.3.1' ],
28 silly audit   'queue-microtask': [ '1.2.3' ],
28 silly audit   react: [ '19.0.0' ],
28 silly audit   'react-dom': [ '19.0.0' ],
28 silly audit   'react-is': [ '16.13.1' ],
28 silly audit   'read-cache': [ '1.0.0' ],
28 silly audit   readdirp: [ '3.6.0' ],
28 silly audit   'reflect.getprototypeof': [ '1.0.10' ],
28 silly audit   'regexp.prototype.flags': [ '1.5.4' ],
28 silly audit   'resolve-from': [ '4.0.0' ],
28 silly audit   'resolve-pkg-maps': [ '1.0.0' ],
28 silly audit   reusify: [ '1.0.4' ],
28 silly audit   rimraf: [ '3.0.2' ],
28 silly audit   'run-parallel': [ '1.2.0' ],
28 silly audit   'safe-array-concat': [ '1.1.3' ],
28 silly audit   'safe-push-apply': [ '1.0.0' ],
28 silly audit   'safe-regex-test': [ '1.1.0' ],
28 silly audit   scheduler: [ '0.25.0' ],
28 silly audit   'set-function-length': [ '1.2.2' ],
28 silly audit   'set-function-name': [ '2.0.2' ],
28 silly audit   'set-proto': [ '1.0.0' ],
28 silly audit   sharp: [ '0.33.5' ],
28 silly audit   'shebang-command': [ '2.0.0' ],
28 silly audit   'shebang-regex': [ '3.0.0' ],
28 silly audit   'side-channel': [ '1.1.0' ],
28 silly audit   'side-channel-list': [ '1.0.0' ],
28 silly audit   'side-channel-map': [ '1.0.1' ],
28 silly audit   'side-channel-weakmap': [ '1.0.2' ],
28 silly audit   'simple-swizzle': [ '0.2.2' ],
28 silly audit   'source-map-js': [ '1.0.2' ],
28 silly audit   streamsearch: [ '1.1.0' ],
28 silly audit   'string.prototype.includes': [ '2.0.1' ],
28 silly audit   'string.prototype.matchall': [ '4.0.12' ],
28 silly audit   'string.prototype.repeat': [ '1.0.0' ],
28 silly audit   'string.prototype.trim': [ '1.2.10' ],
28 silly audit   'string.prototype.trimend': [ '1.0.9' ],
28 silly audit   'string.prototype.trimstart': [ '1.0.8' ],
28 silly audit   'strip-ansi': [ '6.0.1' ],
28 silly audit   'strip-bom': [ '3.0.0' ],
28 silly audit   'strip-json-comments': [ '3.1.1' ],
28 silly audit   'styled-jsx': [ '5.1.6' ],
28 silly audit   sucrase: [ '3.34.0' ],
28 silly audit   'supports-color': [ '7.2.0' ],
28 silly audit   'supports-preserve-symlinks-flag': [ '1.0.0' ],
28 silly audit   tailwindcss: [ '3.3.6' ],
28 silly audit   tapable: [ '2.2.1' ],
28 silly audit   'text-table': [ '0.2.0' ],
28 silly audit   thenify: [ '3.3.1' ],
28 silly audit   'thenify-all': [ '1.6.0' ],
28 silly audit   'to-regex-range': [ '5.0.1' ],
28 silly audit   'ts-api-utils': [ '1.4.3' ],
28 silly audit   'ts-interface-checker': [ '0.1.13' ],
28 silly audit   'tsconfig-paths': [ '3.15.0' ],
28 silly audit   tslib: [ '2.8.1' ],
28 silly audit   'type-check': [ '0.4.0' ],
28 silly audit   'type-fest': [ '0.20.2' ],
28 silly audit   'typed-array-buffer': [ '1.0.3' ],
28 silly audit   'typed-array-byte-length': [ '1.0.3' ],
28 silly audit   'typed-array-byte-offset': [ '1.0.4' ],
28 silly audit   'typed-array-length': [ '1.0.7' ],
28 silly audit   typescript: [ '5.3.2' ],
28 silly audit   'unbox-primitive': [ '1.1.0' ],
28 silly audit   'undici-types': [ '6.21.0' ],
28 silly audit   'update-browserslist-db': [ '1.0.13' ],
28 silly audit   'uri-js': [ '4.4.1' ],
28 silly audit   'util-deprecate': [ '1.0.2' ],
28 silly audit   uuid: [ '11.1.0' ],
28 silly audit   which: [ '2.0.2' ],
28 silly audit   'which-boxed-primitive': [ '1.1.1' ],
28 silly audit   'which-builtin-type': [ '1.2.1' ],
28 silly audit   'which-collection': [ '1.0.2' ],
28 silly audit   'which-typed-array': [ '1.1.18' ],
28 silly audit   wrappy: [ '1.0.2' ],
28 silly audit   yaml: [ '2.3.4' ],
28 silly audit   'yocto-queue': [ '0.1.0' ]
28 silly audit }
29 verbose reify failed optional dependency C:\Users\yuya2\tech0\STEP3-2\zukiraku_frontend\node_modules\fsevents
30 silly reify mark deleted [
30 silly reify   'C:\\Users\\yuya2\\tech0\\STEP3-2\\zukiraku_frontend\\node_modules\\fsevents'
30 silly reify ]
31 verbose reify failed optional dependency C:\Users\yuya2\tech0\STEP3-2\zukiraku_frontend\node_modules\@next\swc-win32-arm64-msvc
32 silly reify mark deleted [
32 silly reify   'C:\\Users\\yuya2\\tech0\\STEP3-2\\zukiraku_frontend\\node_modules\\@next\\swc-win32-arm64-msvc'
32 silly reify ]
33 verbose reify failed optional dependency C:\Users\yuya2\tech0\STEP3-2\zukiraku_frontend\node_modules\@next\swc-linux-x64-musl
34 silly reify mark deleted [
34 silly reify   'C:\\Users\\yuya2\\tech0\\STEP3-2\\zukiraku_frontend\\node_modules\\@next\\swc-linux-x64-musl'
34 silly reify ]
35 verbose reify failed optional dependency C:\Users\yuya2\tech0\STEP3-2\zukiraku_frontend\node_modules\@next\swc-linux-x64-gnu
36 silly reify mark deleted [
36 silly reify   'C:\\Users\\yuya2\\tech0\\STEP3-2\\zukiraku_frontend\\node_modules\\@next\\swc-linux-x64-gnu'
36 silly reify ]
37 verbose reify failed optional dependency C:\Users\yuya2\tech0\STEP3-2\zukiraku_frontend\node_modules\@next\swc-linux-arm64-musl
38 silly reify mark deleted [
38 silly reify   'C:\\Users\\yuya2\\tech0\\STEP3-2\\zukiraku_frontend\\node_modules\\@next\\swc-linux-arm64-musl'
38 silly reify ]
39 verbose reify failed optional dependency C:\Users\yuya2\tech0\STEP3-2\zukiraku_frontend\node_modules\@next\swc-linux-arm64-gnu
40 silly reify mark deleted [
40 silly reify   'C:\\Users\\yuya2\\tech0\\STEP3-2\\zukiraku_frontend\\node_modules\\@next\\swc-linux-arm64-gnu'
40 silly reify ]
41 verbose reify failed optional dependency C:\Users\yuya2\tech0\STEP3-2\zukiraku_frontend\node_modules\@next\swc-darwin-x64
42 silly reify mark deleted [
42 silly reify   'C:\\Users\\yuya2\\tech0\\STEP3-2\\zukiraku_frontend\\node_modules\\@next\\swc-darwin-x64'
42 silly reify ]
43 verbose reify failed optional dependency C:\Users\yuya2\tech0\STEP3-2\zukiraku_frontend\node_modules\@next\swc-darwin-arm64
44 silly reify mark deleted [
44 silly reify   'C:\\Users\\yuya2\\tech0\\STEP3-2\\zukiraku_frontend\\node_modules\\@next\\swc-darwin-arm64'
44 silly reify ]
45 verbose reify failed optional dependency C:\Users\yuya2\tech0\STEP3-2\zukiraku_frontend\node_modules\@img\sharp-win32-ia32
46 silly reify mark deleted [
46 silly reify   'C:\\Users\\yuya2\\tech0\\STEP3-2\\zukiraku_frontend\\node_modules\\@img\\sharp-win32-ia32'
46 silly reify ]
47 verbose reify failed optional dependency C:\Users\yuya2\tech0\STEP3-2\zukiraku_frontend\node_modules\@img\sharp-wasm32
48 silly reify mark deleted [
48 silly reify   'C:\\Users\\yuya2\\tech0\\STEP3-2\\zukiraku_frontend\\node_modules\\@img\\sharp-wasm32'
48 silly reify ]
49 verbose reify failed optional dependency C:\Users\yuya2\tech0\STEP3-2\zukiraku_frontend\node_modules\@emnapi\runtime
50 silly reify mark deleted [
50 silly reify   'C:\\Users\\yuya2\\tech0\\STEP3-2\\zukiraku_frontend\\node_modules\\@emnapi\\runtime'
50 silly reify ]
51 verbose reify failed optional dependency C:\Users\yuya2\tech0\STEP3-2\zukiraku_frontend\node_modules\@img\sharp-linuxmusl-x64
52 silly reify mark deleted [
52 silly reify   'C:\\Users\\yuya2\\tech0\\STEP3-2\\zukiraku_frontend\\node_modules\\@img\\sharp-linuxmusl-x64'
52 silly reify ]
53 verbose reify failed optional dependency C:\Users\yuya2\tech0\STEP3-2\zukiraku_frontend\node_modules\@img\sharp-linuxmusl-arm64
54 silly reify mark deleted [
54 silly reify   'C:\\Users\\yuya2\\tech0\\STEP3-2\\zukiraku_frontend\\node_modules\\@img\\sharp-linuxmusl-arm64'
54 silly reify ]
55 verbose reify failed optional dependency C:\Users\yuya2\tech0\STEP3-2\zukiraku_frontend\node_modules\@img\sharp-linux-x64
56 silly reify mark deleted [
56 silly reify   'C:\\Users\\yuya2\\tech0\\STEP3-2\\zukiraku_frontend\\node_modules\\@img\\sharp-linux-x64'
56 silly reify ]
57 verbose reify failed optional dependency C:\Users\yuya2\tech0\STEP3-2\zukiraku_frontend\node_modules\@img\sharp-linux-s390x
58 silly reify mark deleted [
58 silly reify   'C:\\Users\\yuya2\\tech0\\STEP3-2\\zukiraku_frontend\\node_modules\\@img\\sharp-linux-s390x'
58 silly reify ]
59 verbose reify failed optional dependency C:\Users\yuya2\tech0\STEP3-2\zukiraku_frontend\node_modules\@img\sharp-linux-arm64
60 silly reify mark deleted [
60 silly reify   'C:\\Users\\yuya2\\tech0\\STEP3-2\\zukiraku_frontend\\node_modules\\@img\\sharp-linux-arm64'
60 silly reify ]
61 verbose reify failed optional dependency C:\Users\yuya2\tech0\STEP3-2\zukiraku_frontend\node_modules\@img\sharp-linux-arm
62 silly reify mark deleted [
62 silly reify   'C:\\Users\\yuya2\\tech0\\STEP3-2\\zukiraku_frontend\\node_modules\\@img\\sharp-linux-arm'
62 silly reify ]
63 verbose reify failed optional dependency C:\Users\yuya2\tech0\STEP3-2\zukiraku_frontend\node_modules\@img\sharp-libvips-linuxmusl-x64
64 silly reify mark deleted [
64 silly reify   'C:\\Users\\yuya2\\tech0\\STEP3-2\\zukiraku_frontend\\node_modules\\@img\\sharp-libvips-linuxmusl-x64'
64 silly reify ]
65 verbose reify failed optional dependency C:\Users\yuya2\tech0\STEP3-2\zukiraku_frontend\node_modules\@img\sharp-libvips-linuxmusl-arm64
66 silly reify mark deleted [
66 silly reify   'C:\\Users\\yuya2\\tech0\\STEP3-2\\zukiraku_frontend\\node_modules\\@img\\sharp-libvips-linuxmusl-arm64'
66 silly reify ]
67 verbose reify failed optional dependency C:\Users\yuya2\tech0\STEP3-2\zukiraku_frontend\node_modules\@img\sharp-libvips-linux-x64
68 silly reify mark deleted [
68 silly reify   'C:\\Users\\yuya2\\tech0\\STEP3-2\\zukiraku_frontend\\node_modules\\@img\\sharp-libvips-linux-x64'
68 silly reify ]
69 verbose reify failed optional dependency C:\Users\yuya2\tech0\STEP3-2\zukiraku_frontend\node_modules\@img\sharp-libvips-linux-s390x
70 silly reify mark deleted [
70 silly reify   'C:\\Users\\yuya2\\tech0\\STEP3-2\\zukiraku_frontend\\node_modules\\@img\\sharp-libvips-linux-s390x'
70 silly reify ]
71 verbose reify failed optional dependency C:\Users\yuya2\tech0\STEP3-2\zukiraku_frontend\node_modules\@img\sharp-libvips-linux-arm64
72 silly reify mark deleted [
72 silly reify   'C:\\Users\\yuya2\\tech0\\STEP3-2\\zukiraku_frontend\\node_modules\\@img\\sharp-libvips-linux-arm64'
72 silly reify ]
73 verbose reify failed optional dependency C:\Users\yuya2\tech0\STEP3-2\zukiraku_frontend\node_modules\@img\sharp-libvips-linux-arm
74 silly reify mark deleted [
74 silly reify   'C:\\Users\\yuya2\\tech0\\STEP3-2\\zukiraku_frontend\\node_modules\\@img\\sharp-libvips-linux-arm'
74 silly reify ]
75 verbose reify failed optional dependency C:\Users\yuya2\tech0\STEP3-2\zukiraku_frontend\node_modules\@img\sharp-libvips-darwin-x64
76 silly reify mark deleted [
76 silly reify   'C:\\Users\\yuya2\\tech0\\STEP3-2\\zukiraku_frontend\\node_modules\\@img\\sharp-libvips-darwin-x64'
76 silly reify ]
77 verbose reify failed optional dependency C:\Users\yuya2\tech0\STEP3-2\zukiraku_frontend\node_modules\@img\sharp-libvips-darwin-arm64
78 silly reify mark deleted [
78 silly reify   'C:\\Users\\yuya2\\tech0\\STEP3-2\\zukiraku_frontend\\node_modules\\@img\\sharp-libvips-darwin-arm64'
78 silly reify ]
79 verbose reify failed optional dependency C:\Users\yuya2\tech0\STEP3-2\zukiraku_frontend\node_modules\@img\sharp-darwin-x64
80 silly reify mark deleted [
80 silly reify   'C:\\Users\\yuya2\\tech0\\STEP3-2\\zukiraku_frontend\\node_modules\\@img\\sharp-darwin-x64'
80 silly reify ]
81 verbose reify failed optional dependency C:\Users\yuya2\tech0\STEP3-2\zukiraku_frontend\node_modules\@img\sharp-darwin-arm64
82 silly reify mark deleted [
82 silly reify   'C:\\Users\\yuya2\\tech0\\STEP3-2\\zukiraku_frontend\\node_modules\\@img\\sharp-darwin-arm64'
82 silly reify ]
83 http cache @emnapi/runtime@https://registry.npmjs.org/@emnapi/runtime/-/runtime-1.3.1.tgz 0ms (cache hit)
84 http fetch POST 200 https://registry.npmjs.org/-/npm/v1/security/advisories/bulk 237ms
85 silly audit report {
85 silly audit report   braces: [
85 silly audit report     {
85 silly audit report       id: 1098094,
85 silly audit report       url: 'https://github.com/advisories/GHSA-grv7-fg5c-xmjg',
85 silly audit report       title: 'Uncontrolled resource consumption in braces',
85 silly audit report       severity: 'high',
85 silly audit report       vulnerable_versions: '<3.0.3',
85 silly audit report       cwe: [Array],
85 silly audit report       cvss: [Object]
85 silly audit report     }
85 silly audit report   ],
85 silly audit report   'cross-spawn': [
85 silly audit report     {
85 silly audit report       id: 1100563,
85 silly audit report       url: 'https://github.com/advisories/GHSA-3xgq-45jj-v275',
85 silly audit report       title: 'Regular Expression Denial of Service (ReDoS) in cross-spawn',
85 silly audit report       severity: 'high',
85 silly audit report       vulnerable_versions: '>=7.0.0 <7.0.5',
85 silly audit report       cwe: [Array],
85 silly audit report       cvss: [Object]
85 silly audit report     }
85 silly audit report   ],
85 silly audit report   micromatch: [
85 silly audit report     {
85 silly audit report       id: 1098681,
85 silly audit report       url: 'https://github.com/advisories/GHSA-952p-6rrq-rcjv',
85 silly audit report       title: 'Regular Expression Denial of Service (ReDoS) in micromatch',
85 silly audit report       severity: 'moderate',
85 silly audit report       vulnerable_versions: '<4.0.8',
85 silly audit report       cwe: [Array],
85 silly audit report       cvss: [Object]
85 silly audit report     }
85 silly audit report   ],
85 silly audit report   nanoid: [
85 silly audit report     {
85 silly audit report       id: 1101163,
85 silly audit report       url: 'https://github.com/advisories/GHSA-mwcw-c2x4-8c55',
85 silly audit report       title: 'Predictable results in nanoid generation when given non-integer values',
85 silly audit report       severity: 'moderate',
85 silly audit report       vulnerable_versions: '<3.3.8',
85 silly audit report       cwe: [Array],
85 silly audit report       cvss: [Object]
85 silly audit report     }
85 silly audit report   ],
85 silly audit report   next: [
85 silly audit report     {
85 silly audit report       id: 1103621,
85 silly audit report       url: 'https://github.com/advisories/GHSA-f82v-jwr5-mffw',
85 silly audit report       title: 'Authorization Bypass in Next.js Middleware',
85 silly audit report       severity: 'critical',
85 silly audit report       vulnerable_versions: '>=15.0.0 <15.2.3',
85 silly audit report       cwe: [Array],
85 silly audit report       cvss: [Object]
85 silly audit report     }
85 silly audit report   ]
85 silly audit report }
86 silly packumentCache corgi:https://registry.npmjs.org/braces cache-miss
87 silly packumentCache corgi:https://registry.npmjs.org/cross-spawn cache-miss
88 silly packumentCache corgi:https://registry.npmjs.org/micromatch cache-miss
89 silly packumentCache corgi:https://registry.npmjs.org/nanoid cache-miss
90 silly packumentCache corgi:https://registry.npmjs.org/next cache-miss
91 http cache https://registry.npmjs.org/braces 9ms (cache hit)
92 silly packumentCache corgi:https://registry.npmjs.org/braces set size:35919 disposed:false
93 http cache https://registry.npmjs.org/micromatch 9ms (cache hit)
94 silly packumentCache corgi:https://registry.npmjs.org/micromatch set size:71776 disposed:false
95 http cache https://registry.npmjs.org/cross-spawn 12ms (cache hit)
96 silly packumentCache corgi:https://registry.npmjs.org/cross-spawn set size:44626 disposed:false
97 http cache https://registry.npmjs.org/nanoid 12ms (cache hit)
98 silly packumentCache corgi:https://registry.npmjs.org/nanoid set size:143800 disposed:false
99 http cache https://registry.npmjs.org/next 40ms (cache hit)
100 silly packumentCache corgi:https://registry.npmjs.org/next set size:19579599 disposed:false
101 silly packumentCache corgi:https://registry.npmjs.org/chokidar cache-miss
102 http cache https://registry.npmjs.org/chokidar 5ms (cache hit)
103 silly packumentCache corgi:https://registry.npmjs.org/chokidar set size:118541 disposed:false
104 silly packumentCache corgi:https://registry.npmjs.org/eslint cache-miss
105 http cache https://registry.npmjs.org/eslint 5ms (cache hit)
106 silly packumentCache corgi:https://registry.npmjs.org/eslint set size:1044490 disposed:false
107 silly packumentCache corgi:https://registry.npmjs.org/fast-glob cache-miss
108 silly packumentCache corgi:https://registry.npmjs.org/tailwindcss cache-miss
109 http cache https://registry.npmjs.org/fast-glob 5ms (cache hit)
110 silly packumentCache corgi:https://registry.npmjs.org/fast-glob set size:86036 disposed:false
111 http cache https://registry.npmjs.org/tailwindcss 11ms (cache hit)
112 silly packumentCache corgi:https://registry.npmjs.org/tailwindcss set size:4225372 disposed:false
113 silly packumentCache corgi:https://registry.npmjs.org/postcss cache-miss
114 http cache https://registry.npmjs.org/postcss 5ms (cache hit)
115 silly packumentCache corgi:https://registry.npmjs.org/postcss set size:334606 disposed:false
116 silly ADD
117 silly ADD
118 silly ADD
119 silly ADD
120 silly ADD
121 silly ADD
122 silly ADD
123 silly ADD
124 silly ADD
125 silly ADD
126 silly ADD
127 silly ADD
128 silly ADD
129 silly ADD
130 silly ADD
131 silly ADD
132 silly ADD
133 silly ADD
134 silly ADD
135 silly ADD
136 silly ADD
137 silly ADD
138 silly ADD
139 silly ADD
140 silly ADD
141 silly ADD
142 silly ADD
143 verbose cwd C:\Users\yuya2\tech0\STEP3-2\zukiraku_frontend
144 verbose os Windows_NT 10.0.26100
145 verbose node v22.13.0
146 verbose npm  v10.9.2
147 verbose exit 0
148 info ok
