0 verbose cli C:\Program Files\nodejs\node.exe C:\Program Files\nodejs\node_modules\npm\bin\npm-cli.js
1 info using npm@10.9.2
2 info using node@v22.13.0
3 silly config load:file:C:\Program Files\nodejs\node_modules\npm\npmrc
4 silly config load:file:C:\Users\yuya2\tech0\STEP3-2\zukiraku_frontend\.npmrc
5 silly config load:file:C:\Users\yuya2\.npmrc
6 silly config load:file:C:\Users\yuya2\tech0\STEP3-2\zukiraku_frontend\npm-global\etc\npmrc
7 verbose title npm install uuid
8 verbose argv "install" "uuid"
9 verbose logfile logs-max:10 dir:C:\Users\yuya2\tech0\STEP3-2\zukiraku_frontend\npm-cache\_logs\2025-04-10T02_11_25_384Z-
10 verbose logfile C:\Users\yuya2\tech0\STEP3-2\zukiraku_frontend\npm-cache\_logs\2025-04-10T02_11_25_384Z-debug-0.log
11 silly logfile done cleaning log files
12 silly packumentCache heap:4345298944 maxSize:1086324736 maxEntrySize:543162368
13 silly idealTree buildDeps
14 silly fetch manifest uuid@*
15 silly packumentCache full:https://registry.npmjs.org/uuid cache-miss
16 http fetch GET 200 https://registry.npmjs.org/uuid 153ms (cache miss)
17 silly packumentCache full:https://registry.npmjs.org/uuid set size:undefined disposed:false
18 silly placeDep ROOT uuid@11.1.0 OK for: frontend@0.1.0 want: *
19 silly fetch manifest eslint@^8.57.0 || ^9.0.0
20 silly packumentCache full:https://registry.npmjs.org/eslint cache-miss
21 http fetch GET 200 https://registry.npmjs.org/eslint 62ms (cache updated)
22 silly packumentCache full:https://registry.npmjs.org/eslint set size:undefined disposed:false
23 silly fetch manifest jiti@*
24 silly packumentCache full:https://registry.npmjs.org/jiti cache-miss
25 http fetch GET 200 https://registry.npmjs.org/jiti 42ms (cache updated)
26 silly packumentCache full:https://registry.npmjs.org/jiti set size:undefined disposed:false
27 warn ERESOLVE overriding peer dependency {
27 warn ERESOLVE   code: 'ERESOLVE',
27 warn ERESOLVE   edge: {
27 warn ERESOLVE     type: 'peer',
27 warn ERESOLVE     name: 'eslint',
27 warn ERESOLVE     spec: '^8.57.0 || ^9.0.0',
27 warn ERESOLVE     error: 'INVALID',
27 warn ERESOLVE     from: {
27 warn ERESOLVE       name: '@typescript-eslint/eslint-plugin',
27 warn ERESOLVE       version: '8.19.0',
27 warn ERESOLVE       location: 'node_modules/eslint-config-next/node_modules/@typescript-eslint/eslint-plugin',
27 warn ERESOLVE       isWorkspace: false,
27 warn ERESOLVE       dependents: [Array]
27 warn ERESOLVE     }
27 warn ERESOLVE   },
27 warn ERESOLVE   dep: {
27 warn ERESOLVE     name: 'eslint',
27 warn ERESOLVE     version: '9.24.0',
27 warn ERESOLVE     whileInstalling: {
27 warn ERESOLVE       name: '@typescript-eslint/eslint-plugin',
27 warn ERESOLVE       version: '8.19.0',
27 warn ERESOLVE       path: 'C:\\Users\\yuya2\\tech0\\STEP3-2\\zukiraku_frontend\\node_modules\\eslint-config-next\\node_modules\\@typescript-eslint\\eslint-plugin'
27 warn ERESOLVE     },
27 warn ERESOLVE     location: 'node_modules/eslint',
27 warn ERESOLVE     isWorkspace: false,
27 warn ERESOLVE     dependents: [ [Object] ]
27 warn ERESOLVE   },
27 warn ERESOLVE   force: false,
27 warn ERESOLVE   isMine: false,
27 warn ERESOLVE   strictPeerDeps: false,
27 warn ERESOLVE   current: {
27 warn ERESOLVE     name: 'eslint',
27 warn ERESOLVE     version: '8.55.0',
27 warn ERESOLVE     location: 'node_modules/eslint',
27 warn ERESOLVE     isWorkspace: false,
27 warn ERESOLVE     dependents: [
27 warn ERESOLVE       [Object], [Object],
27 warn ERESOLVE       [Object], [Object],
27 warn ERESOLVE       [Object], [Object],
27 warn ERESOLVE       [Object], [Object]
27 warn ERESOLVE     ]
27 warn ERESOLVE   },
27 warn ERESOLVE   peerConflict: {
27 warn ERESOLVE     current: {
27 warn ERESOLVE       name: 'eslint',
27 warn ERESOLVE       version: '8.55.0',
27 warn ERESOLVE       location: 'node_modules/eslint',
27 warn ERESOLVE       isWorkspace: false,
27 warn ERESOLVE       dependents: [Array]
27 warn ERESOLVE     },
27 warn ERESOLVE     peer: {
27 warn ERESOLVE       name: 'eslint',
27 warn ERESOLVE       version: '9.24.0',
27 warn ERESOLVE       whileInstalling: [Object],
27 warn ERESOLVE       location: 'node_modules/eslint',
27 warn ERESOLVE       isWorkspace: false,
27 warn ERESOLVE       dependents: [Array]
27 warn ERESOLVE     }
27 warn ERESOLVE   }
27 warn ERESOLVE }
28 warn ERESOLVE overriding peer dependency {
28 warn ERESOLVE   code: 'ERESOLVE',
28 warn ERESOLVE   edge: {
28 warn ERESOLVE     type: 'peer',
28 warn ERESOLVE     name: 'eslint',
28 warn ERESOLVE     spec: '^8.57.0 || ^9.0.0',
28 warn ERESOLVE     error: 'INVALID',
28 warn ERESOLVE     from: {
28 warn ERESOLVE       name: '@typescript-eslint/parser',
28 warn ERESOLVE       version: '8.19.0',
28 warn ERESOLVE       location: 'node_modules/eslint-config-next/node_modules/@typescript-eslint/parser',
28 warn ERESOLVE       isWorkspace: false,
28 warn ERESOLVE       dependents: [Array]
28 warn ERESOLVE     }
28 warn ERESOLVE   },
28 warn ERESOLVE   dep: {
28 warn ERESOLVE     name: 'eslint',
28 warn ERESOLVE     version: '9.24.0',
28 warn ERESOLVE     whileInstalling: {
28 warn ERESOLVE       name: '@typescript-eslint/parser',
28 warn ERESOLVE       version: '8.19.0',
28 warn ERESOLVE       path: 'C:\\Users\\yuya2\\tech0\\STEP3-2\\zukiraku_frontend\\node_modules\\eslint-config-next\\node_modules\\@typescript-eslint\\parser'
28 warn ERESOLVE     },
28 warn ERESOLVE     location: 'node_modules/eslint',
28 warn ERESOLVE     isWorkspace: false,
28 warn ERESOLVE     dependents: [ [Object] ]
28 warn ERESOLVE   },
28 warn ERESOLVE   force: false,
28 warn ERESOLVE   isMine: false,
28 warn ERESOLVE   strictPeerDeps: false,
28 warn ERESOLVE   current: {
28 warn ERESOLVE     name: 'eslint',
28 warn ERESOLVE     version: '8.55.0',
28 warn ERESOLVE     location: 'node_modules/eslint',
28 warn ERESOLVE     isWorkspace: false,
28 warn ERESOLVE     dependents: [
28 warn ERESOLVE       [Object], [Object],
28 warn ERESOLVE       [Object], [Object],
28 warn ERESOLVE       [Object], [Object],
28 warn ERESOLVE       [Object], [Object]
28 warn ERESOLVE     ]
28 warn ERESOLVE   },
28 warn ERESOLVE   peerConflict: {
28 warn ERESOLVE     current: {
28 warn ERESOLVE       name: 'eslint',
28 warn ERESOLVE       version: '8.55.0',
28 warn ERESOLVE       location: 'node_modules/eslint',
28 warn ERESOLVE       isWorkspace: false,
28 warn ERESOLVE       dependents: [Array]
28 warn ERESOLVE     },
28 warn ERESOLVE     peer: {
28 warn ERESOLVE       name: 'eslint',
28 warn ERESOLVE       version: '9.24.0',
28 warn ERESOLVE       whileInstalling: [Object],
28 warn ERESOLVE       location: 'node_modules/eslint',
28 warn ERESOLVE       isWorkspace: false,
28 warn ERESOLVE       dependents: [Array]
28 warn ERESOLVE     }
28 warn ERESOLVE   }
28 warn ERESOLVE }
29 warn ERESOLVE overriding peer dependency {
29 warn ERESOLVE   code: 'ERESOLVE',
29 warn ERESOLVE   edge: {
29 warn ERESOLVE     type: 'peer',
29 warn ERESOLVE     name: 'eslint',
29 warn ERESOLVE     spec: '^8.57.0 || ^9.0.0',
29 warn ERESOLVE     error: 'INVALID',
29 warn ERESOLVE     from: {
29 warn ERESOLVE       name: '@typescript-eslint/type-utils',
29 warn ERESOLVE       version: '8.19.0',
29 warn ERESOLVE       location: 'node_modules/eslint-config-next/node_modules/@typescript-eslint/eslint-plugin/node_modules/@typescript-eslint/type-utils',
29 warn ERESOLVE       isWorkspace: false,
29 warn ERESOLVE       dependents: [Array]
29 warn ERESOLVE     }
29 warn ERESOLVE   },
29 warn ERESOLVE   dep: {
29 warn ERESOLVE     name: 'eslint',
29 warn ERESOLVE     version: '9.24.0',
29 warn ERESOLVE     whileInstalling: {
29 warn ERESOLVE       name: '@typescript-eslint/type-utils',
29 warn ERESOLVE       version: '8.19.0',
29 warn ERESOLVE       path: 'C:\\Users\\yuya2\\tech0\\STEP3-2\\zukiraku_frontend\\node_modules\\eslint-config-next\\node_modules\\@typescript-eslint\\eslint-plugin\\node_modules\\@typescript-eslint\\type-utils'
29 warn ERESOLVE     },
29 warn ERESOLVE     location: 'node_modules/eslint',
29 warn ERESOLVE     isWorkspace: false,
29 warn ERESOLVE     dependents: [ [Object] ]
29 warn ERESOLVE   },
29 warn ERESOLVE   force: false,
29 warn ERESOLVE   isMine: false,
29 warn ERESOLVE   strictPeerDeps: false,
29 warn ERESOLVE   current: {
29 warn ERESOLVE     name: 'eslint',
29 warn ERESOLVE     version: '8.55.0',
29 warn ERESOLVE     location: 'node_modules/eslint',
29 warn ERESOLVE     isWorkspace: false,
29 warn ERESOLVE     dependents: [
29 warn ERESOLVE       [Object], [Object],
29 warn ERESOLVE       [Object], [Object],
29 warn ERESOLVE       [Object], [Object],
29 warn ERESOLVE       [Object], [Object]
29 warn ERESOLVE     ]
29 warn ERESOLVE   },
29 warn ERESOLVE   peerConflict: {
29 warn ERESOLVE     current: {
29 warn ERESOLVE       name: 'eslint',
29 warn ERESOLVE       version: '8.55.0',
29 warn ERESOLVE       location: 'node_modules/eslint',
29 warn ERESOLVE       isWorkspace: false,
29 warn ERESOLVE       dependents: [Array]
29 warn ERESOLVE     },
29 warn ERESOLVE     peer: {
29 warn ERESOLVE       name: 'eslint',
29 warn ERESOLVE       version: '9.24.0',
29 warn ERESOLVE       whileInstalling: [Object],
29 warn ERESOLVE       location: 'node_modules/eslint',
29 warn ERESOLVE       isWorkspace: false,
29 warn ERESOLVE       dependents: [Array]
29 warn ERESOLVE     }
29 warn ERESOLVE   }
29 warn ERESOLVE }
30 warn ERESOLVE overriding peer dependency {
30 warn ERESOLVE   code: 'ERESOLVE',
30 warn ERESOLVE   edge: {
30 warn ERESOLVE     type: 'peer',
30 warn ERESOLVE     name: 'eslint',
30 warn ERESOLVE     spec: '^8.57.0 || ^9.0.0',
30 warn ERESOLVE     error: 'INVALID',
30 warn ERESOLVE     from: {
30 warn ERESOLVE       name: '@typescript-eslint/utils',
30 warn ERESOLVE       version: '8.19.0',
30 warn ERESOLVE       location: 'node_modules/eslint-config-next/node_modules/@typescript-eslint/eslint-plugin/node_modules/@typescript-eslint/utils',
30 warn ERESOLVE       isWorkspace: false,
30 warn ERESOLVE       dependents: [Array]
30 warn ERESOLVE     }
30 warn ERESOLVE   },
30 warn ERESOLVE   dep: {
30 warn ERESOLVE     name: 'eslint',
30 warn ERESOLVE     version: '9.24.0',
30 warn ERESOLVE     whileInstalling: {
30 warn ERESOLVE       name: '@typescript-eslint/utils',
30 warn ERESOLVE       version: '8.19.0',
30 warn ERESOLVE       path: 'C:\\Users\\yuya2\\tech0\\STEP3-2\\zukiraku_frontend\\node_modules\\eslint-config-next\\node_modules\\@typescript-eslint\\eslint-plugin\\node_modules\\@typescript-eslint\\utils'
30 warn ERESOLVE     },
30 warn ERESOLVE     location: 'node_modules/eslint',
30 warn ERESOLVE     isWorkspace: false,
30 warn ERESOLVE     dependents: [ [Object] ]
30 warn ERESOLVE   },
30 warn ERESOLVE   force: false,
30 warn ERESOLVE   isMine: false,
30 warn ERESOLVE   strictPeerDeps: false,
30 warn ERESOLVE   current: {
30 warn ERESOLVE     name: 'eslint',
30 warn ERESOLVE     version: '8.55.0',
30 warn ERESOLVE     location: 'node_modules/eslint',
30 warn ERESOLVE     isWorkspace: false,
30 warn ERESOLVE     dependents: [
30 warn ERESOLVE       [Object], [Object],
30 warn ERESOLVE       [Object], [Object],
30 warn ERESOLVE       [Object], [Object],
30 warn ERESOLVE       [Object], [Object]
30 warn ERESOLVE     ]
30 warn ERESOLVE   },
30 warn ERESOLVE   peerConflict: {
30 warn ERESOLVE     current: {
30 warn ERESOLVE       name: 'eslint',
30 warn ERESOLVE       version: '8.55.0',
30 warn ERESOLVE       location: 'node_modules/eslint',
30 warn ERESOLVE       isWorkspace: false,
30 warn ERESOLVE       dependents: [Array]
30 warn ERESOLVE     },
30 warn ERESOLVE     peer: {
30 warn ERESOLVE       name: 'eslint',
30 warn ERESOLVE       version: '9.24.0',
30 warn ERESOLVE       whileInstalling: [Object],
30 warn ERESOLVE       location: 'node_modules/eslint',
30 warn ERESOLVE       isWorkspace: false,
30 warn ERESOLVE       dependents: [Array]
30 warn ERESOLVE     }
30 warn ERESOLVE   }
30 warn ERESOLVE }
31 silly reify moves {}
32 silly audit bulk request {
32 silly audit   '@aashutoshrathi/word-wrap': [ '1.2.6' ],
32 silly audit   '@alloc/quick-lru': [ '5.2.0' ],
32 silly audit   '@emnapi/runtime': [ '1.3.1' ],
32 silly audit   '@eslint-community/eslint-utils': [ '4.4.0' ],
32 silly audit   '@eslint-community/regexpp': [ '4.10.0' ],
32 silly audit   '@eslint/eslintrc': [ '2.1.4' ],
32 silly audit   '@eslint/js': [ '8.55.0' ],
32 silly audit   '@humanwhocodes/config-array': [ '0.11.13' ],
32 silly audit   '@humanwhocodes/module-importer': [ '1.0.1' ],
32 silly audit   '@humanwhocodes/object-schema': [ '2.0.1' ],
32 silly audit   '@img/sharp-darwin-arm64': [ '0.33.5' ],
32 silly audit   '@img/sharp-darwin-x64': [ '0.33.5' ],
32 silly audit   '@img/sharp-libvips-darwin-arm64': [ '1.0.4' ],
32 silly audit   '@img/sharp-libvips-darwin-x64': [ '1.0.4' ],
32 silly audit   '@img/sharp-libvips-linux-arm': [ '1.0.5' ],
32 silly audit   '@img/sharp-libvips-linux-arm64': [ '1.0.4' ],
32 silly audit   '@img/sharp-libvips-linux-s390x': [ '1.0.4' ],
32 silly audit   '@img/sharp-libvips-linux-x64': [ '1.0.4' ],
32 silly audit   '@img/sharp-libvips-linuxmusl-arm64': [ '1.0.4' ],
32 silly audit   '@img/sharp-libvips-linuxmusl-x64': [ '1.0.4' ],
32 silly audit   '@img/sharp-linux-arm': [ '0.33.5' ],
32 silly audit   '@img/sharp-linux-arm64': [ '0.33.5' ],
32 silly audit   '@img/sharp-linux-s390x': [ '0.33.5' ],
32 silly audit   '@img/sharp-linux-x64': [ '0.33.5' ],
32 silly audit   '@img/sharp-linuxmusl-arm64': [ '0.33.5' ],
32 silly audit   '@img/sharp-linuxmusl-x64': [ '0.33.5' ],
32 silly audit   '@img/sharp-wasm32': [ '0.33.5' ],
32 silly audit   '@img/sharp-win32-ia32': [ '0.33.5' ],
32 silly audit   '@img/sharp-win32-x64': [ '0.33.5' ],
32 silly audit   '@jridgewell/gen-mapping': [ '0.3.3' ],
32 silly audit   '@jridgewell/resolve-uri': [ '3.1.1' ],
32 silly audit   '@jridgewell/set-array': [ '1.1.2' ],
32 silly audit   '@jridgewell/sourcemap-codec': [ '1.4.15' ],
32 silly audit   '@jridgewell/trace-mapping': [ '0.3.20' ],
32 silly audit   '@next/env': [ '15.1.7' ],
32 silly audit   '@next/eslint-plugin-next': [ '15.1.3' ],
32 silly audit   'fast-glob': [ '3.3.1', '3.3.2' ],
32 silly audit   'glob-parent': [ '5.1.2', '6.0.2' ],
32 silly audit   '@next/swc-darwin-arm64': [ '15.1.7' ],
32 silly audit   '@next/swc-darwin-x64': [ '15.1.7' ],
32 silly audit   '@next/swc-linux-arm64-gnu': [ '15.1.7' ],
32 silly audit   '@next/swc-linux-arm64-musl': [ '15.1.7' ],
32 silly audit   '@next/swc-linux-x64-gnu': [ '15.1.7' ],
32 silly audit   '@next/swc-linux-x64-musl': [ '15.1.7' ],
32 silly audit   '@next/swc-win32-arm64-msvc': [ '15.1.7' ],
32 silly audit   '@next/swc-win32-x64-msvc': [ '15.1.7' ],
32 silly audit   '@nodelib/fs.scandir': [ '2.1.5' ],
32 silly audit   '@nodelib/fs.stat': [ '2.0.5' ],
32 silly audit   '@nodelib/fs.walk': [ '1.2.8' ],
32 silly audit   '@rtsao/scc': [ '1.1.0' ],
32 silly audit   '@rushstack/eslint-patch': [ '1.10.4' ],
32 silly audit   '@swc/counter': [ '0.1.3' ],
32 silly audit   '@swc/helpers': [ '0.5.15' ],
32 silly audit   '@types/json5': [ '0.0.29' ],
32 silly audit   '@types/node': [ '22.14.0' ],
32 silly audit   '@types/react': [ '19.1.0' ],
32 silly audit   '@ungap/structured-clone': [ '1.2.0' ],
32 silly audit   acorn: [ '8.11.2' ],
32 silly audit   'acorn-jsx': [ '5.3.2' ],
32 silly audit   ajv: [ '6.12.6' ],
32 silly audit   'ansi-regex': [ '5.0.1' ],
32 silly audit   'ansi-styles': [ '4.3.0' ],
32 silly audit   'any-promise': [ '1.3.0' ],
32 silly audit   anymatch: [ '3.1.3' ],
32 silly audit   arg: [ '5.0.2' ],
32 silly audit   argparse: [ '2.0.1' ],
32 silly audit   'aria-query': [ '5.3.2' ],
32 silly audit   'array-buffer-byte-length': [ '1.0.2' ],
32 silly audit   'array-includes': [ '3.1.8' ],
32 silly audit   'array.prototype.findlast': [ '1.2.5' ],
32 silly audit   'array.prototype.findlastindex': [ '1.2.5' ],
32 silly audit   'array.prototype.flat': [ '1.3.2' ],
32 silly audit   'array.prototype.flatmap': [ '1.3.3' ],
32 silly audit   'array.prototype.tosorted': [ '1.1.4' ],
32 silly audit   'arraybuffer.prototype.slice': [ '1.0.4' ],
32 silly audit   'ast-types-flow': [ '0.0.8' ],
32 silly audit   autoprefixer: [ '10.4.16' ],
32 silly audit   'available-typed-arrays': [ '1.0.7' ],
32 silly audit   'axe-core': [ '4.10.2' ],
32 silly audit   'axobject-query': [ '4.1.0' ],
32 silly audit   'balanced-match': [ '1.0.2' ],
32 silly audit   'binary-extensions': [ '2.2.0' ],
32 silly audit   'brace-expansion': [ '1.1.11', '2.0.1' ],
32 silly audit   braces: [ '3.0.2' ],
32 silly audit   browserslist: [ '4.22.2' ],
32 silly audit   busboy: [ '1.6.0' ],
32 silly audit   'call-bind': [ '1.0.8' ],
32 silly audit   'call-bind-apply-helpers': [ '1.0.1' ],
32 silly audit   'call-bound': [ '1.0.3' ],
32 silly audit   callsites: [ '3.1.0' ],
32 silly audit   'camelcase-css': [ '2.0.1' ],
32 silly audit   'caniuse-lite': [ '1.0.30001690' ],
32 silly audit   chalk: [ '4.1.2' ],
32 silly audit   chokidar: [ '3.5.3' ],
32 silly audit   'client-only': [ '0.0.1' ],
32 silly audit   color: [ '4.2.3' ],
32 silly audit   'color-convert': [ '2.0.1' ],
32 silly audit   'color-name': [ '1.1.4' ],
32 silly audit   'color-string': [ '1.9.1' ],
32 silly audit   commander: [ '4.1.1' ],
32 silly audit   'concat-map': [ '0.0.1' ],
32 silly audit   'cross-spawn': [ '7.0.3' ],
32 silly audit   'css-selector-tokenizer': [ '0.8.0' ],
32 silly audit   cssesc: [ '3.0.0' ],
32 silly audit   csstype: [ '3.1.3' ],
32 silly audit   culori: [ '3.3.0' ],
32 silly audit   daisyui: [ '4.4.19' ],
32 silly audit   'damerau-levenshtein': [ '1.0.8' ],
32 silly audit   'data-view-buffer': [ '1.0.2' ],
32 silly audit   'data-view-byte-length': [ '1.0.2' ],
32 silly audit   'data-view-byte-offset': [ '1.0.1' ],
32 silly audit   debug: [ '4.3.4', '3.2.7' ],
32 silly audit   'deep-is': [ '0.1.4' ],
32 silly audit   'define-data-property': [ '1.1.4' ],
32 silly audit   'define-properties': [ '1.2.1' ],
32 silly audit   'detect-libc': [ '2.0.3' ],
32 silly audit   didyoumean: [ '1.2.2' ],
32 silly audit   dlv: [ '1.1.3' ],
32 silly audit   doctrine: [ '3.0.0', '2.1.0' ],
32 silly audit   dotenv: [ '16.4.1' ],
32 silly audit   'dunder-proto': [ '1.0.1' ],
32 silly audit   'electron-to-chromium': [ '1.4.605' ],
32 silly audit   'emoji-regex': [ '9.2.2' ],
32 silly audit   'enhanced-resolve': [ '5.15.0' ],
32 silly audit   'es-abstract': [ '1.23.9' ],
32 silly audit   'es-define-property': [ '1.0.1' ],
32 silly audit   'es-errors': [ '1.3.0' ],
32 silly audit   'es-iterator-helpers': [ '1.2.1' ],
32 silly audit   'es-object-atoms': [ '1.0.0' ],
32 silly audit   'es-set-tostringtag': [ '2.1.0' ],
32 silly audit   'es-shim-unscopables': [ '1.0.2' ],
32 silly audit   'es-to-primitive': [ '1.3.0' ],
32 silly audit   escalade: [ '3.1.1' ],
32 silly audit   'escape-string-regexp': [ '4.0.0' ],
32 silly audit   eslint: [ '8.55.0' ],
32 silly audit   'eslint-config-next': [ '15.1.3' ],
32 silly audit   '@typescript-eslint/eslint-plugin': [ '8.19.0' ],
32 silly audit   '@typescript-eslint/type-utils': [ '8.19.0' ],
32 silly audit   '@typescript-eslint/utils': [ '8.19.0' ],
32 silly audit   '@typescript-eslint/parser': [ '8.19.0' ],
32 silly audit   '@typescript-eslint/scope-manager': [ '8.19.0' ],
32 silly audit   '@typescript-eslint/types': [ '8.19.0' ],
32 silly audit   '@typescript-eslint/typescript-estree': [ '8.19.0' ],
32 silly audit   '@typescript-eslint/visitor-keys': [ '8.19.0' ],
32 silly audit   'eslint-visitor-keys': [ '4.2.0', '3.4.3' ],
32 silly audit   minimatch: [ '9.0.5', '3.1.2' ],
32 silly audit   'eslint-import-resolver-node': [ '0.3.9' ],
32 silly audit   'eslint-import-resolver-typescript': [ '3.6.1' ],
32 silly audit   'eslint-module-utils': [ '2.12.0' ],
32 silly audit   'eslint-plugin-import': [ '2.31.0' ],
32 silly audit   semver: [ '6.3.1', '7.6.3' ],
32 silly audit   'eslint-plugin-jsx-a11y': [ '6.10.2' ],
32 silly audit   'eslint-plugin-react': [ '7.37.3' ],
32 silly audit   'eslint-plugin-react-hooks': [ '5.1.0' ],
32 silly audit   resolve: [ '2.0.0-next.5', '1.22.8' ],
32 silly audit   'eslint-scope': [ '7.2.2' ],
32 silly audit   espree: [ '9.6.1' ],
32 silly audit   esquery: [ '1.5.0' ],
32 silly audit   esrecurse: [ '4.3.0' ],
32 silly audit   estraverse: [ '5.3.0' ],
32 silly audit   esutils: [ '2.0.3' ],
32 silly audit   'fast-deep-equal': [ '3.1.3' ],
32 silly audit   'fast-json-stable-stringify': [ '2.1.0' ],
32 silly audit   'fast-levenshtein': [ '2.0.6' ],
32 silly audit   fastparse: [ '1.1.2' ],
32 silly audit   fastq: [ '1.15.0' ],
32 silly audit   'file-entry-cache': [ '6.0.1' ],
32 silly audit   'fill-range': [ '7.0.1' ],
32 silly audit   'find-up': [ '5.0.0' ],
32 silly audit   'flat-cache': [ '3.2.0' ],
32 silly audit   flatted: [ '3.2.9' ],
32 silly audit   'for-each': [ '0.3.3' ],
32 silly audit   'fraction.js': [ '4.3.7' ],
32 silly audit   'fs.realpath': [ '1.0.0' ],
32 silly audit   fsevents: [ '2.3.3' ],
32 silly audit   'function-bind': [ '1.1.2' ],
32 silly audit   'function.prototype.name': [ '1.1.8' ],
32 silly audit   'functions-have-names': [ '1.2.3' ],
32 silly audit   'get-intrinsic': [ '1.2.7' ],
32 silly audit   'get-proto': [ '1.0.1' ],
32 silly audit   'get-symbol-description': [ '1.1.0' ],
32 silly audit   'get-tsconfig': [ '4.7.2' ],
32 silly audit   glob: [ '7.1.7', '7.1.6' ],
32 silly audit   globals: [ '13.23.0' ],
32 silly audit   globalthis: [ '1.0.4' ],
32 silly audit   gopd: [ '1.2.0' ],
32 silly audit   'graceful-fs': [ '4.2.11' ],
32 silly audit   graphemer: [ '1.4.0' ],
32 silly audit   'has-bigints': [ '1.1.0' ],
32 silly audit   'has-flag': [ '4.0.0' ],
32 silly audit   'has-property-descriptors': [ '1.0.2' ],
32 silly audit   'has-proto': [ '1.2.0' ],
32 silly audit   'has-symbols': [ '1.1.0' ],
32 silly audit   'has-tostringtag': [ '1.0.2' ],
32 silly audit   hasown: [ '2.0.2' ],
32 silly audit   ignore: [ '5.3.2' ],
32 silly audit   'import-fresh': [ '3.3.0' ],
32 silly audit   imurmurhash: [ '0.1.4' ],
32 silly audit   inflight: [ '1.0.6' ],
32 silly audit   inherits: [ '2.0.4' ],
32 silly audit   'internal-slot': [ '1.1.0' ],
32 silly audit   'is-array-buffer': [ '3.0.5' ],
32 silly audit   'is-arrayish': [ '0.3.2' ],
32 silly audit   'is-async-function': [ '2.1.0' ],
32 silly audit   'is-bigint': [ '1.1.0' ],
32 silly audit   'is-binary-path': [ '2.1.0' ],
32 silly audit   'is-boolean-object': [ '1.2.1' ],
32 silly audit   'is-callable': [ '1.2.7' ],
32 silly audit   'is-core-module': [ '2.16.1' ],
32 silly audit   'is-data-view': [ '1.0.2' ],
32 silly audit   'is-date-object': [ '1.1.0' ],
32 silly audit   'is-extglob': [ '2.1.1' ],
32 silly audit   'is-finalizationregistry': [ '1.1.1' ],
32 silly audit   'is-generator-function': [ '1.1.0' ],
32 silly audit   'is-glob': [ '4.0.3' ],
32 silly audit   'is-map': [ '2.0.3' ],
32 silly audit   'is-number': [ '7.0.0' ],
32 silly audit   'is-number-object': [ '1.1.1' ],
32 silly audit   'is-path-inside': [ '3.0.3' ],
32 silly audit   'is-regex': [ '1.2.1' ],
32 silly audit   'is-set': [ '2.0.3' ],
32 silly audit   'is-shared-array-buffer': [ '1.0.4' ],
32 silly audit   'is-string': [ '1.1.1' ],
32 silly audit   'is-symbol': [ '1.1.1' ],
32 silly audit   'is-typed-array': [ '1.1.15' ],
32 silly audit   'is-weakmap': [ '2.0.2' ],
32 silly audit   'is-weakref': [ '1.1.0' ],
32 silly audit   'is-weakset': [ '2.0.4' ],
32 silly audit   isarray: [ '2.0.5' ],
32 silly audit   isexe: [ '2.0.0' ],
32 silly audit   'iterator.prototype': [ '1.1.5' ],
32 silly audit   jiti: [ '1.21.0' ],
32 silly audit   'js-tokens': [ '4.0.0' ],
32 silly audit   'js-yaml': [ '4.1.0' ],
32 silly audit   'json-buffer': [ '3.0.1' ],
32 silly audit   'json-schema-traverse': [ '0.4.1' ],
32 silly audit   'json-stable-stringify-without-jsonify': [ '1.0.1' ],
32 silly audit   json5: [ '1.0.2' ],
32 silly audit   'jsx-ast-utils': [ '3.3.5' ],
32 silly audit   keyv: [ '4.5.4' ],
32 silly audit   'language-subtag-registry': [ '0.3.23' ],
32 silly audit   'language-tags': [ '1.0.9' ],
32 silly audit   levn: [ '0.4.1' ],
32 silly audit   lilconfig: [ '2.1.0', '3.0.0' ],
32 silly audit   'lines-and-columns': [ '1.2.4' ],
32 silly audit   'locate-path': [ '6.0.0' ],
32 silly audit   'lodash.merge': [ '4.6.2' ],
32 silly audit   'loose-envify': [ '1.4.0' ],
32 silly audit   'math-intrinsics': [ '1.1.0' ],
32 silly audit   merge2: [ '1.4.1' ],
32 silly audit   micromatch: [ '4.0.5' ],
32 silly audit   minimist: [ '1.2.8' ],
32 silly audit   ms: [ '2.1.2' ],
32 silly audit   mz: [ '2.7.0' ],
32 silly audit   nanoid: [ '3.3.7' ],
32 silly audit   'natural-compare': [ '1.4.0' ],
32 silly audit   next: [ '15.1.7' ],
32 silly audit   postcss: [ '8.4.31', '8.4.32' ],
32 silly audit   'node-releases': [ '2.0.14' ],
32 silly audit   'normalize-path': [ '3.0.0' ],
32 silly audit   'normalize-range': [ '0.1.2' ],
32 silly audit   'object-assign': [ '4.1.1' ],
32 silly audit   'object-hash': [ '3.0.0' ],
32 silly audit   'object-inspect': [ '1.13.3' ],
32 silly audit   'object-keys': [ '1.1.1' ],
32 silly audit   'object.assign': [ '4.1.7' ],
32 silly audit   'object.entries': [ '1.1.8' ],
32 silly audit   'object.fromentries': [ '2.0.8' ],
32 silly audit   'object.groupby': [ '1.0.3' ],
32 silly audit   'object.values': [ '1.2.1' ],
32 silly audit   once: [ '1.4.0' ],
32 silly audit   optionator: [ '0.9.3' ],
32 silly audit   'own-keys': [ '1.0.1' ],
32 silly audit   'p-limit': [ '3.1.0' ],
32 silly audit   'p-locate': [ '5.0.0' ],
32 silly audit   'parent-module': [ '1.0.1' ],
32 silly audit   'path-exists': [ '4.0.0' ],
32 silly audit   'path-is-absolute': [ '1.0.1' ],
32 silly audit   'path-key': [ '3.1.1' ],
32 silly audit   'path-parse': [ '1.0.7' ],
32 silly audit   picocolors: [ '1.0.0' ],
32 silly audit   picomatch: [ '2.3.1' ],
32 silly audit   pify: [ '2.3.0' ],
32 silly audit   pirates: [ '4.0.6' ],
32 silly audit   'possible-typed-array-names': [ '1.0.0' ],
32 silly audit   'postcss-import': [ '15.1.0' ],
32 silly audit   'postcss-js': [ '4.0.1' ],
32 silly audit   'postcss-load-config': [ '4.0.2' ],
32 silly audit   'postcss-nested': [ '6.0.1' ],
32 silly audit   'postcss-selector-parser': [ '6.0.13' ],
32 silly audit   'postcss-value-parser': [ '4.2.0' ],
32 silly audit   'prelude-ls': [ '1.2.1' ],
32 silly audit   'prop-types': [ '15.8.1' ],
32 silly audit   punycode: [ '2.3.1' ],
32 silly audit   'queue-microtask': [ '1.2.3' ],
32 silly audit   react: [ '19.0.0' ],
32 silly audit   'react-dom': [ '19.0.0' ],
32 silly audit   'react-is': [ '16.13.1' ],
32 silly audit   'read-cache': [ '1.0.0' ],
32 silly audit   readdirp: [ '3.6.0' ],
32 silly audit   'reflect.getprototypeof': [ '1.0.10' ],
32 silly audit   'regexp.prototype.flags': [ '1.5.4' ],
32 silly audit   'resolve-from': [ '4.0.0' ],
32 silly audit   'resolve-pkg-maps': [ '1.0.0' ],
32 silly audit   reusify: [ '1.0.4' ],
32 silly audit   rimraf: [ '3.0.2' ],
32 silly audit   'run-parallel': [ '1.2.0' ],
32 silly audit   'safe-array-concat': [ '1.1.3' ],
32 silly audit   'safe-push-apply': [ '1.0.0' ],
32 silly audit   'safe-regex-test': [ '1.1.0' ],
32 silly audit   scheduler: [ '0.25.0' ],
32 silly audit   'set-function-length': [ '1.2.2' ],
32 silly audit   'set-function-name': [ '2.0.2' ],
32 silly audit   'set-proto': [ '1.0.0' ],
32 silly audit   sharp: [ '0.33.5' ],
32 silly audit   'shebang-command': [ '2.0.0' ],
32 silly audit   'shebang-regex': [ '3.0.0' ],
32 silly audit   'side-channel': [ '1.1.0' ],
32 silly audit   'side-channel-list': [ '1.0.0' ],
32 silly audit   'side-channel-map': [ '1.0.1' ],
32 silly audit   'side-channel-weakmap': [ '1.0.2' ],
32 silly audit   'simple-swizzle': [ '0.2.2' ],
32 silly audit   'source-map-js': [ '1.0.2' ],
32 silly audit   streamsearch: [ '1.1.0' ],
32 silly audit   'string.prototype.includes': [ '2.0.1' ],
32 silly audit   'string.prototype.matchall': [ '4.0.12' ],
32 silly audit   'string.prototype.repeat': [ '1.0.0' ],
32 silly audit   'string.prototype.trim': [ '1.2.10' ],
32 silly audit   'string.prototype.trimend': [ '1.0.9' ],
32 silly audit   'string.prototype.trimstart': [ '1.0.8' ],
32 silly audit   'strip-ansi': [ '6.0.1' ],
32 silly audit   'strip-bom': [ '3.0.0' ],
32 silly audit   'strip-json-comments': [ '3.1.1' ],
32 silly audit   'styled-jsx': [ '5.1.6' ],
32 silly audit   sucrase: [ '3.34.0' ],
32 silly audit   'supports-color': [ '7.2.0' ],
32 silly audit   'supports-preserve-symlinks-flag': [ '1.0.0' ],
32 silly audit   tailwindcss: [ '3.3.6' ],
32 silly audit   tapable: [ '2.2.1' ],
32 silly audit   'text-table': [ '0.2.0' ],
32 silly audit   thenify: [ '3.3.1' ],
32 silly audit   'thenify-all': [ '1.6.0' ],
32 silly audit   'to-regex-range': [ '5.0.1' ],
32 silly audit   'ts-api-utils': [ '1.4.3' ],
32 silly audit   'ts-interface-checker': [ '0.1.13' ],
32 silly audit   'tsconfig-paths': [ '3.15.0' ],
32 silly audit   tslib: [ '2.8.1' ],
32 silly audit   'type-check': [ '0.4.0' ],
32 silly audit   'type-fest': [ '0.20.2' ],
32 silly audit   'typed-array-buffer': [ '1.0.3' ],
32 silly audit   'typed-array-byte-length': [ '1.0.3' ],
32 silly audit   'typed-array-byte-offset': [ '1.0.4' ],
32 silly audit   'typed-array-length': [ '1.0.7' ],
32 silly audit   typescript: [ '5.3.2' ],
32 silly audit   'unbox-primitive': [ '1.1.0' ],
32 silly audit   'undici-types': [ '6.21.0' ],
32 silly audit   'update-browserslist-db': [ '1.0.13' ],
32 silly audit   'uri-js': [ '4.4.1' ],
32 silly audit   'util-deprecate': [ '1.0.2' ],
32 silly audit   which: [ '2.0.2' ],
32 silly audit   'which-boxed-primitive': [ '1.1.1' ],
32 silly audit   'which-builtin-type': [ '1.2.1' ],
32 silly audit   'which-collection': [ '1.0.2' ],
32 silly audit   'which-typed-array': [ '1.1.18' ],
32 silly audit   wrappy: [ '1.0.2' ],
32 silly audit   yaml: [ '2.3.4' ],
32 silly audit   'yocto-queue': [ '0.1.0' ],
32 silly audit   uuid: [ '11.1.0' ]
32 silly audit }
33 verbose reify failed optional dependency C:\Users\yuya2\tech0\STEP3-2\zukiraku_frontend\node_modules\fsevents
34 silly reify mark deleted [
34 silly reify   'C:\\Users\\yuya2\\tech0\\STEP3-2\\zukiraku_frontend\\node_modules\\fsevents'
34 silly reify ]
35 verbose reify failed optional dependency C:\Users\yuya2\tech0\STEP3-2\zukiraku_frontend\node_modules\@next\swc-win32-arm64-msvc
36 silly reify mark deleted [
36 silly reify   'C:\\Users\\yuya2\\tech0\\STEP3-2\\zukiraku_frontend\\node_modules\\@next\\swc-win32-arm64-msvc'
36 silly reify ]
37 verbose reify failed optional dependency C:\Users\yuya2\tech0\STEP3-2\zukiraku_frontend\node_modules\@next\swc-linux-x64-musl
38 silly reify mark deleted [
38 silly reify   'C:\\Users\\yuya2\\tech0\\STEP3-2\\zukiraku_frontend\\node_modules\\@next\\swc-linux-x64-musl'
38 silly reify ]
39 verbose reify failed optional dependency C:\Users\yuya2\tech0\STEP3-2\zukiraku_frontend\node_modules\@next\swc-linux-x64-gnu
40 silly reify mark deleted [
40 silly reify   'C:\\Users\\yuya2\\tech0\\STEP3-2\\zukiraku_frontend\\node_modules\\@next\\swc-linux-x64-gnu'
40 silly reify ]
41 verbose reify failed optional dependency C:\Users\yuya2\tech0\STEP3-2\zukiraku_frontend\node_modules\@next\swc-linux-arm64-musl
42 silly reify mark deleted [
42 silly reify   'C:\\Users\\yuya2\\tech0\\STEP3-2\\zukiraku_frontend\\node_modules\\@next\\swc-linux-arm64-musl'
42 silly reify ]
43 verbose reify failed optional dependency C:\Users\yuya2\tech0\STEP3-2\zukiraku_frontend\node_modules\@next\swc-linux-arm64-gnu
44 silly reify mark deleted [
44 silly reify   'C:\\Users\\yuya2\\tech0\\STEP3-2\\zukiraku_frontend\\node_modules\\@next\\swc-linux-arm64-gnu'
44 silly reify ]
45 verbose reify failed optional dependency C:\Users\yuya2\tech0\STEP3-2\zukiraku_frontend\node_modules\@next\swc-darwin-x64
46 silly reify mark deleted [
46 silly reify   'C:\\Users\\yuya2\\tech0\\STEP3-2\\zukiraku_frontend\\node_modules\\@next\\swc-darwin-x64'
46 silly reify ]
47 verbose reify failed optional dependency C:\Users\yuya2\tech0\STEP3-2\zukiraku_frontend\node_modules\@next\swc-darwin-arm64
48 silly reify mark deleted [
48 silly reify   'C:\\Users\\yuya2\\tech0\\STEP3-2\\zukiraku_frontend\\node_modules\\@next\\swc-darwin-arm64'
48 silly reify ]
49 verbose reify failed optional dependency C:\Users\yuya2\tech0\STEP3-2\zukiraku_frontend\node_modules\@img\sharp-win32-ia32
50 silly reify mark deleted [
50 silly reify   'C:\\Users\\yuya2\\tech0\\STEP3-2\\zukiraku_frontend\\node_modules\\@img\\sharp-win32-ia32'
50 silly reify ]
51 verbose reify failed optional dependency C:\Users\yuya2\tech0\STEP3-2\zukiraku_frontend\node_modules\@img\sharp-wasm32
52 silly reify mark deleted [
52 silly reify   'C:\\Users\\yuya2\\tech0\\STEP3-2\\zukiraku_frontend\\node_modules\\@img\\sharp-wasm32'
52 silly reify ]
53 verbose reify failed optional dependency C:\Users\yuya2\tech0\STEP3-2\zukiraku_frontend\node_modules\@emnapi\runtime
54 silly reify mark deleted [
54 silly reify   'C:\\Users\\yuya2\\tech0\\STEP3-2\\zukiraku_frontend\\node_modules\\@emnapi\\runtime'
54 silly reify ]
55 verbose reify failed optional dependency C:\Users\yuya2\tech0\STEP3-2\zukiraku_frontend\node_modules\@img\sharp-linuxmusl-x64
56 silly reify mark deleted [
56 silly reify   'C:\\Users\\yuya2\\tech0\\STEP3-2\\zukiraku_frontend\\node_modules\\@img\\sharp-linuxmusl-x64'
56 silly reify ]
57 verbose reify failed optional dependency C:\Users\yuya2\tech0\STEP3-2\zukiraku_frontend\node_modules\@img\sharp-linuxmusl-arm64
58 silly reify mark deleted [
58 silly reify   'C:\\Users\\yuya2\\tech0\\STEP3-2\\zukiraku_frontend\\node_modules\\@img\\sharp-linuxmusl-arm64'
58 silly reify ]
59 verbose reify failed optional dependency C:\Users\yuya2\tech0\STEP3-2\zukiraku_frontend\node_modules\@img\sharp-linux-x64
60 silly reify mark deleted [
60 silly reify   'C:\\Users\\yuya2\\tech0\\STEP3-2\\zukiraku_frontend\\node_modules\\@img\\sharp-linux-x64'
60 silly reify ]
61 verbose reify failed optional dependency C:\Users\yuya2\tech0\STEP3-2\zukiraku_frontend\node_modules\@img\sharp-linux-s390x
62 silly reify mark deleted [
62 silly reify   'C:\\Users\\yuya2\\tech0\\STEP3-2\\zukiraku_frontend\\node_modules\\@img\\sharp-linux-s390x'
62 silly reify ]
63 verbose reify failed optional dependency C:\Users\yuya2\tech0\STEP3-2\zukiraku_frontend\node_modules\@img\sharp-linux-arm64
64 silly reify mark deleted [
64 silly reify   'C:\\Users\\yuya2\\tech0\\STEP3-2\\zukiraku_frontend\\node_modules\\@img\\sharp-linux-arm64'
64 silly reify ]
65 verbose reify failed optional dependency C:\Users\yuya2\tech0\STEP3-2\zukiraku_frontend\node_modules\@img\sharp-linux-arm
66 silly reify mark deleted [
66 silly reify   'C:\\Users\\yuya2\\tech0\\STEP3-2\\zukiraku_frontend\\node_modules\\@img\\sharp-linux-arm'
66 silly reify ]
67 verbose reify failed optional dependency C:\Users\yuya2\tech0\STEP3-2\zukiraku_frontend\node_modules\@img\sharp-libvips-linuxmusl-x64
68 silly reify mark deleted [
68 silly reify   'C:\\Users\\yuya2\\tech0\\STEP3-2\\zukiraku_frontend\\node_modules\\@img\\sharp-libvips-linuxmusl-x64'
68 silly reify ]
69 verbose reify failed optional dependency C:\Users\yuya2\tech0\STEP3-2\zukiraku_frontend\node_modules\@img\sharp-libvips-linuxmusl-arm64
70 silly reify mark deleted [
70 silly reify   'C:\\Users\\yuya2\\tech0\\STEP3-2\\zukiraku_frontend\\node_modules\\@img\\sharp-libvips-linuxmusl-arm64'
70 silly reify ]
71 verbose reify failed optional dependency C:\Users\yuya2\tech0\STEP3-2\zukiraku_frontend\node_modules\@img\sharp-libvips-linux-x64
72 silly reify mark deleted [
72 silly reify   'C:\\Users\\yuya2\\tech0\\STEP3-2\\zukiraku_frontend\\node_modules\\@img\\sharp-libvips-linux-x64'
72 silly reify ]
73 verbose reify failed optional dependency C:\Users\yuya2\tech0\STEP3-2\zukiraku_frontend\node_modules\@img\sharp-libvips-linux-s390x
74 silly reify mark deleted [
74 silly reify   'C:\\Users\\yuya2\\tech0\\STEP3-2\\zukiraku_frontend\\node_modules\\@img\\sharp-libvips-linux-s390x'
74 silly reify ]
75 verbose reify failed optional dependency C:\Users\yuya2\tech0\STEP3-2\zukiraku_frontend\node_modules\@img\sharp-libvips-linux-arm64
76 silly reify mark deleted [
76 silly reify   'C:\\Users\\yuya2\\tech0\\STEP3-2\\zukiraku_frontend\\node_modules\\@img\\sharp-libvips-linux-arm64'
76 silly reify ]
77 verbose reify failed optional dependency C:\Users\yuya2\tech0\STEP3-2\zukiraku_frontend\node_modules\@img\sharp-libvips-linux-arm
78 silly reify mark deleted [
78 silly reify   'C:\\Users\\yuya2\\tech0\\STEP3-2\\zukiraku_frontend\\node_modules\\@img\\sharp-libvips-linux-arm'
78 silly reify ]
79 verbose reify failed optional dependency C:\Users\yuya2\tech0\STEP3-2\zukiraku_frontend\node_modules\@img\sharp-libvips-darwin-x64
80 silly reify mark deleted [
80 silly reify   'C:\\Users\\yuya2\\tech0\\STEP3-2\\zukiraku_frontend\\node_modules\\@img\\sharp-libvips-darwin-x64'
80 silly reify ]
81 verbose reify failed optional dependency C:\Users\yuya2\tech0\STEP3-2\zukiraku_frontend\node_modules\@img\sharp-libvips-darwin-arm64
82 silly reify mark deleted [
82 silly reify   'C:\\Users\\yuya2\\tech0\\STEP3-2\\zukiraku_frontend\\node_modules\\@img\\sharp-libvips-darwin-arm64'
82 silly reify ]
83 verbose reify failed optional dependency C:\Users\yuya2\tech0\STEP3-2\zukiraku_frontend\node_modules\@img\sharp-darwin-x64
84 silly reify mark deleted [
84 silly reify   'C:\\Users\\yuya2\\tech0\\STEP3-2\\zukiraku_frontend\\node_modules\\@img\\sharp-darwin-x64'
84 silly reify ]
85 verbose reify failed optional dependency C:\Users\yuya2\tech0\STEP3-2\zukiraku_frontend\node_modules\@img\sharp-darwin-arm64
86 silly reify mark deleted [
86 silly reify   'C:\\Users\\yuya2\\tech0\\STEP3-2\\zukiraku_frontend\\node_modules\\@img\\sharp-darwin-arm64'
86 silly reify ]
87 http cache uuid@https://registry.npmjs.org/uuid/-/uuid-11.1.0.tgz 1ms (cache hit)
88 http cache @emnapi/runtime@https://registry.npmjs.org/@emnapi/runtime/-/runtime-1.3.1.tgz 0ms (cache hit)
89 silly tarball no local data for uuid@https://registry.npmjs.org/uuid/-/uuid-11.1.0.tgz. Extracting by manifest.
90 http fetch POST 200 https://registry.npmjs.org/-/npm/v1/security/advisories/bulk 169ms
91 silly audit report {
91 silly audit report   braces: [
91 silly audit report     {
91 silly audit report       id: 1098094,
91 silly audit report       url: 'https://github.com/advisories/GHSA-grv7-fg5c-xmjg',
91 silly audit report       title: 'Uncontrolled resource consumption in braces',
91 silly audit report       severity: 'high',
91 silly audit report       vulnerable_versions: '<3.0.3',
91 silly audit report       cwe: [Array],
91 silly audit report       cvss: [Object]
91 silly audit report     }
91 silly audit report   ],
91 silly audit report   'cross-spawn': [
91 silly audit report     {
91 silly audit report       id: 1100563,
91 silly audit report       url: 'https://github.com/advisories/GHSA-3xgq-45jj-v275',
91 silly audit report       title: 'Regular Expression Denial of Service (ReDoS) in cross-spawn',
91 silly audit report       severity: 'high',
91 silly audit report       vulnerable_versions: '>=7.0.0 <7.0.5',
91 silly audit report       cwe: [Array],
91 silly audit report       cvss: [Object]
91 silly audit report     }
91 silly audit report   ],
91 silly audit report   micromatch: [
91 silly audit report     {
91 silly audit report       id: 1098681,
91 silly audit report       url: 'https://github.com/advisories/GHSA-952p-6rrq-rcjv',
91 silly audit report       title: 'Regular Expression Denial of Service (ReDoS) in micromatch',
91 silly audit report       severity: 'moderate',
91 silly audit report       vulnerable_versions: '<4.0.8',
91 silly audit report       cwe: [Array],
91 silly audit report       cvss: [Object]
91 silly audit report     }
91 silly audit report   ],
91 silly audit report   nanoid: [
91 silly audit report     {
91 silly audit report       id: 1101163,
91 silly audit report       url: 'https://github.com/advisories/GHSA-mwcw-c2x4-8c55',
91 silly audit report       title: 'Predictable results in nanoid generation when given non-integer values',
91 silly audit report       severity: 'moderate',
91 silly audit report       vulnerable_versions: '<3.3.8',
91 silly audit report       cwe: [Array],
91 silly audit report       cvss: [Object]
91 silly audit report     }
91 silly audit report   ],
91 silly audit report   next: [
91 silly audit report     {
91 silly audit report       id: 1103621,
91 silly audit report       url: 'https://github.com/advisories/GHSA-f82v-jwr5-mffw',
91 silly audit report       title: 'Authorization Bypass in Next.js Middleware',
91 silly audit report       severity: 'critical',
91 silly audit report       vulnerable_versions: '>=15.0.0 <15.2.3',
91 silly audit report       cwe: [Array],
91 silly audit report       cvss: [Object]
91 silly audit report     }
91 silly audit report   ]
91 silly audit report }
92 silly packumentCache corgi:https://registry.npmjs.org/braces cache-miss
93 silly packumentCache corgi:https://registry.npmjs.org/cross-spawn cache-miss
94 silly packumentCache corgi:https://registry.npmjs.org/micromatch cache-miss
95 silly packumentCache corgi:https://registry.npmjs.org/nanoid cache-miss
96 silly packumentCache corgi:https://registry.npmjs.org/next cache-miss
97 http fetch GET 200 https://registry.npmjs.org/uuid/-/uuid-11.1.0.tgz 184ms (cache miss)
98 http fetch GET 200 https://registry.npmjs.org/braces 44ms (cache updated)
99 silly packumentCache corgi:https://registry.npmjs.org/braces set size:undefined disposed:false
100 http fetch GET 200 https://registry.npmjs.org/micromatch 197ms (cache updated)
101 silly packumentCache corgi:https://registry.npmjs.org/micromatch set size:undefined disposed:false
102 http fetch GET 200 https://registry.npmjs.org/cross-spawn 200ms (cache updated)
103 silly packumentCache corgi:https://registry.npmjs.org/cross-spawn set size:undefined disposed:false
104 http fetch GET 200 https://registry.npmjs.org/nanoid 203ms (cache updated)
105 silly packumentCache corgi:https://registry.npmjs.org/nanoid set size:undefined disposed:false
106 http fetch GET 200 https://registry.npmjs.org/next 1345ms (cache updated)
107 silly packumentCache corgi:https://registry.npmjs.org/next set size:undefined disposed:false
108 silly packumentCache corgi:https://registry.npmjs.org/chokidar cache-miss
109 http fetch GET 200 https://registry.npmjs.org/chokidar 101ms (cache updated)
110 silly packumentCache corgi:https://registry.npmjs.org/chokidar set size:undefined disposed:false
111 silly packumentCache corgi:https://registry.npmjs.org/eslint cache-miss
112 http fetch GET 200 https://registry.npmjs.org/eslint 43ms (cache updated)
113 silly packumentCache corgi:https://registry.npmjs.org/eslint set size:undefined disposed:false
114 silly packumentCache corgi:https://registry.npmjs.org/fast-glob cache-miss
115 silly packumentCache corgi:https://registry.npmjs.org/tailwindcss cache-miss
116 http fetch GET 200 https://registry.npmjs.org/fast-glob 29ms (cache updated)
117 silly packumentCache corgi:https://registry.npmjs.org/fast-glob set size:undefined disposed:false
118 http fetch GET 200 https://registry.npmjs.org/tailwindcss 97ms (cache updated)
119 silly packumentCache corgi:https://registry.npmjs.org/tailwindcss set size:undefined disposed:false
120 silly packumentCache corgi:https://registry.npmjs.org/postcss cache-miss
121 http fetch GET 200 https://registry.npmjs.org/postcss 42ms (cache updated)
122 silly packumentCache corgi:https://registry.npmjs.org/postcss set size:undefined disposed:false
123 silly ADD node_modules/uuid
124 silly ADD
125 silly ADD
126 silly ADD
127 silly ADD
128 silly ADD
129 silly ADD
130 silly ADD
131 silly ADD
132 silly ADD
133 silly ADD
134 silly ADD
135 silly ADD
136 silly ADD
137 silly ADD
138 silly ADD
139 silly ADD
140 silly ADD
141 silly ADD
142 silly ADD
143 silly ADD
144 silly ADD
145 silly ADD
146 silly ADD
147 silly ADD
148 silly ADD
149 silly ADD
150 silly ADD
151 verbose cwd C:\Users\yuya2\tech0\STEP3-2\zukiraku_frontend
152 verbose os Windows_NT 10.0.26100
153 verbose node v22.13.0
154 verbose npm  v10.9.2
155 verbose exit 0
156 info ok
