0 verbose cli C:\Program Files\nodejs\node.exe C:\Program Files\nodejs\node_modules\npm\bin\npm-cli.js
1 info using npm@10.9.2
2 info using node@v22.13.0
3 silly config load:file:C:\Program Files\nodejs\node_modules\npm\npmrc
4 silly config load:file:C:\Users\yuya2\tech0\STEP3-2\zukiraku_frontend\.npmrc
5 silly config load:file:C:\Users\yuya2\.npmrc
6 silly config load:file:C:\Users\yuya2\tech0\STEP3-2\zukiraku_frontend\npm-global\etc\npmrc
7 verbose title npm install lucide-react
8 verbose argv "install" "lucide-react"
9 verbose logfile logs-max:10 dir:C:\Users\yuya2\tech0\STEP3-2\zukiraku_frontend\npm-cache\_logs\2025-04-12T17_25_09_211Z-
10 verbose logfile C:\Users\yuya2\tech0\STEP3-2\zukiraku_frontend\npm-cache\_logs\2025-04-12T17_25_09_211Z-debug-0.log
11 silly logfile start cleaning logs, removing 1 files
12 silly packumentCache heap:4345298944 maxSize:1086324736 maxEntrySize:543162368
13 silly logfile done cleaning log files
14 silly idealTree buildDeps
15 silly fetch manifest lucide-react@*
16 silly packumentCache full:https://registry.npmjs.org/lucide-react cache-miss
17 http fetch GET 200 https://registry.npmjs.org/lucide-react 277ms (cache miss)
18 silly packumentCache full:https://registry.npmjs.org/lucide-react set size:undefined disposed:false
19 silly fetch manifest react@^19.0.0
20 silly packumentCache full:https://registry.npmjs.org/react cache-miss
21 http fetch GET 200 https://registry.npmjs.org/react 123ms (cache miss)
22 silly packumentCache full:https://registry.npmjs.org/react set size:undefined disposed:false
23 silly placeDep ROOT lucide-react@0.487.0 OK for: frontend@0.1.0 want: *
24 silly fetch manifest eslint@^8.57.0 || ^9.0.0
25 silly packumentCache full:https://registry.npmjs.org/eslint cache-miss
26 http fetch GET 200 https://registry.npmjs.org/eslint 58ms (cache miss)
27 silly packumentCache full:https://registry.npmjs.org/eslint set size:undefined disposed:false
28 silly fetch manifest jiti@*
29 silly packumentCache full:https://registry.npmjs.org/jiti cache-miss
30 http fetch GET 200 https://registry.npmjs.org/jiti 42ms (cache updated)
31 silly packumentCache full:https://registry.npmjs.org/jiti set size:undefined disposed:false
32 warn ERESOLVE overriding peer dependency {
32 warn ERESOLVE   code: 'ERESOLVE',
32 warn ERESOLVE   edge: {
32 warn ERESOLVE     type: 'peer',
32 warn ERESOLVE     name: 'eslint',
32 warn ERESOLVE     spec: '^8.57.0 || ^9.0.0',
32 warn ERESOLVE     error: 'INVALID',
32 warn ERESOLVE     from: {
32 warn ERESOLVE       name: '@typescript-eslint/eslint-plugin',
32 warn ERESOLVE       version: '8.19.0',
32 warn ERESOLVE       location: 'node_modules/eslint-config-next/node_modules/@typescript-eslint/eslint-plugin',
32 warn ERESOLVE       isWorkspace: false,
32 warn ERESOLVE       dependents: [Array]
32 warn ERESOLVE     }
32 warn ERESOLVE   },
32 warn ERESOLVE   dep: {
32 warn ERESOLVE     name: 'eslint',
32 warn ERESOLVE     version: '9.24.0',
32 warn ERESOLVE     whileInstalling: {
32 warn ERESOLVE       name: '@typescript-eslint/eslint-plugin',
32 warn ERESOLVE       version: '8.19.0',
32 warn ERESOLVE       path: 'C:\\Users\\yuya2\\tech0\\STEP3-2\\zukiraku_frontend\\node_modules\\eslint-config-next\\node_modules\\@typescript-eslint\\eslint-plugin'
32 warn ERESOLVE     },
32 warn ERESOLVE     location: 'node_modules/eslint',
32 warn ERESOLVE     isWorkspace: false,
32 warn ERESOLVE     dependents: [ [Object] ]
32 warn ERESOLVE   },
32 warn ERESOLVE   force: false,
32 warn ERESOLVE   isMine: false,
32 warn ERESOLVE   strictPeerDeps: false,
32 warn ERESOLVE   current: {
32 warn ERESOLVE     name: 'eslint',
32 warn ERESOLVE     version: '8.55.0',
32 warn ERESOLVE     location: 'node_modules/eslint',
32 warn ERESOLVE     isWorkspace: false,
32 warn ERESOLVE     dependents: [
32 warn ERESOLVE       [Object], [Object],
32 warn ERESOLVE       [Object], [Object],
32 warn ERESOLVE       [Object], [Object],
32 warn ERESOLVE       [Object], [Object]
32 warn ERESOLVE     ]
32 warn ERESOLVE   },
32 warn ERESOLVE   peerConflict: {
32 warn ERESOLVE     current: {
32 warn ERESOLVE       name: 'eslint',
32 warn ERESOLVE       version: '8.55.0',
32 warn ERESOLVE       location: 'node_modules/eslint',
32 warn ERESOLVE       isWorkspace: false,
32 warn ERESOLVE       dependents: [Array]
32 warn ERESOLVE     },
32 warn ERESOLVE     peer: {
32 warn ERESOLVE       name: 'eslint',
32 warn ERESOLVE       version: '9.24.0',
32 warn ERESOLVE       whileInstalling: [Object],
32 warn ERESOLVE       location: 'node_modules/eslint',
32 warn ERESOLVE       isWorkspace: false,
32 warn ERESOLVE       dependents: [Array]
32 warn ERESOLVE     }
32 warn ERESOLVE   }
32 warn ERESOLVE }
33 warn ERESOLVE overriding peer dependency {
33 warn ERESOLVE   code: 'ERESOLVE',
33 warn ERESOLVE   edge: {
33 warn ERESOLVE     type: 'peer',
33 warn ERESOLVE     name: 'eslint',
33 warn ERESOLVE     spec: '^8.57.0 || ^9.0.0',
33 warn ERESOLVE     error: 'INVALID',
33 warn ERESOLVE     from: {
33 warn ERESOLVE       name: '@typescript-eslint/parser',
33 warn ERESOLVE       version: '8.19.0',
33 warn ERESOLVE       location: 'node_modules/eslint-config-next/node_modules/@typescript-eslint/parser',
33 warn ERESOLVE       isWorkspace: false,
33 warn ERESOLVE       dependents: [Array]
33 warn ERESOLVE     }
33 warn ERESOLVE   },
33 warn ERESOLVE   dep: {
33 warn ERESOLVE     name: 'eslint',
33 warn ERESOLVE     version: '9.24.0',
33 warn ERESOLVE     whileInstalling: {
33 warn ERESOLVE       name: '@typescript-eslint/parser',
33 warn ERESOLVE       version: '8.19.0',
33 warn ERESOLVE       path: 'C:\\Users\\yuya2\\tech0\\STEP3-2\\zukiraku_frontend\\node_modules\\eslint-config-next\\node_modules\\@typescript-eslint\\parser'
33 warn ERESOLVE     },
33 warn ERESOLVE     location: 'node_modules/eslint',
33 warn ERESOLVE     isWorkspace: false,
33 warn ERESOLVE     dependents: [ [Object] ]
33 warn ERESOLVE   },
33 warn ERESOLVE   force: false,
33 warn ERESOLVE   isMine: false,
33 warn ERESOLVE   strictPeerDeps: false,
33 warn ERESOLVE   current: {
33 warn ERESOLVE     name: 'eslint',
33 warn ERESOLVE     version: '8.55.0',
33 warn ERESOLVE     location: 'node_modules/eslint',
33 warn ERESOLVE     isWorkspace: false,
33 warn ERESOLVE     dependents: [
33 warn ERESOLVE       [Object], [Object],
33 warn ERESOLVE       [Object], [Object],
33 warn ERESOLVE       [Object], [Object],
33 warn ERESOLVE       [Object], [Object]
33 warn ERESOLVE     ]
33 warn ERESOLVE   },
33 warn ERESOLVE   peerConflict: {
33 warn ERESOLVE     current: {
33 warn ERESOLVE       name: 'eslint',
33 warn ERESOLVE       version: '8.55.0',
33 warn ERESOLVE       location: 'node_modules/eslint',
33 warn ERESOLVE       isWorkspace: false,
33 warn ERESOLVE       dependents: [Array]
33 warn ERESOLVE     },
33 warn ERESOLVE     peer: {
33 warn ERESOLVE       name: 'eslint',
33 warn ERESOLVE       version: '9.24.0',
33 warn ERESOLVE       whileInstalling: [Object],
33 warn ERESOLVE       location: 'node_modules/eslint',
33 warn ERESOLVE       isWorkspace: false,
33 warn ERESOLVE       dependents: [Array]
33 warn ERESOLVE     }
33 warn ERESOLVE   }
33 warn ERESOLVE }
34 warn ERESOLVE overriding peer dependency {
34 warn ERESOLVE   code: 'ERESOLVE',
34 warn ERESOLVE   edge: {
34 warn ERESOLVE     type: 'peer',
34 warn ERESOLVE     name: 'eslint',
34 warn ERESOLVE     spec: '^8.57.0 || ^9.0.0',
34 warn ERESOLVE     error: 'INVALID',
34 warn ERESOLVE     from: {
34 warn ERESOLVE       name: '@typescript-eslint/type-utils',
34 warn ERESOLVE       version: '8.19.0',
34 warn ERESOLVE       location: 'node_modules/eslint-config-next/node_modules/@typescript-eslint/eslint-plugin/node_modules/@typescript-eslint/type-utils',
34 warn ERESOLVE       isWorkspace: false,
34 warn ERESOLVE       dependents: [Array]
34 warn ERESOLVE     }
34 warn ERESOLVE   },
34 warn ERESOLVE   dep: {
34 warn ERESOLVE     name: 'eslint',
34 warn ERESOLVE     version: '9.24.0',
34 warn ERESOLVE     whileInstalling: {
34 warn ERESOLVE       name: '@typescript-eslint/type-utils',
34 warn ERESOLVE       version: '8.19.0',
34 warn ERESOLVE       path: 'C:\\Users\\yuya2\\tech0\\STEP3-2\\zukiraku_frontend\\node_modules\\eslint-config-next\\node_modules\\@typescript-eslint\\eslint-plugin\\node_modules\\@typescript-eslint\\type-utils'
34 warn ERESOLVE     },
34 warn ERESOLVE     location: 'node_modules/eslint',
34 warn ERESOLVE     isWorkspace: false,
34 warn ERESOLVE     dependents: [ [Object] ]
34 warn ERESOLVE   },
34 warn ERESOLVE   force: false,
34 warn ERESOLVE   isMine: false,
34 warn ERESOLVE   strictPeerDeps: false,
34 warn ERESOLVE   current: {
34 warn ERESOLVE     name: 'eslint',
34 warn ERESOLVE     version: '8.55.0',
34 warn ERESOLVE     location: 'node_modules/eslint',
34 warn ERESOLVE     isWorkspace: false,
34 warn ERESOLVE     dependents: [
34 warn ERESOLVE       [Object], [Object],
34 warn ERESOLVE       [Object], [Object],
34 warn ERESOLVE       [Object], [Object],
34 warn ERESOLVE       [Object], [Object]
34 warn ERESOLVE     ]
34 warn ERESOLVE   },
34 warn ERESOLVE   peerConflict: {
34 warn ERESOLVE     current: {
34 warn ERESOLVE       name: 'eslint',
34 warn ERESOLVE       version: '8.55.0',
34 warn ERESOLVE       location: 'node_modules/eslint',
34 warn ERESOLVE       isWorkspace: false,
34 warn ERESOLVE       dependents: [Array]
34 warn ERESOLVE     },
34 warn ERESOLVE     peer: {
34 warn ERESOLVE       name: 'eslint',
34 warn ERESOLVE       version: '9.24.0',
34 warn ERESOLVE       whileInstalling: [Object],
34 warn ERESOLVE       location: 'node_modules/eslint',
34 warn ERESOLVE       isWorkspace: false,
34 warn ERESOLVE       dependents: [Array]
34 warn ERESOLVE     }
34 warn ERESOLVE   }
34 warn ERESOLVE }
35 warn ERESOLVE overriding peer dependency {
35 warn ERESOLVE   code: 'ERESOLVE',
35 warn ERESOLVE   edge: {
35 warn ERESOLVE     type: 'peer',
35 warn ERESOLVE     name: 'eslint',
35 warn ERESOLVE     spec: '^8.57.0 || ^9.0.0',
35 warn ERESOLVE     error: 'INVALID',
35 warn ERESOLVE     from: {
35 warn ERESOLVE       name: '@typescript-eslint/utils',
35 warn ERESOLVE       version: '8.19.0',
35 warn ERESOLVE       location: 'node_modules/eslint-config-next/node_modules/@typescript-eslint/eslint-plugin/node_modules/@typescript-eslint/utils',
35 warn ERESOLVE       isWorkspace: false,
35 warn ERESOLVE       dependents: [Array]
35 warn ERESOLVE     }
35 warn ERESOLVE   },
35 warn ERESOLVE   dep: {
35 warn ERESOLVE     name: 'eslint',
35 warn ERESOLVE     version: '9.24.0',
35 warn ERESOLVE     whileInstalling: {
35 warn ERESOLVE       name: '@typescript-eslint/utils',
35 warn ERESOLVE       version: '8.19.0',
35 warn ERESOLVE       path: 'C:\\Users\\yuya2\\tech0\\STEP3-2\\zukiraku_frontend\\node_modules\\eslint-config-next\\node_modules\\@typescript-eslint\\eslint-plugin\\node_modules\\@typescript-eslint\\utils'
35 warn ERESOLVE     },
35 warn ERESOLVE     location: 'node_modules/eslint',
35 warn ERESOLVE     isWorkspace: false,
35 warn ERESOLVE     dependents: [ [Object] ]
35 warn ERESOLVE   },
35 warn ERESOLVE   force: false,
35 warn ERESOLVE   isMine: false,
35 warn ERESOLVE   strictPeerDeps: false,
35 warn ERESOLVE   current: {
35 warn ERESOLVE     name: 'eslint',
35 warn ERESOLVE     version: '8.55.0',
35 warn ERESOLVE     location: 'node_modules/eslint',
35 warn ERESOLVE     isWorkspace: false,
35 warn ERESOLVE     dependents: [
35 warn ERESOLVE       [Object], [Object],
35 warn ERESOLVE       [Object], [Object],
35 warn ERESOLVE       [Object], [Object],
35 warn ERESOLVE       [Object], [Object]
35 warn ERESOLVE     ]
35 warn ERESOLVE   },
35 warn ERESOLVE   peerConflict: {
35 warn ERESOLVE     current: {
35 warn ERESOLVE       name: 'eslint',
35 warn ERESOLVE       version: '8.55.0',
35 warn ERESOLVE       location: 'node_modules/eslint',
35 warn ERESOLVE       isWorkspace: false,
35 warn ERESOLVE       dependents: [Array]
35 warn ERESOLVE     },
35 warn ERESOLVE     peer: {
35 warn ERESOLVE       name: 'eslint',
35 warn ERESOLVE       version: '9.24.0',
35 warn ERESOLVE       whileInstalling: [Object],
35 warn ERESOLVE       location: 'node_modules/eslint',
35 warn ERESOLVE       isWorkspace: false,
35 warn ERESOLVE       dependents: [Array]
35 warn ERESOLVE     }
35 warn ERESOLVE   }
35 warn ERESOLVE }
36 silly reify moves {}
37 silly audit bulk request {
37 silly audit   '@aashutoshrathi/word-wrap': [ '1.2.6' ],
37 silly audit   '@alloc/quick-lru': [ '5.2.0' ],
37 silly audit   '@emnapi/runtime': [ '1.3.1' ],
37 silly audit   '@eslint-community/eslint-utils': [ '4.4.0' ],
37 silly audit   '@eslint-community/regexpp': [ '4.10.0' ],
37 silly audit   '@eslint/eslintrc': [ '2.1.4' ],
37 silly audit   '@eslint/js': [ '8.55.0' ],
37 silly audit   '@humanwhocodes/config-array': [ '0.11.13' ],
37 silly audit   '@humanwhocodes/module-importer': [ '1.0.1' ],
37 silly audit   '@humanwhocodes/object-schema': [ '2.0.1' ],
37 silly audit   '@img/sharp-darwin-arm64': [ '0.33.5' ],
37 silly audit   '@img/sharp-darwin-x64': [ '0.33.5' ],
37 silly audit   '@img/sharp-libvips-darwin-arm64': [ '1.0.4' ],
37 silly audit   '@img/sharp-libvips-darwin-x64': [ '1.0.4' ],
37 silly audit   '@img/sharp-libvips-linux-arm': [ '1.0.5' ],
37 silly audit   '@img/sharp-libvips-linux-arm64': [ '1.0.4' ],
37 silly audit   '@img/sharp-libvips-linux-s390x': [ '1.0.4' ],
37 silly audit   '@img/sharp-libvips-linux-x64': [ '1.0.4' ],
37 silly audit   '@img/sharp-libvips-linuxmusl-arm64': [ '1.0.4' ],
37 silly audit   '@img/sharp-libvips-linuxmusl-x64': [ '1.0.4' ],
37 silly audit   '@img/sharp-linux-arm': [ '0.33.5' ],
37 silly audit   '@img/sharp-linux-arm64': [ '0.33.5' ],
37 silly audit   '@img/sharp-linux-s390x': [ '0.33.5' ],
37 silly audit   '@img/sharp-linux-x64': [ '0.33.5' ],
37 silly audit   '@img/sharp-linuxmusl-arm64': [ '0.33.5' ],
37 silly audit   '@img/sharp-linuxmusl-x64': [ '0.33.5' ],
37 silly audit   '@img/sharp-wasm32': [ '0.33.5' ],
37 silly audit   '@img/sharp-win32-ia32': [ '0.33.5' ],
37 silly audit   '@img/sharp-win32-x64': [ '0.33.5' ],
37 silly audit   '@jridgewell/gen-mapping': [ '0.3.3' ],
37 silly audit   '@jridgewell/resolve-uri': [ '3.1.1' ],
37 silly audit   '@jridgewell/set-array': [ '1.1.2' ],
37 silly audit   '@jridgewell/sourcemap-codec': [ '1.4.15' ],
37 silly audit   '@jridgewell/trace-mapping': [ '0.3.20' ],
37 silly audit   '@next/env': [ '15.1.7' ],
37 silly audit   '@next/eslint-plugin-next': [ '15.1.3' ],
37 silly audit   'fast-glob': [ '3.3.1', '3.3.2' ],
37 silly audit   'glob-parent': [ '5.1.2', '6.0.2' ],
37 silly audit   '@next/swc-darwin-arm64': [ '15.1.7' ],
37 silly audit   '@next/swc-darwin-x64': [ '15.1.7' ],
37 silly audit   '@next/swc-linux-arm64-gnu': [ '15.1.7' ],
37 silly audit   '@next/swc-linux-arm64-musl': [ '15.1.7' ],
37 silly audit   '@next/swc-linux-x64-gnu': [ '15.1.7' ],
37 silly audit   '@next/swc-linux-x64-musl': [ '15.1.7' ],
37 silly audit   '@next/swc-win32-arm64-msvc': [ '15.1.7' ],
37 silly audit   '@next/swc-win32-x64-msvc': [ '15.1.7' ],
37 silly audit   '@nodelib/fs.scandir': [ '2.1.5' ],
37 silly audit   '@nodelib/fs.stat': [ '2.0.5' ],
37 silly audit   '@nodelib/fs.walk': [ '1.2.8' ],
37 silly audit   '@rtsao/scc': [ '1.1.0' ],
37 silly audit   '@rushstack/eslint-patch': [ '1.10.4' ],
37 silly audit   '@swc/counter': [ '0.1.3' ],
37 silly audit   '@swc/helpers': [ '0.5.15' ],
37 silly audit   '@types/json5': [ '0.0.29' ],
37 silly audit   '@types/node': [ '22.14.0' ],
37 silly audit   '@types/react': [ '19.1.0' ],
37 silly audit   '@ungap/structured-clone': [ '1.2.0' ],
37 silly audit   acorn: [ '8.11.2' ],
37 silly audit   'acorn-jsx': [ '5.3.2' ],
37 silly audit   ajv: [ '6.12.6' ],
37 silly audit   'ansi-regex': [ '5.0.1' ],
37 silly audit   'ansi-styles': [ '4.3.0' ],
37 silly audit   'any-promise': [ '1.3.0' ],
37 silly audit   anymatch: [ '3.1.3' ],
37 silly audit   arg: [ '5.0.2' ],
37 silly audit   argparse: [ '2.0.1' ],
37 silly audit   'aria-query': [ '5.3.2' ],
37 silly audit   'array-buffer-byte-length': [ '1.0.2' ],
37 silly audit   'array-includes': [ '3.1.8' ],
37 silly audit   'array.prototype.findlast': [ '1.2.5' ],
37 silly audit   'array.prototype.findlastindex': [ '1.2.5' ],
37 silly audit   'array.prototype.flat': [ '1.3.2' ],
37 silly audit   'array.prototype.flatmap': [ '1.3.3' ],
37 silly audit   'array.prototype.tosorted': [ '1.1.4' ],
37 silly audit   'arraybuffer.prototype.slice': [ '1.0.4' ],
37 silly audit   'ast-types-flow': [ '0.0.8' ],
37 silly audit   autoprefixer: [ '10.4.16' ],
37 silly audit   'available-typed-arrays': [ '1.0.7' ],
37 silly audit   'axe-core': [ '4.10.2' ],
37 silly audit   'axobject-query': [ '4.1.0' ],
37 silly audit   'balanced-match': [ '1.0.2' ],
37 silly audit   'binary-extensions': [ '2.2.0' ],
37 silly audit   'brace-expansion': [ '1.1.11', '2.0.1' ],
37 silly audit   braces: [ '3.0.2' ],
37 silly audit   browserslist: [ '4.22.2' ],
37 silly audit   busboy: [ '1.6.0' ],
37 silly audit   'call-bind': [ '1.0.8' ],
37 silly audit   'call-bind-apply-helpers': [ '1.0.1' ],
37 silly audit   'call-bound': [ '1.0.3' ],
37 silly audit   callsites: [ '3.1.0' ],
37 silly audit   'camelcase-css': [ '2.0.1' ],
37 silly audit   'caniuse-lite': [ '1.0.30001690' ],
37 silly audit   chalk: [ '4.1.2' ],
37 silly audit   chokidar: [ '3.5.3' ],
37 silly audit   'client-only': [ '0.0.1' ],
37 silly audit   color: [ '4.2.3' ],
37 silly audit   'color-convert': [ '2.0.1' ],
37 silly audit   'color-name': [ '1.1.4' ],
37 silly audit   'color-string': [ '1.9.1' ],
37 silly audit   commander: [ '4.1.1' ],
37 silly audit   'concat-map': [ '0.0.1' ],
37 silly audit   'cross-spawn': [ '7.0.3' ],
37 silly audit   'css-selector-tokenizer': [ '0.8.0' ],
37 silly audit   cssesc: [ '3.0.0' ],
37 silly audit   csstype: [ '3.1.3' ],
37 silly audit   culori: [ '3.3.0' ],
37 silly audit   daisyui: [ '4.4.19' ],
37 silly audit   'damerau-levenshtein': [ '1.0.8' ],
37 silly audit   'data-view-buffer': [ '1.0.2' ],
37 silly audit   'data-view-byte-length': [ '1.0.2' ],
37 silly audit   'data-view-byte-offset': [ '1.0.1' ],
37 silly audit   debug: [ '4.3.4', '3.2.7' ],
37 silly audit   'deep-is': [ '0.1.4' ],
37 silly audit   'define-data-property': [ '1.1.4' ],
37 silly audit   'define-properties': [ '1.2.1' ],
37 silly audit   'detect-libc': [ '2.0.3' ],
37 silly audit   didyoumean: [ '1.2.2' ],
37 silly audit   dlv: [ '1.1.3' ],
37 silly audit   doctrine: [ '3.0.0', '2.1.0' ],
37 silly audit   dotenv: [ '16.4.1' ],
37 silly audit   'dunder-proto': [ '1.0.1' ],
37 silly audit   'electron-to-chromium': [ '1.4.605' ],
37 silly audit   'emoji-regex': [ '9.2.2' ],
37 silly audit   'enhanced-resolve': [ '5.15.0' ],
37 silly audit   'es-abstract': [ '1.23.9' ],
37 silly audit   'es-define-property': [ '1.0.1' ],
37 silly audit   'es-errors': [ '1.3.0' ],
37 silly audit   'es-iterator-helpers': [ '1.2.1' ],
37 silly audit   'es-object-atoms': [ '1.0.0' ],
37 silly audit   'es-set-tostringtag': [ '2.1.0' ],
37 silly audit   'es-shim-unscopables': [ '1.0.2' ],
37 silly audit   'es-to-primitive': [ '1.3.0' ],
37 silly audit   escalade: [ '3.1.1' ],
37 silly audit   'escape-string-regexp': [ '4.0.0' ],
37 silly audit   eslint: [ '8.55.0' ],
37 silly audit   'eslint-config-next': [ '15.1.3' ],
37 silly audit   '@typescript-eslint/eslint-plugin': [ '8.19.0' ],
37 silly audit   '@typescript-eslint/type-utils': [ '8.19.0' ],
37 silly audit   '@typescript-eslint/utils': [ '8.19.0' ],
37 silly audit   '@typescript-eslint/parser': [ '8.19.0' ],
37 silly audit   '@typescript-eslint/scope-manager': [ '8.19.0' ],
37 silly audit   '@typescript-eslint/types': [ '8.19.0' ],
37 silly audit   '@typescript-eslint/typescript-estree': [ '8.19.0' ],
37 silly audit   '@typescript-eslint/visitor-keys': [ '8.19.0' ],
37 silly audit   'eslint-visitor-keys': [ '4.2.0', '3.4.3' ],
37 silly audit   minimatch: [ '9.0.5', '3.1.2' ],
37 silly audit   'eslint-import-resolver-node': [ '0.3.9' ],
37 silly audit   'eslint-import-resolver-typescript': [ '3.6.1' ],
37 silly audit   'eslint-module-utils': [ '2.12.0' ],
37 silly audit   'eslint-plugin-import': [ '2.31.0' ],
37 silly audit   semver: [ '6.3.1', '7.6.3' ],
37 silly audit   'eslint-plugin-jsx-a11y': [ '6.10.2' ],
37 silly audit   'eslint-plugin-react': [ '7.37.3' ],
37 silly audit   'eslint-plugin-react-hooks': [ '5.1.0' ],
37 silly audit   resolve: [ '2.0.0-next.5', '1.22.8' ],
37 silly audit   'eslint-scope': [ '7.2.2' ],
37 silly audit   espree: [ '9.6.1' ],
37 silly audit   esquery: [ '1.5.0' ],
37 silly audit   esrecurse: [ '4.3.0' ],
37 silly audit   estraverse: [ '5.3.0' ],
37 silly audit   esutils: [ '2.0.3' ],
37 silly audit   'fast-deep-equal': [ '3.1.3' ],
37 silly audit   'fast-json-stable-stringify': [ '2.1.0' ],
37 silly audit   'fast-levenshtein': [ '2.0.6' ],
37 silly audit   fastparse: [ '1.1.2' ],
37 silly audit   fastq: [ '1.15.0' ],
37 silly audit   'file-entry-cache': [ '6.0.1' ],
37 silly audit   'fill-range': [ '7.0.1' ],
37 silly audit   'find-up': [ '5.0.0' ],
37 silly audit   'flat-cache': [ '3.2.0' ],
37 silly audit   flatted: [ '3.2.9' ],
37 silly audit   'for-each': [ '0.3.3' ],
37 silly audit   'fraction.js': [ '4.3.7' ],
37 silly audit   'fs.realpath': [ '1.0.0' ],
37 silly audit   fsevents: [ '2.3.3' ],
37 silly audit   'function-bind': [ '1.1.2' ],
37 silly audit   'function.prototype.name': [ '1.1.8' ],
37 silly audit   'functions-have-names': [ '1.2.3' ],
37 silly audit   'get-intrinsic': [ '1.2.7' ],
37 silly audit   'get-proto': [ '1.0.1' ],
37 silly audit   'get-symbol-description': [ '1.1.0' ],
37 silly audit   'get-tsconfig': [ '4.7.2' ],
37 silly audit   glob: [ '7.1.7', '7.1.6' ],
37 silly audit   globals: [ '13.23.0' ],
37 silly audit   globalthis: [ '1.0.4' ],
37 silly audit   gopd: [ '1.2.0' ],
37 silly audit   'graceful-fs': [ '4.2.11' ],
37 silly audit   graphemer: [ '1.4.0' ],
37 silly audit   'has-bigints': [ '1.1.0' ],
37 silly audit   'has-flag': [ '4.0.0' ],
37 silly audit   'has-property-descriptors': [ '1.0.2' ],
37 silly audit   'has-proto': [ '1.2.0' ],
37 silly audit   'has-symbols': [ '1.1.0' ],
37 silly audit   'has-tostringtag': [ '1.0.2' ],
37 silly audit   hasown: [ '2.0.2' ],
37 silly audit   ignore: [ '5.3.2' ],
37 silly audit   'import-fresh': [ '3.3.0' ],
37 silly audit   imurmurhash: [ '0.1.4' ],
37 silly audit   inflight: [ '1.0.6' ],
37 silly audit   inherits: [ '2.0.4' ],
37 silly audit   'internal-slot': [ '1.1.0' ],
37 silly audit   'is-array-buffer': [ '3.0.5' ],
37 silly audit   'is-arrayish': [ '0.3.2' ],
37 silly audit   'is-async-function': [ '2.1.0' ],
37 silly audit   'is-bigint': [ '1.1.0' ],
37 silly audit   'is-binary-path': [ '2.1.0' ],
37 silly audit   'is-boolean-object': [ '1.2.1' ],
37 silly audit   'is-callable': [ '1.2.7' ],
37 silly audit   'is-core-module': [ '2.16.1' ],
37 silly audit   'is-data-view': [ '1.0.2' ],
37 silly audit   'is-date-object': [ '1.1.0' ],
37 silly audit   'is-extglob': [ '2.1.1' ],
37 silly audit   'is-finalizationregistry': [ '1.1.1' ],
37 silly audit   'is-generator-function': [ '1.1.0' ],
37 silly audit   'is-glob': [ '4.0.3' ],
37 silly audit   'is-map': [ '2.0.3' ],
37 silly audit   'is-number': [ '7.0.0' ],
37 silly audit   'is-number-object': [ '1.1.1' ],
37 silly audit   'is-path-inside': [ '3.0.3' ],
37 silly audit   'is-regex': [ '1.2.1' ],
37 silly audit   'is-set': [ '2.0.3' ],
37 silly audit   'is-shared-array-buffer': [ '1.0.4' ],
37 silly audit   'is-string': [ '1.1.1' ],
37 silly audit   'is-symbol': [ '1.1.1' ],
37 silly audit   'is-typed-array': [ '1.1.15' ],
37 silly audit   'is-weakmap': [ '2.0.2' ],
37 silly audit   'is-weakref': [ '1.1.0' ],
37 silly audit   'is-weakset': [ '2.0.4' ],
37 silly audit   isarray: [ '2.0.5' ],
37 silly audit   isexe: [ '2.0.0' ],
37 silly audit   'iterator.prototype': [ '1.1.5' ],
37 silly audit   jiti: [ '1.21.0' ],
37 silly audit   'js-tokens': [ '4.0.0' ],
37 silly audit   'js-yaml': [ '4.1.0' ],
37 silly audit   'json-buffer': [ '3.0.1' ],
37 silly audit   'json-schema-traverse': [ '0.4.1' ],
37 silly audit   'json-stable-stringify-without-jsonify': [ '1.0.1' ],
37 silly audit   json5: [ '1.0.2' ],
37 silly audit   'jsx-ast-utils': [ '3.3.5' ],
37 silly audit   keyv: [ '4.5.4' ],
37 silly audit   'language-subtag-registry': [ '0.3.23' ],
37 silly audit   'language-tags': [ '1.0.9' ],
37 silly audit   levn: [ '0.4.1' ],
37 silly audit   lilconfig: [ '2.1.0', '3.0.0' ],
37 silly audit   'lines-and-columns': [ '1.2.4' ],
37 silly audit   'locate-path': [ '6.0.0' ],
37 silly audit   'lodash.merge': [ '4.6.2' ],
37 silly audit   'loose-envify': [ '1.4.0' ],
37 silly audit   'math-intrinsics': [ '1.1.0' ],
37 silly audit   merge2: [ '1.4.1' ],
37 silly audit   micromatch: [ '4.0.5' ],
37 silly audit   minimist: [ '1.2.8' ],
37 silly audit   ms: [ '2.1.2' ],
37 silly audit   mz: [ '2.7.0' ],
37 silly audit   nanoid: [ '3.3.7' ],
37 silly audit   'natural-compare': [ '1.4.0' ],
37 silly audit   next: [ '15.1.7' ],
37 silly audit   postcss: [ '8.4.31', '8.4.32' ],
37 silly audit   'node-releases': [ '2.0.14' ],
37 silly audit   'normalize-path': [ '3.0.0' ],
37 silly audit   'normalize-range': [ '0.1.2' ],
37 silly audit   'object-assign': [ '4.1.1' ],
37 silly audit   'object-hash': [ '3.0.0' ],
37 silly audit   'object-inspect': [ '1.13.3' ],
37 silly audit   'object-keys': [ '1.1.1' ],
37 silly audit   'object.assign': [ '4.1.7' ],
37 silly audit   'object.entries': [ '1.1.8' ],
37 silly audit   'object.fromentries': [ '2.0.8' ],
37 silly audit   'object.groupby': [ '1.0.3' ],
37 silly audit   'object.values': [ '1.2.1' ],
37 silly audit   once: [ '1.4.0' ],
37 silly audit   optionator: [ '0.9.3' ],
37 silly audit   'own-keys': [ '1.0.1' ],
37 silly audit   'p-limit': [ '3.1.0' ],
37 silly audit   'p-locate': [ '5.0.0' ],
37 silly audit   'parent-module': [ '1.0.1' ],
37 silly audit   'path-exists': [ '4.0.0' ],
37 silly audit   'path-is-absolute': [ '1.0.1' ],
37 silly audit   'path-key': [ '3.1.1' ],
37 silly audit   'path-parse': [ '1.0.7' ],
37 silly audit   picocolors: [ '1.0.0' ],
37 silly audit   picomatch: [ '2.3.1' ],
37 silly audit   pify: [ '2.3.0' ],
37 silly audit   pirates: [ '4.0.6' ],
37 silly audit   'possible-typed-array-names': [ '1.0.0' ],
37 silly audit   'postcss-import': [ '15.1.0' ],
37 silly audit   'postcss-js': [ '4.0.1' ],
37 silly audit   'postcss-load-config': [ '4.0.2' ],
37 silly audit   'postcss-nested': [ '6.0.1' ],
37 silly audit   'postcss-selector-parser': [ '6.0.13' ],
37 silly audit   'postcss-value-parser': [ '4.2.0' ],
37 silly audit   'prelude-ls': [ '1.2.1' ],
37 silly audit   'prop-types': [ '15.8.1' ],
37 silly audit   punycode: [ '2.3.1' ],
37 silly audit   'queue-microtask': [ '1.2.3' ],
37 silly audit   react: [ '19.0.0' ],
37 silly audit   'react-dom': [ '19.0.0' ],
37 silly audit   'react-is': [ '16.13.1' ],
37 silly audit   'read-cache': [ '1.0.0' ],
37 silly audit   readdirp: [ '3.6.0' ],
37 silly audit   'reflect.getprototypeof': [ '1.0.10' ],
37 silly audit   'regexp.prototype.flags': [ '1.5.4' ],
37 silly audit   'resolve-from': [ '4.0.0' ],
37 silly audit   'resolve-pkg-maps': [ '1.0.0' ],
37 silly audit   reusify: [ '1.0.4' ],
37 silly audit   rimraf: [ '3.0.2' ],
37 silly audit   'run-parallel': [ '1.2.0' ],
37 silly audit   'safe-array-concat': [ '1.1.3' ],
37 silly audit   'safe-push-apply': [ '1.0.0' ],
37 silly audit   'safe-regex-test': [ '1.1.0' ],
37 silly audit   scheduler: [ '0.25.0' ],
37 silly audit   'set-function-length': [ '1.2.2' ],
37 silly audit   'set-function-name': [ '2.0.2' ],
37 silly audit   'set-proto': [ '1.0.0' ],
37 silly audit   sharp: [ '0.33.5' ],
37 silly audit   'shebang-command': [ '2.0.0' ],
37 silly audit   'shebang-regex': [ '3.0.0' ],
37 silly audit   'side-channel': [ '1.1.0' ],
37 silly audit   'side-channel-list': [ '1.0.0' ],
37 silly audit   'side-channel-map': [ '1.0.1' ],
37 silly audit   'side-channel-weakmap': [ '1.0.2' ],
37 silly audit   'simple-swizzle': [ '0.2.2' ],
37 silly audit   'source-map-js': [ '1.0.2' ],
37 silly audit   streamsearch: [ '1.1.0' ],
37 silly audit   'string.prototype.includes': [ '2.0.1' ],
37 silly audit   'string.prototype.matchall': [ '4.0.12' ],
37 silly audit   'string.prototype.repeat': [ '1.0.0' ],
37 silly audit   'string.prototype.trim': [ '1.2.10' ],
37 silly audit   'string.prototype.trimend': [ '1.0.9' ],
37 silly audit   'string.prototype.trimstart': [ '1.0.8' ],
37 silly audit   'strip-ansi': [ '6.0.1' ],
37 silly audit   'strip-bom': [ '3.0.0' ],
37 silly audit   'strip-json-comments': [ '3.1.1' ],
37 silly audit   'styled-jsx': [ '5.1.6' ],
37 silly audit   sucrase: [ '3.34.0' ],
37 silly audit   'supports-color': [ '7.2.0' ],
37 silly audit   'supports-preserve-symlinks-flag': [ '1.0.0' ],
37 silly audit   tailwindcss: [ '3.3.6' ],
37 silly audit   tapable: [ '2.2.1' ],
37 silly audit   'text-table': [ '0.2.0' ],
37 silly audit   thenify: [ '3.3.1' ],
37 silly audit   'thenify-all': [ '1.6.0' ],
37 silly audit   'to-regex-range': [ '5.0.1' ],
37 silly audit   'ts-api-utils': [ '1.4.3' ],
37 silly audit   'ts-interface-checker': [ '0.1.13' ],
37 silly audit   'tsconfig-paths': [ '3.15.0' ],
37 silly audit   tslib: [ '2.8.1' ],
37 silly audit   'type-check': [ '0.4.0' ],
37 silly audit   'type-fest': [ '0.20.2' ],
37 silly audit   'typed-array-buffer': [ '1.0.3' ],
37 silly audit   'typed-array-byte-length': [ '1.0.3' ],
37 silly audit   'typed-array-byte-offset': [ '1.0.4' ],
37 silly audit   'typed-array-length': [ '1.0.7' ],
37 silly audit   typescript: [ '5.3.2' ],
37 silly audit   'unbox-primitive': [ '1.1.0' ],
37 silly audit   'undici-types': [ '6.21.0' ],
37 silly audit   'update-browserslist-db': [ '1.0.13' ],
37 silly audit   'uri-js': [ '4.4.1' ],
37 silly audit   'util-deprecate': [ '1.0.2' ],
37 silly audit   uuid: [ '11.1.0' ],
37 silly audit   which: [ '2.0.2' ],
37 silly audit   'which-boxed-primitive': [ '1.1.1' ],
37 silly audit   'which-builtin-type': [ '1.2.1' ],
37 silly audit   'which-collection': [ '1.0.2' ],
37 silly audit   'which-typed-array': [ '1.1.18' ],
37 silly audit   wrappy: [ '1.0.2' ],
37 silly audit   yaml: [ '2.3.4' ],
37 silly audit   'yocto-queue': [ '0.1.0' ],
37 silly audit   'lucide-react': [ '0.487.0' ]
37 silly audit }
38 verbose reify failed optional dependency C:\Users\yuya2\tech0\STEP3-2\zukiraku_frontend\node_modules\fsevents
39 silly reify mark deleted [
39 silly reify   'C:\\Users\\yuya2\\tech0\\STEP3-2\\zukiraku_frontend\\node_modules\\fsevents'
39 silly reify ]
40 verbose reify failed optional dependency C:\Users\yuya2\tech0\STEP3-2\zukiraku_frontend\node_modules\@next\swc-win32-arm64-msvc
41 silly reify mark deleted [
41 silly reify   'C:\\Users\\yuya2\\tech0\\STEP3-2\\zukiraku_frontend\\node_modules\\@next\\swc-win32-arm64-msvc'
41 silly reify ]
42 verbose reify failed optional dependency C:\Users\yuya2\tech0\STEP3-2\zukiraku_frontend\node_modules\@next\swc-linux-x64-musl
43 silly reify mark deleted [
43 silly reify   'C:\\Users\\yuya2\\tech0\\STEP3-2\\zukiraku_frontend\\node_modules\\@next\\swc-linux-x64-musl'
43 silly reify ]
44 verbose reify failed optional dependency C:\Users\yuya2\tech0\STEP3-2\zukiraku_frontend\node_modules\@next\swc-linux-x64-gnu
45 silly reify mark deleted [
45 silly reify   'C:\\Users\\yuya2\\tech0\\STEP3-2\\zukiraku_frontend\\node_modules\\@next\\swc-linux-x64-gnu'
45 silly reify ]
46 verbose reify failed optional dependency C:\Users\yuya2\tech0\STEP3-2\zukiraku_frontend\node_modules\@next\swc-linux-arm64-musl
47 silly reify mark deleted [
47 silly reify   'C:\\Users\\yuya2\\tech0\\STEP3-2\\zukiraku_frontend\\node_modules\\@next\\swc-linux-arm64-musl'
47 silly reify ]
48 verbose reify failed optional dependency C:\Users\yuya2\tech0\STEP3-2\zukiraku_frontend\node_modules\@next\swc-linux-arm64-gnu
49 silly reify mark deleted [
49 silly reify   'C:\\Users\\yuya2\\tech0\\STEP3-2\\zukiraku_frontend\\node_modules\\@next\\swc-linux-arm64-gnu'
49 silly reify ]
50 verbose reify failed optional dependency C:\Users\yuya2\tech0\STEP3-2\zukiraku_frontend\node_modules\@next\swc-darwin-x64
51 silly reify mark deleted [
51 silly reify   'C:\\Users\\yuya2\\tech0\\STEP3-2\\zukiraku_frontend\\node_modules\\@next\\swc-darwin-x64'
51 silly reify ]
52 verbose reify failed optional dependency C:\Users\yuya2\tech0\STEP3-2\zukiraku_frontend\node_modules\@next\swc-darwin-arm64
53 silly reify mark deleted [
53 silly reify   'C:\\Users\\yuya2\\tech0\\STEP3-2\\zukiraku_frontend\\node_modules\\@next\\swc-darwin-arm64'
53 silly reify ]
54 verbose reify failed optional dependency C:\Users\yuya2\tech0\STEP3-2\zukiraku_frontend\node_modules\@img\sharp-win32-ia32
55 silly reify mark deleted [
55 silly reify   'C:\\Users\\yuya2\\tech0\\STEP3-2\\zukiraku_frontend\\node_modules\\@img\\sharp-win32-ia32'
55 silly reify ]
56 verbose reify failed optional dependency C:\Users\yuya2\tech0\STEP3-2\zukiraku_frontend\node_modules\@img\sharp-wasm32
57 silly reify mark deleted [
57 silly reify   'C:\\Users\\yuya2\\tech0\\STEP3-2\\zukiraku_frontend\\node_modules\\@img\\sharp-wasm32'
57 silly reify ]
58 verbose reify failed optional dependency C:\Users\yuya2\tech0\STEP3-2\zukiraku_frontend\node_modules\@emnapi\runtime
59 silly reify mark deleted [
59 silly reify   'C:\\Users\\yuya2\\tech0\\STEP3-2\\zukiraku_frontend\\node_modules\\@emnapi\\runtime'
59 silly reify ]
60 verbose reify failed optional dependency C:\Users\yuya2\tech0\STEP3-2\zukiraku_frontend\node_modules\@img\sharp-linuxmusl-x64
61 silly reify mark deleted [
61 silly reify   'C:\\Users\\yuya2\\tech0\\STEP3-2\\zukiraku_frontend\\node_modules\\@img\\sharp-linuxmusl-x64'
61 silly reify ]
62 verbose reify failed optional dependency C:\Users\yuya2\tech0\STEP3-2\zukiraku_frontend\node_modules\@img\sharp-linuxmusl-arm64
63 silly reify mark deleted [
63 silly reify   'C:\\Users\\yuya2\\tech0\\STEP3-2\\zukiraku_frontend\\node_modules\\@img\\sharp-linuxmusl-arm64'
63 silly reify ]
64 verbose reify failed optional dependency C:\Users\yuya2\tech0\STEP3-2\zukiraku_frontend\node_modules\@img\sharp-linux-x64
65 silly reify mark deleted [
65 silly reify   'C:\\Users\\yuya2\\tech0\\STEP3-2\\zukiraku_frontend\\node_modules\\@img\\sharp-linux-x64'
65 silly reify ]
66 verbose reify failed optional dependency C:\Users\yuya2\tech0\STEP3-2\zukiraku_frontend\node_modules\@img\sharp-linux-s390x
67 silly reify mark deleted [
67 silly reify   'C:\\Users\\yuya2\\tech0\\STEP3-2\\zukiraku_frontend\\node_modules\\@img\\sharp-linux-s390x'
67 silly reify ]
68 verbose reify failed optional dependency C:\Users\yuya2\tech0\STEP3-2\zukiraku_frontend\node_modules\@img\sharp-linux-arm64
69 silly reify mark deleted [
69 silly reify   'C:\\Users\\yuya2\\tech0\\STEP3-2\\zukiraku_frontend\\node_modules\\@img\\sharp-linux-arm64'
69 silly reify ]
70 verbose reify failed optional dependency C:\Users\yuya2\tech0\STEP3-2\zukiraku_frontend\node_modules\@img\sharp-linux-arm
71 silly reify mark deleted [
71 silly reify   'C:\\Users\\yuya2\\tech0\\STEP3-2\\zukiraku_frontend\\node_modules\\@img\\sharp-linux-arm'
71 silly reify ]
72 verbose reify failed optional dependency C:\Users\yuya2\tech0\STEP3-2\zukiraku_frontend\node_modules\@img\sharp-libvips-linuxmusl-x64
73 silly reify mark deleted [
73 silly reify   'C:\\Users\\yuya2\\tech0\\STEP3-2\\zukiraku_frontend\\node_modules\\@img\\sharp-libvips-linuxmusl-x64'
73 silly reify ]
74 verbose reify failed optional dependency C:\Users\yuya2\tech0\STEP3-2\zukiraku_frontend\node_modules\@img\sharp-libvips-linuxmusl-arm64
75 silly reify mark deleted [
75 silly reify   'C:\\Users\\yuya2\\tech0\\STEP3-2\\zukiraku_frontend\\node_modules\\@img\\sharp-libvips-linuxmusl-arm64'
75 silly reify ]
76 verbose reify failed optional dependency C:\Users\yuya2\tech0\STEP3-2\zukiraku_frontend\node_modules\@img\sharp-libvips-linux-x64
77 silly reify mark deleted [
77 silly reify   'C:\\Users\\yuya2\\tech0\\STEP3-2\\zukiraku_frontend\\node_modules\\@img\\sharp-libvips-linux-x64'
77 silly reify ]
78 verbose reify failed optional dependency C:\Users\yuya2\tech0\STEP3-2\zukiraku_frontend\node_modules\@img\sharp-libvips-linux-s390x
79 silly reify mark deleted [
79 silly reify   'C:\\Users\\yuya2\\tech0\\STEP3-2\\zukiraku_frontend\\node_modules\\@img\\sharp-libvips-linux-s390x'
79 silly reify ]
80 verbose reify failed optional dependency C:\Users\yuya2\tech0\STEP3-2\zukiraku_frontend\node_modules\@img\sharp-libvips-linux-arm64
81 silly reify mark deleted [
81 silly reify   'C:\\Users\\yuya2\\tech0\\STEP3-2\\zukiraku_frontend\\node_modules\\@img\\sharp-libvips-linux-arm64'
81 silly reify ]
82 verbose reify failed optional dependency C:\Users\yuya2\tech0\STEP3-2\zukiraku_frontend\node_modules\@img\sharp-libvips-linux-arm
83 silly reify mark deleted [
83 silly reify   'C:\\Users\\yuya2\\tech0\\STEP3-2\\zukiraku_frontend\\node_modules\\@img\\sharp-libvips-linux-arm'
83 silly reify ]
84 verbose reify failed optional dependency C:\Users\yuya2\tech0\STEP3-2\zukiraku_frontend\node_modules\@img\sharp-libvips-darwin-x64
85 silly reify mark deleted [
85 silly reify   'C:\\Users\\yuya2\\tech0\\STEP3-2\\zukiraku_frontend\\node_modules\\@img\\sharp-libvips-darwin-x64'
85 silly reify ]
86 verbose reify failed optional dependency C:\Users\yuya2\tech0\STEP3-2\zukiraku_frontend\node_modules\@img\sharp-libvips-darwin-arm64
87 silly reify mark deleted [
87 silly reify   'C:\\Users\\yuya2\\tech0\\STEP3-2\\zukiraku_frontend\\node_modules\\@img\\sharp-libvips-darwin-arm64'
87 silly reify ]
88 verbose reify failed optional dependency C:\Users\yuya2\tech0\STEP3-2\zukiraku_frontend\node_modules\@img\sharp-darwin-x64
89 silly reify mark deleted [
89 silly reify   'C:\\Users\\yuya2\\tech0\\STEP3-2\\zukiraku_frontend\\node_modules\\@img\\sharp-darwin-x64'
89 silly reify ]
90 verbose reify failed optional dependency C:\Users\yuya2\tech0\STEP3-2\zukiraku_frontend\node_modules\@img\sharp-darwin-arm64
91 silly reify mark deleted [
91 silly reify   'C:\\Users\\yuya2\\tech0\\STEP3-2\\zukiraku_frontend\\node_modules\\@img\\sharp-darwin-arm64'
91 silly reify ]
92 http cache lucide-react@https://registry.npmjs.org/lucide-react/-/lucide-react-0.487.0.tgz 0ms (cache hit)
93 http cache @emnapi/runtime@https://registry.npmjs.org/@emnapi/runtime/-/runtime-1.3.1.tgz 0ms (cache hit)
94 silly tarball no local data for lucide-react@https://registry.npmjs.org/lucide-react/-/lucide-react-0.487.0.tgz. Extracting by manifest.
95 http fetch POST 200 https://registry.npmjs.org/-/npm/v1/security/advisories/bulk 180ms
96 silly audit report {
96 silly audit report   braces: [
96 silly audit report     {
96 silly audit report       id: 1098094,
96 silly audit report       url: 'https://github.com/advisories/GHSA-grv7-fg5c-xmjg',
96 silly audit report       title: 'Uncontrolled resource consumption in braces',
96 silly audit report       severity: 'high',
96 silly audit report       vulnerable_versions: '<3.0.3',
96 silly audit report       cwe: [Array],
96 silly audit report       cvss: [Object]
96 silly audit report     }
96 silly audit report   ],
96 silly audit report   'cross-spawn': [
96 silly audit report     {
96 silly audit report       id: 1100563,
96 silly audit report       url: 'https://github.com/advisories/GHSA-3xgq-45jj-v275',
96 silly audit report       title: 'Regular Expression Denial of Service (ReDoS) in cross-spawn',
96 silly audit report       severity: 'high',
96 silly audit report       vulnerable_versions: '>=7.0.0 <7.0.5',
96 silly audit report       cwe: [Array],
96 silly audit report       cvss: [Object]
96 silly audit report     }
96 silly audit report   ],
96 silly audit report   micromatch: [
96 silly audit report     {
96 silly audit report       id: 1098681,
96 silly audit report       url: 'https://github.com/advisories/GHSA-952p-6rrq-rcjv',
96 silly audit report       title: 'Regular Expression Denial of Service (ReDoS) in micromatch',
96 silly audit report       severity: 'moderate',
96 silly audit report       vulnerable_versions: '<4.0.8',
96 silly audit report       cwe: [Array],
96 silly audit report       cvss: [Object]
96 silly audit report     }
96 silly audit report   ],
96 silly audit report   nanoid: [
96 silly audit report     {
96 silly audit report       id: 1101163,
96 silly audit report       url: 'https://github.com/advisories/GHSA-mwcw-c2x4-8c55',
96 silly audit report       title: 'Predictable results in nanoid generation when given non-integer values',
96 silly audit report       severity: 'moderate',
96 silly audit report       vulnerable_versions: '<3.3.8',
96 silly audit report       cwe: [Array],
96 silly audit report       cvss: [Object]
96 silly audit report     }
96 silly audit report   ],
96 silly audit report   next: [
96 silly audit report     {
96 silly audit report       id: 1103621,
96 silly audit report       url: 'https://github.com/advisories/GHSA-f82v-jwr5-mffw',
96 silly audit report       title: 'Authorization Bypass in Next.js Middleware',
96 silly audit report       severity: 'critical',
96 silly audit report       vulnerable_versions: '>=15.0.0 <15.2.3',
96 silly audit report       cwe: [Array],
96 silly audit report       cvss: [Object]
96 silly audit report     }
96 silly audit report   ]
96 silly audit report }
97 silly packumentCache corgi:https://registry.npmjs.org/braces cache-miss
98 silly packumentCache corgi:https://registry.npmjs.org/cross-spawn cache-miss
99 silly packumentCache corgi:https://registry.npmjs.org/micromatch cache-miss
100 silly packumentCache corgi:https://registry.npmjs.org/nanoid cache-miss
101 silly packumentCache corgi:https://registry.npmjs.org/next cache-miss
102 http fetch GET 200 https://registry.npmjs.org/cross-spawn 36ms (cache updated)
103 silly packumentCache corgi:https://registry.npmjs.org/cross-spawn set size:undefined disposed:false
104 http fetch GET 200 https://registry.npmjs.org/braces 55ms (cache updated)
105 silly packumentCache corgi:https://registry.npmjs.org/braces set size:undefined disposed:false
106 http fetch GET 200 https://registry.npmjs.org/micromatch 76ms (cache updated)
107 silly packumentCache corgi:https://registry.npmjs.org/micromatch set size:undefined disposed:false
108 http fetch GET 200 https://registry.npmjs.org/nanoid 86ms (cache updated)
109 silly packumentCache corgi:https://registry.npmjs.org/nanoid set size:undefined disposed:false
110 http fetch GET 200 https://registry.npmjs.org/next 284ms (cache updated)
111 silly packumentCache corgi:https://registry.npmjs.org/next set size:undefined disposed:false
112 silly packumentCache corgi:https://registry.npmjs.org/chokidar cache-miss
113 http fetch GET 200 https://registry.npmjs.org/chokidar 30ms (cache updated)
114 silly packumentCache corgi:https://registry.npmjs.org/chokidar set size:undefined disposed:false
115 silly packumentCache corgi:https://registry.npmjs.org/eslint cache-miss
116 http fetch GET 200 https://registry.npmjs.org/eslint 50ms (cache updated)
117 silly packumentCache corgi:https://registry.npmjs.org/eslint set size:undefined disposed:false
118 silly packumentCache corgi:https://registry.npmjs.org/fast-glob cache-miss
119 silly packumentCache corgi:https://registry.npmjs.org/tailwindcss cache-miss
120 http fetch GET 200 https://registry.npmjs.org/fast-glob 38ms (cache updated)
121 silly packumentCache corgi:https://registry.npmjs.org/fast-glob set size:undefined disposed:false
122 http fetch GET 200 https://registry.npmjs.org/tailwindcss 109ms (cache updated)
123 silly packumentCache corgi:https://registry.npmjs.org/tailwindcss set size:undefined disposed:false
124 silly packumentCache corgi:https://registry.npmjs.org/postcss cache-miss
125 http fetch GET 200 https://registry.npmjs.org/postcss 38ms (cache updated)
126 silly packumentCache corgi:https://registry.npmjs.org/postcss set size:undefined disposed:false
127 http fetch GET 200 https://registry.npmjs.org/lucide-react/-/lucide-react-0.487.0.tgz 3037ms (cache miss)
128 silly ADD node_modules/lucide-react
129 silly ADD
130 silly ADD
131 silly ADD
132 silly ADD
133 silly ADD
134 silly ADD
135 silly ADD
136 silly ADD
137 silly ADD
138 silly ADD
139 silly ADD
140 silly ADD
141 silly ADD
142 silly ADD
143 silly ADD
144 silly ADD
145 silly ADD
146 silly ADD
147 silly ADD
148 silly ADD
149 silly ADD
150 silly ADD
151 silly ADD
152 silly ADD
153 silly ADD
154 silly ADD
155 silly ADD
156 verbose cwd C:\Users\yuya2\tech0\STEP3-2\zukiraku_frontend
157 verbose os Windows_NT 10.0.26100
158 verbose node v22.13.0
159 verbose npm  v10.9.2
160 verbose exit 0
161 info ok
